{"@timestamp":"2024-04-30T12:29:48.909Z","log":{"level":"information"},"message":"A user account was changed.\n\nSubject:\n\tSecurity ID:\t\tS-1-5-18\n\tAccount Name:\t\tDESKTOP-US822G0$\n\tAccount Domain:\t\tWORKGROUP\n\tLogon ID:\t\t0x3E7\n\nTarget Account:\n\tSecurity ID:\t\tS-1-5-21-501294470-55741505-66034297-1001\n\tAccount Name:\t\tMadhav H\n\tAccount Domain:\t\tDESKTOP-US822G0\n\nChanged Attributes:\n\tSAM Account Name:\t-\n\tDisplay Name:\t\tMadhav Harikumar\n\tUser Principal Name:\t-\n\tHome Directory:\t\t-\n\tHome Drive:\t\t-\n\tScript Path:\t\t-\n\tProfile Path:\t\t-\n\tUser Workstations:\t-\n\tPassword Last Set:\t-\n\tAccount Expires:\t\t-\n\tPrimary Group ID:\t-\n\tAllowedToDelegateTo:\t-\n\tOld UAC Value:\t\t-\n\tNew UAC Value:\t\t-\n\tUser Account Control:\t-\n\tUser Parameters:\t-\n\tSID History:\t\t-\n\tLogon Hours:\t\t-\n\nAdditional Information:\n\tPrivileges:\t\t-","ecs":{"version":"8.0.0"},"event":{"code":"4738","provider":"Microsoft-Windows-Security-Auditing","kind":"event","created":"2024-05-02T04:28:24.561Z","action":"User Account Management","outcome":"success"},"name":"DESKTOP-US822G0","id":"47c6da14-cd88-47c0-b99b-9096a7bde971","type":"winlogbeat","event_id":"4738","hostname":"desktop-us822g0"}
{"@timestamp":"2024-04-30T12:29:49.058Z","log":{"level":"information"},"message":"A user account was changed.\n\nSubject:\n\tSecurity ID:\t\tS-1-5-18\n\tAccount Name:\t\tDESKTOP-US822G0$\n\tAccount Domain:\t\tWORKGROUP\n\tLogon ID:\t\t0x3E7\n\nTarget Account:\n\tSecurity ID:\t\tS-1-5-21-501294470-55741505-66034297-1001\n\tAccount Name:\t\tMadhav H\n\tAccount Domain:\t\tDESKTOP-US822G0\n\nChanged Attributes:\n\tSAM Account Name:\t-\n\tDisplay Name:\t\tMadhav Harikumar\n\tUser Principal Name:\t-\n\tHome Directory:\t\t-\n\tHome Drive:\t\t-\n\tScript Path:\t\t-\n\tProfile Path:\t\t-\n\tUser Workstations:\t-\n\tPassword Last Set:\t-\n\tAccount Expires:\t\t-\n\tPrimary Group ID:\t-\n\tAllowedToDelegateTo:\t-\n\tOld UAC Value:\t\t-\n\tNew UAC Value:\t\t-\n\tUser Account Control:\t-\n\tUser Parameters:\t-\n\tSID History:\t\t-\n\tLogon Hours:\t\t-\n\nAdditional Information:\n\tPrivileges:\t\t-","ecs":{"version":"8.0.0"},"event":{"code":"4738","provider":"Microsoft-Windows-Security-Auditing","kind":"event","created":"2024-05-02T04:28:24.561Z","action":"User Account Management","outcome":"success"},"name":"DESKTOP-US822G0","id":"47c6da14-cd88-47c0-b99b-9096a7bde971","type":"winlogbeat","event_id":"4738","hostname":"desktop-us822g0"}
{"@timestamp":"2024-04-30T12:52:41.148Z","log":{"level":"information"},"message":"A user account was changed.\n\nSubject:\n\tSecurity ID:\t\tS-1-5-18\n\tAccount Name:\t\tDESKTOP-US822G0$\n\tAccount Domain:\t\tWORKGROUP\n\tLogon ID:\t\t0x3E7\n\nTarget Account:\n\tSecurity ID:\t\tS-1-5-21-501294470-55741505-66034297-1001\n\tAccount Name:\t\tMadhav H\n\tAccount Domain:\t\tDESKTOP-US822G0\n\nChanged Attributes:\n\tSAM Account Name:\t-\n\tDisplay Name:\t\tMadhav Harikumar\n\tUser Principal Name:\t-\n\tHome Directory:\t\t-\n\tHome Drive:\t\t-\n\tScript Path:\t\t-\n\tProfile Path:\t\t-\n\tUser Workstations:\t-\n\tPassword Last Set:\t-\n\tAccount Expires:\t\t-\n\tPrimary Group ID:\t-\n\tAllowedToDelegateTo:\t-\n\tOld UAC Value:\t\t-\n\tNew UAC Value:\t\t-\n\tUser Account Control:\t-\n\tUser Parameters:\t-\n\tSID History:\t\t-\n\tLogon Hours:\t\t-\n\nAdditional Information:\n\tPrivileges:\t\t-","ecs":{"version":"8.0.0"},"event":{"code":"4738","provider":"Microsoft-Windows-Security-Auditing","kind":"event","created":"2024-05-02T04:28:24.911Z","action":"User Account Management","outcome":"success"},"name":"DESKTOP-US822G0","id":"47c6da14-cd88-47c0-b99b-9096a7bde971","type":"winlogbeat","event_id":"4738","hostname":"desktop-us822g0"}
{"@timestamp":"2024-04-30T12:52:41.265Z","log":{"level":"information"},"message":"A user account was changed.\n\nSubject:\n\tSecurity ID:\t\tS-1-5-18\n\tAccount Name:\t\tDESKTOP-US822G0$\n\tAccount Domain:\t\tWORKGROUP\n\tLogon ID:\t\t0x3E7\n\nTarget Account:\n\tSecurity ID:\t\tS-1-5-21-501294470-55741505-66034297-1001\n\tAccount Name:\t\tMadhav H\n\tAccount Domain:\t\tDESKTOP-US822G0\n\nChanged Attributes:\n\tSAM Account Name:\t-\n\tDisplay Name:\t\tMadhav Harikumar\n\tUser Principal Name:\t-\n\tHome Directory:\t\t-\n\tHome Drive:\t\t-\n\tScript Path:\t\t-\n\tProfile Path:\t\t-\n\tUser Workstations:\t-\n\tPassword Last Set:\t-\n\tAccount Expires:\t\t-\n\tPrimary Group ID:\t-\n\tAllowedToDelegateTo:\t-\n\tOld UAC Value:\t\t-\n\tNew UAC Value:\t\t-\n\tUser Account Control:\t-\n\tUser Parameters:\t-\n\tSID History:\t\t-\n\tLogon Hours:\t\t-\n\nAdditional Information:\n\tPrivileges:\t\t-","ecs":{"version":"8.0.0"},"event":{"code":"4738","provider":"Microsoft-Windows-Security-Auditing","created":"2024-05-02T04:28:24.912Z","kind":"event","action":"User Account Management","outcome":"success"},"name":"DESKTOP-US822G0","id":"47c6da14-cd88-47c0-b99b-9096a7bde971","type":"winlogbeat","event_id":"4738","hostname":"desktop-us822g0"}
{"@timestamp":"2024-04-30T14:27:11.523Z","log":{"level":"information"},"message":"A user account was changed.\n\nSubject:\n\tSecurity ID:\t\tS-1-5-18\n\tAccount Name:\t\tDESKTOP-US822G0$\n\tAccount Domain:\t\tWORKGROUP\n\tLogon ID:\t\t0x3E7\n\nTarget Account:\n\tSecurity ID:\t\tS-1-5-21-501294470-55741505-66034297-1001\n\tAccount Name:\t\tMadhav H\n\tAccount Domain:\t\tDESKTOP-US822G0\n\nChanged Attributes:\n\tSAM Account Name:\t-\n\tDisplay Name:\t\tMadhav Harikumar\n\tUser Principal Name:\t-\n\tHome Directory:\t\t-\n\tHome Drive:\t\t-\n\tScript Path:\t\t-\n\tProfile Path:\t\t-\n\tUser Workstations:\t-\n\tPassword Last Set:\t-\n\tAccount Expires:\t\t-\n\tPrimary Group ID:\t-\n\tAllowedToDelegateTo:\t-\n\tOld UAC Value:\t\t-\n\tNew UAC Value:\t\t-\n\tUser Account Control:\t-\n\tUser Parameters:\t-\n\tSID History:\t\t-\n\tLogon Hours:\t\t-\n\nAdditional Information:\n\tPrivileges:\t\t-","ecs":{"version":"8.0.0"},"event":{"code":"4738","provider":"Microsoft-Windows-Security-Auditing","created":"2024-05-02T04:28:27.344Z","kind":"event","action":"User Account Management","outcome":"success"},"name":"DESKTOP-US822G0","id":"47c6da14-cd88-47c0-b99b-9096a7bde971","type":"winlogbeat","event_id":"4738","hostname":"desktop-us822g0"}
{"@timestamp":"2024-04-30T14:27:11.642Z","log":{"level":"information"},"message":"A user account was changed.\n\nSubject:\n\tSecurity ID:\t\tS-1-5-18\n\tAccount Name:\t\tDESKTOP-US822G0$\n\tAccount Domain:\t\tWORKGROUP\n\tLogon ID:\t\t0x3E7\n\nTarget Account:\n\tSecurity ID:\t\tS-1-5-21-501294470-55741505-66034297-1001\n\tAccount Name:\t\tMadhav H\n\tAccount Domain:\t\tDESKTOP-US822G0\n\nChanged Attributes:\n\tSAM Account Name:\t-\n\tDisplay Name:\t\tMadhav Harikumar\n\tUser Principal Name:\t-\n\tHome Directory:\t\t-\n\tHome Drive:\t\t-\n\tScript Path:\t\t-\n\tProfile Path:\t\t-\n\tUser Workstations:\t-\n\tPassword Last Set:\t-\n\tAccount Expires:\t\t-\n\tPrimary Group ID:\t-\n\tAllowedToDelegateTo:\t-\n\tOld UAC Value:\t\t-\n\tNew UAC Value:\t\t-\n\tUser Account Control:\t-\n\tUser Parameters:\t-\n\tSID History:\t\t-\n\tLogon Hours:\t\t-\n\nAdditional Information:\n\tPrivileges:\t\t-","ecs":{"version":"8.0.0"},"event":{"code":"4738","provider":"Microsoft-Windows-Security-Auditing","created":"2024-05-02T04:28:27.344Z","kind":"event","action":"User Account Management","outcome":"success"},"name":"DESKTOP-US822G0","id":"47c6da14-cd88-47c0-b99b-9096a7bde971","type":"winlogbeat","event_id":"4738","hostname":"desktop-us822g0"}
{"@timestamp":"2024-04-30T14:30:51.933Z","log":{"level":"information"},"message":"A user account was changed.\n\nSubject:\n\tSecurity ID:\t\tS-1-5-18\n\tAccount Name:\t\tDESKTOP-US822G0$\n\tAccount Domain:\t\tWORKGROUP\n\tLogon ID:\t\t0x3E7\n\nTarget Account:\n\tSecurity ID:\t\tS-1-5-21-501294470-55741505-66034297-1001\n\tAccount Name:\t\tMadhav H\n\tAccount Domain:\t\tDESKTOP-US822G0\n\nChanged Attributes:\n\tSAM Account Name:\t-\n\tDisplay Name:\t\tMadhav Harikumar\n\tUser Principal Name:\t-\n\tHome Directory:\t\t-\n\tHome Drive:\t\t-\n\tScript Path:\t\t-\n\tProfile Path:\t\t-\n\tUser Workstations:\t-\n\tPassword Last Set:\t-\n\tAccount Expires:\t\t-\n\tPrimary Group ID:\t-\n\tAllowedToDelegateTo:\t-\n\tOld UAC Value:\t\t-\n\tNew UAC Value:\t\t-\n\tUser Account Control:\t-\n\tUser Parameters:\t-\n\tSID History:\t\t-\n\tLogon Hours:\t\t-\n\nAdditional Information:\n\tPrivileges:\t\t-","ecs":{"version":"8.0.0"},"event":{"code":"4738","provider":"Microsoft-Windows-Security-Auditing","created":"2024-05-02T04:28:27.345Z","kind":"event","action":"User Account Management","outcome":"success"},"name":"DESKTOP-US822G0","id":"47c6da14-cd88-47c0-b99b-9096a7bde971","type":"winlogbeat","event_id":"4738","hostname":"desktop-us822g0"}
{"@timestamp":"2024-04-30T14:30:52.061Z","log":{"level":"information"},"message":"A user account was changed.\n\nSubject:\n\tSecurity ID:\t\tS-1-5-18\n\tAccount Name:\t\tDESKTOP-US822G0$\n\tAccount Domain:\t\tWORKGROUP\n\tLogon ID:\t\t0x3E7\n\nTarget Account:\n\tSecurity ID:\t\tS-1-5-21-501294470-55741505-66034297-1001\n\tAccount Name:\t\tMadhav H\n\tAccount Domain:\t\tDESKTOP-US822G0\n\nChanged Attributes:\n\tSAM Account Name:\t-\n\tDisplay Name:\t\tMadhav Harikumar\n\tUser Principal Name:\t-\n\tHome Directory:\t\t-\n\tHome Drive:\t\t-\n\tScript Path:\t\t-\n\tProfile Path:\t\t-\n\tUser Workstations:\t-\n\tPassword Last Set:\t-\n\tAccount Expires:\t\t-\n\tPrimary Group ID:\t-\n\tAllowedToDelegateTo:\t-\n\tOld UAC Value:\t\t-\n\tNew UAC Value:\t\t-\n\tUser Account Control:\t-\n\tUser Parameters:\t-\n\tSID History:\t\t-\n\tLogon Hours:\t\t-\n\nAdditional Information:\n\tPrivileges:\t\t-","ecs":{"version":"8.0.0"},"event":{"code":"4738","provider":"Microsoft-Windows-Security-Auditing","kind":"event","created":"2024-05-02T04:28:27.346Z","action":"User Account Management","outcome":"success"},"name":"DESKTOP-US822G0","id":"47c6da14-cd88-47c0-b99b-9096a7bde971","type":"winlogbeat","event_id":"4738","hostname":"desktop-us822g0"}
{"@timestamp":"2024-04-30T14:35:25.050Z","log":{"level":"information"},"message":"A user account was changed.\n\nSubject:\n\tSecurity ID:\t\tS-1-5-18\n\tAccount Name:\t\tDESKTOP-US822G0$\n\tAccount Domain:\t\tWORKGROUP\n\tLogon ID:\t\t0x3E7\n\nTarget Account:\n\tSecurity ID:\t\tS-1-5-21-501294470-55741505-66034297-1001\n\tAccount Name:\t\tMadhav H\n\tAccount Domain:\t\tDESKTOP-US822G0\n\nChanged Attributes:\n\tSAM Account Name:\t-\n\tDisplay Name:\t\tMadhav Harikumar\n\tUser Principal Name:\t-\n\tHome Directory:\t\t-\n\tHome Drive:\t\t-\n\tScript Path:\t\t-\n\tProfile Path:\t\t-\n\tUser Workstations:\t-\n\tPassword Last Set:\t-\n\tAccount Expires:\t\t-\n\tPrimary Group ID:\t-\n\tAllowedToDelegateTo:\t-\n\tOld UAC Value:\t\t-\n\tNew UAC Value:\t\t-\n\tUser Account Control:\t-\n\tUser Parameters:\t-\n\tSID History:\t\t-\n\tLogon Hours:\t\t-\n\nAdditional Information:\n\tPrivileges:\t\t-","ecs":{"version":"8.0.0"},"event":{"code":"4738","provider":"Microsoft-Windows-Security-Auditing","kind":"event","created":"2024-05-02T04:28:27.923Z","action":"User Account Management","outcome":"success"},"name":"DESKTOP-US822G0","id":"47c6da14-cd88-47c0-b99b-9096a7bde971","type":"winlogbeat","event_id":"4738","hostname":"desktop-us822g0"}
{"@timestamp":"2024-04-30T14:35:25.283Z","log":{"level":"information"},"message":"A user account was changed.\n\nSubject:\n\tSecurity ID:\t\tS-1-5-18\n\tAccount Name:\t\tDESKTOP-US822G0$\n\tAccount Domain:\t\tWORKGROUP\n\tLogon ID:\t\t0x3E7\n\nTarget Account:\n\tSecurity ID:\t\tS-1-5-21-501294470-55741505-66034297-1001\n\tAccount Name:\t\tMadhav H\n\tAccount Domain:\t\tDESKTOP-US822G0\n\nChanged Attributes:\n\tSAM Account Name:\t-\n\tDisplay Name:\t\tMadhav Harikumar\n\tUser Principal Name:\t-\n\tHome Directory:\t\t-\n\tHome Drive:\t\t-\n\tScript Path:\t\t-\n\tProfile Path:\t\t-\n\tUser Workstations:\t-\n\tPassword Last Set:\t-\n\tAccount Expires:\t\t-\n\tPrimary Group ID:\t-\n\tAllowedToDelegateTo:\t-\n\tOld UAC Value:\t\t-\n\tNew UAC Value:\t\t-\n\tUser Account Control:\t-\n\tUser Parameters:\t-\n\tSID History:\t\t-\n\tLogon Hours:\t\t-\n\nAdditional Information:\n\tPrivileges:\t\t-","ecs":{"version":"8.0.0"},"event":{"code":"4738","provider":"Microsoft-Windows-Security-Auditing","created":"2024-05-02T04:28:27.923Z","kind":"event","action":"User Account Management","outcome":"success"},"name":"DESKTOP-US822G0","id":"47c6da14-cd88-47c0-b99b-9096a7bde971","type":"winlogbeat","event_id":"4738","hostname":"desktop-us822g0"}
{"@timestamp":"2024-04-30T15:42:24.914Z","log":{"level":"information"},"message":"A user account was changed.\n\nSubject:\n\tSecurity ID:\t\tS-1-5-18\n\tAccount Name:\t\tDESKTOP-US822G0$\n\tAccount Domain:\t\tWORKGROUP\n\tLogon ID:\t\t0x3E7\n\nTarget Account:\n\tSecurity ID:\t\tS-1-5-21-501294470-55741505-66034297-1001\n\tAccount Name:\t\tMadhav H\n\tAccount Domain:\t\tDESKTOP-US822G0\n\nChanged Attributes:\n\tSAM Account Name:\t-\n\tDisplay Name:\t\tMadhav Harikumar\n\tUser Principal Name:\t-\n\tHome Directory:\t\t-\n\tHome Drive:\t\t-\n\tScript Path:\t\t-\n\tProfile Path:\t\t-\n\tUser Workstations:\t-\n\tPassword Last Set:\t-\n\tAccount Expires:\t\t-\n\tPrimary Group ID:\t-\n\tAllowedToDelegateTo:\t-\n\tOld UAC Value:\t\t-\n\tNew UAC Value:\t\t-\n\tUser Account Control:\t-\n\tUser Parameters:\t-\n\tSID History:\t\t-\n\tLogon Hours:\t\t-\n\nAdditional Information:\n\tPrivileges:\t\t-","ecs":{"version":"8.0.0"},"event":{"code":"4738","provider":"Microsoft-Windows-Security-Auditing","created":"2024-05-02T04:28:29.339Z","kind":"event","action":"User Account Management","outcome":"success"},"name":"DESKTOP-US822G0","id":"47c6da14-cd88-47c0-b99b-9096a7bde971","type":"winlogbeat","event_id":"4738","hostname":"desktop-us822g0"}
{"@timestamp":"2024-04-30T15:42:25.096Z","log":{"level":"information"},"message":"A user account was changed.\n\nSubject:\n\tSecurity ID:\t\tS-1-5-18\n\tAccount Name:\t\tDESKTOP-US822G0$\n\tAccount Domain:\t\tWORKGROUP\n\tLogon ID:\t\t0x3E7\n\nTarget Account:\n\tSecurity ID:\t\tS-1-5-21-501294470-55741505-66034297-1001\n\tAccount Name:\t\tMadhav H\n\tAccount Domain:\t\tDESKTOP-US822G0\n\nChanged Attributes:\n\tSAM Account Name:\t-\n\tDisplay Name:\t\tMadhav Harikumar\n\tUser Principal Name:\t-\n\tHome Directory:\t\t-\n\tHome Drive:\t\t-\n\tScript Path:\t\t-\n\tProfile Path:\t\t-\n\tUser Workstations:\t-\n\tPassword Last Set:\t-\n\tAccount Expires:\t\t-\n\tPrimary Group ID:\t-\n\tAllowedToDelegateTo:\t-\n\tOld UAC Value:\t\t-\n\tNew UAC Value:\t\t-\n\tUser Account Control:\t-\n\tUser Parameters:\t-\n\tSID History:\t\t-\n\tLogon Hours:\t\t-\n\nAdditional Information:\n\tPrivileges:\t\t-","ecs":{"version":"8.0.0"},"event":{"code":"4738","provider":"Microsoft-Windows-Security-Auditing","kind":"event","created":"2024-05-02T04:28:29.339Z","action":"User Account Management","outcome":"success"},"name":"DESKTOP-US822G0","id":"47c6da14-cd88-47c0-b99b-9096a7bde971","type":"winlogbeat","event_id":"4738","hostname":"desktop-us822g0"}
{"@timestamp":"2024-04-30T16:38:26.022Z","log":{"level":"information"},"message":"A user account was changed.\n\nSubject:\n\tSecurity ID:\t\tS-1-5-18\n\tAccount Name:\t\tDESKTOP-US822G0$\n\tAccount Domain:\t\tWORKGROUP\n\tLogon ID:\t\t0x3E7\n\nTarget Account:\n\tSecurity ID:\t\tS-1-5-21-501294470-55741505-66034297-1001\n\tAccount Name:\t\tMadhav H\n\tAccount Domain:\t\tDESKTOP-US822G0\n\nChanged Attributes:\n\tSAM Account Name:\t-\n\tDisplay Name:\t\tMadhav Harikumar\n\tUser Principal Name:\t-\n\tHome Directory:\t\t-\n\tHome Drive:\t\t-\n\tScript Path:\t\t-\n\tProfile Path:\t\t-\n\tUser Workstations:\t-\n\tPassword Last Set:\t-\n\tAccount Expires:\t\t-\n\tPrimary Group ID:\t-\n\tAllowedToDelegateTo:\t-\n\tOld UAC Value:\t\t-\n\tNew UAC Value:\t\t-\n\tUser Account Control:\t-\n\tUser Parameters:\t-\n\tSID History:\t\t-\n\tLogon Hours:\t\t-\n\nAdditional Information:\n\tPrivileges:\t\t-","ecs":{"version":"8.0.0"},"event":{"code":"4738","provider":"Microsoft-Windows-Security-Auditing","kind":"event","created":"2024-05-02T04:28:30.764Z","action":"User Account Management","outcome":"success"},"name":"DESKTOP-US822G0","id":"47c6da14-cd88-47c0-b99b-9096a7bde971","type":"winlogbeat","event_id":"4738","hostname":"desktop-us822g0"}
{"@timestamp":"2024-04-30T16:38:46.986Z","log":{"level":"information"},"message":"A user account was changed.\n\nSubject:\n\tSecurity ID:\t\tS-1-5-18\n\tAccount Name:\t\tDESKTOP-US822G0$\n\tAccount Domain:\t\tWORKGROUP\n\tLogon ID:\t\t0x3E7\n\nTarget Account:\n\tSecurity ID:\t\tS-1-5-21-501294470-55741505-66034297-1001\n\tAccount Name:\t\tMadhav H\n\tAccount Domain:\t\tDESKTOP-US822G0\n\nChanged Attributes:\n\tSAM Account Name:\t-\n\tDisplay Name:\t\tMadhav Harikumar\n\tUser Principal Name:\t-\n\tHome Directory:\t\t-\n\tHome Drive:\t\t-\n\tScript Path:\t\t-\n\tProfile Path:\t\t-\n\tUser Workstations:\t-\n\tPassword Last Set:\t-\n\tAccount Expires:\t\t-\n\tPrimary Group ID:\t-\n\tAllowedToDelegateTo:\t-\n\tOld UAC Value:\t\t-\n\tNew UAC Value:\t\t-\n\tUser Account Control:\t-\n\tUser Parameters:\t-\n\tSID History:\t\t-\n\tLogon Hours:\t\t-\n\nAdditional Information:\n\tPrivileges:\t\t-","ecs":{"version":"8.0.0"},"event":{"code":"4738","provider":"Microsoft-Windows-Security-Auditing","created":"2024-05-02T04:28:31.023Z","kind":"event","action":"User Account Management","outcome":"success"},"name":"DESKTOP-US822G0","id":"47c6da14-cd88-47c0-b99b-9096a7bde971","type":"winlogbeat","event_id":"4738","hostname":"desktop-us822g0"}
