{"@timestamp":"2024-04-30T13:55:12.842Z","host":{"name":"desktop-us822g0","hostname":"desktop-us822g0","architecture":"x86_64","os":{"platform":"windows","version":"10.0","family":"windows","name":"Windows 11 Pro","kernel":"10.0.22621.3447 (WinBuild.160101.0800)","build":"22631.3447","type":"windows"},"id":"afffecdc-d57f-4ead-9010-0143a734365d","ip":["10.12.68.7","192.168.144.1"],"mac":["B0-7D-64-BB-13-AE"]},"winlog":{"provider_name":"Microsoft-Windows-Security-Auditing","channel":"Security","event_data":{"ProcessCreationTime":"2024-04-30T13:55:12.7358712Z","SubjectUserSid":"S-1-5-21-501294470-55741505-66034297-1001","SubjectUserName":"John Doe","SubjectLogonId":"0xed2e2","Type":"0","ClientProcessId":"18345","TargetName":"WindowsLive:target=virtualapp/didlogical","ReturnCode":"0","CountOfCredentialsReturned":"5","ReadOperation":"%%8100","SubjectDomainName":"DESKTOP-US822G0"},"event_id":"5379","computer_name":"DESKTOP-US822G0"},"event":{"provider":"Microsoft-Windows-Security-Auditing","outcome":"success","action":"User Account Management","created":"2024-04-30T14:00:15.907Z","code":"5379","kind":"event"},"ecs":{"version":"8.0.0"},"agent":{"type":"winlogbeat","version":"8.13.2","ephemeral_id":"12345ebf-ad9e-41fa-9751-28bc044e4694","id":"47c6da14-cd88-47c0-b99b-9096a7bde971","name":"DESKTOP-US822G0"},"log":{"level":"warning"},"message":"Credential Manager credentials were read.\n\nSubject:\n\tSecurity ID:\t\tS-1-5-21-501294470-55741505-66034297-1001\n\tAccount Name:\t\tJohn Doe\n\tAccount Domain:\t\tDESKTOP-US822G0\n\tLogon ID:\t\t0xED2E2\n\tRead Operation:\t\tEnumerate Credentials\n\nThis event occurs when a user performs a read operation on stored credentials in Credential Manager."}
{"@timestamp":"2024-04-30T14:05:25.657Z","host":{"name":"desktop-us822g0","hostname":"desktop-us822g0","architecture":"x86_64","os":{"platform":"windows","version":"10.0","family":"windows","name":"Windows 11 Pro","kernel":"10.0.22621.3447 (WinBuild.160101.0800)","build":"22631.3447","type":"windows"},"id":"afffecdc-d57f-4ead-9010-0143a734365d","ip":["10.12.68.7","192.168.144.1"],"mac":["B0-7D-64-BB-13-AE"]},"winlog":{"provider_name":"Microsoft-Windows-Security-Auditing","channel":"Security","event_data":{"ProcessCreationTime":"2024-04-30T14:05:25.5428904Z","SubjectUserSid":"S-1-5-21-501294470-55741505-66034297-1001","SubjectUserName":"John Doe","SubjectLogonId":"0xed2e2","Type":"0","ClientProcessId":"19350","TargetName":"Administrator","ReturnCode":"0","CountOfCredentialsReturned":"1","ReadOperation":"%%8100","SubjectDomainName":"DESKTOP-US822G0"},"event_id":"4672","computer_name":"DESKTOP-US822G0"},"event":{"provider":"Microsoft-Windows-Security-Auditing","outcome":"success","action":"User Account Management","created":"2024-04-30T14:06:00.907Z","code":"4672","kind":"event"},"ecs":{"version":"8.0.0"},"agent":{"type":"winlogbeat","version":"8.13.2","ephemeral_id":"22345ebf-ad9e-41fa-9751-28bc044e4694","id":"47c6da14-cd88-47c0-b99b-9096a7bde971","name":"DESKTOP-US822G0"},"log":{"level":"critical"},"message":"Special privileges assigned to new logon.\n\nSubject:\n\tSecurity ID:\t\tS-1-5-21-501294470-55741505-66034297-1001\n\tAccount Name:\t\tJohn Doe\n\tAccount Domain:\t\tDESKTOP-US822G0\n\tLogon ID:\t\t0xED2E2\n\nPrivileges:\tSeDebugPrivilege\n\nThis event occurs when a user is assigned special privileges upon logging on."}
{"@timestamp":"2024-04-30T14:15:32.349Z","host":{"name":"desktop-us822g1","hostname":"desktop-us822g1","architecture":"x86_64","os":{"platform":"windows","version":"10.0","family":"windows","name":"Windows 11 Pro","kernel":"10.0.22621.3447 (WinBuild.160101.0800)","build":"22631.3447","type":"windows"},"id":"beefecdc-d57f-4ead-9010-0143a734365e","ip":["10.12.68.8","192.168.144.2"],"mac":["C0-7D-64-BB-14-AF"]},"winlog":{"provider_name":"Microsoft-Windows-Security-Auditing","channel":"Security","event_data":{"ProcessCreationTime":"2024-04-30T14:15:32.2309902Z","SubjectUserSid":"S-1-5-21-501294470-55741505-66034297-1001","SubjectUserName":"John Doe","SubjectLogonId":"0xed2e3","Type":"0","ClientProcessId":"20340","TargetName":"Administrator","ReturnCode":"0","CountOfCredentialsReturned":"1","ReadOperation":"%%8100","SubjectDomainName":"DESKTOP-US822G1"},"event_id":"4624","computer_name":"DESKTOP-US822G1"},"event":{"provider":"Microsoft-Windows-Security-Auditing","outcome":"success","action":"User Account Management","created":"2024-04-30T14:16:00.907Z","code":"4624","kind":"event"},"ecs":{"version":"8.0.0"},"agent":{"type":"winlogbeat","version":"8.13.2","ephemeral_id":"32345ebf-ad9e-41fa-9751-28bc044e4694","id":"47c6da14-cd88-47c0-b99b-9096a7bde972","name":"DESKTOP-US822G1"},"log":{"level":"alert"},"message":"An account was successfully logged on.\n\nSubject:\n\tSecurity ID:\t\tS-1-5-21-501294470-55741505-66034297-1001\n\tAccount Name:\t\tJohn Doe\n\tAccount Domain:\t\tDESKTOP-US822G0\n\tLogon ID:\t\t0xED2E3\n\tLogon Type:\t\t3\n\nNew Logon:\n\tSecurity ID:\t\tS-1-5-21-501294470-55741505-66034297-1002\n\tAccount Name:\t\tAdministrator\n\tAccount Domain:\t\tDESKTOP-US822G1\n\tLogon ID:\t\t0xED2E4\n\nThis event indicates that a user successfully logged on to another machine within the network."}
{"@timestamp":"2024-04-30T14:30:45.120Z","host":{"name":"desktop-us822g2","hostname":"desktop-us822g2","architecture":"x86_64","os":{"platform":"windows","version":"10.0","family":"windows","name":"Windows 11 Pro","kernel":"10.0.22621.3447 (WinBuild.160101.0800)","build":"22631.3447","type":"windows"},"id":"ceffecdc-d57f-4ead-9010-0143a734365f","ip":["10.12.68.9","192.168.144.3"],"mac":["D0-7D-64-BB-15-B0"]},"winlog":{"provider_name":"Microsoft-Windows-Security-Auditing","channel":"Security","event_data":{"ProcessCreationTime":"2024-04-30T14:30:45.0129834Z","SubjectUserSid":"S-1-5-21-501294470-55741505-66034297-1003","SubjectUserName":"Jane Smith","SubjectLogonId":"0xed2e5","Type":"0","ClientProcessId":"21350","TargetName":"powershell.exe -encodedcommand...","ReturnCode":"0","CountOfCredentialsReturned":"0","ReadOperation":"%%8100","SubjectDomainName":"DESKTOP-US822G2"},"event_id":"4688","computer_name":"DESKTOP-US822G2"},"event":{"provider":"Microsoft-Windows-Security-Auditing","outcome":"success","action":"Process Creation","created":"2024-04-30T14:31:00.907Z","code":"4688","kind":"event"},"ecs":{"version":"8.0.0"},"agent":{"type":"winlogbeat","version":"8.13.2","ephemeral_id":"42345ebf-ad9e-41fa-9751-28bc044e4694","id":"47c6da14-cd88-47c0-b99b-9096a7bde973","name":"DESKTOP-US822G2"},"log":{"level":"alert"},"message":"A new process has been created.\n\nSubject:\n\tSecurity ID:\t\tS-1-5-21-501294470-55741505-66034297-1003\n\tAccount Name:\t\tJane Smith\n\tAccount Domain:\t\tDESKTOP-US822G2\n\tLogon ID:\t\t0xED2E5\n\nProcess Information:\n\tNew Process ID:\t\t21350\n\tNew Process Name:\t\tpowershell.exe -encodedcommand...\n\nThis event occurs when a new process is created."}
{"@timestamp":"2024-04-30T14:20:45.152Z","host":{"name":"desktop-us822g0","hostname":"desktop-us822g0","architecture":"x86_64","os":{"platform":"windows","version":"10.0","family":"windows","name":"Windows 11 Pro","kernel":"10.0.22621.3447 (WinBuild.160101.0800)","build":"22631.3447","type":"windows"},"id":"afffecdc-d57f-4ead-9010-0143a734365d","ip":["10.12.68.7","192.168.144.1"],"mac":["B0-7D-64-BB-13-AE"]},"winlog":{"provider_name":"Microsoft-Windows-Security-Auditing","channel":"Security","event_data":{"ProcessCreationTime":"2024-04-30T14:20:45.0328904Z","SubjectUserSid":"S-1-5-21-501294470-55741505-66034297-1001","SubjectUserName":"John Doe","SubjectLogonId":"0xed2e2","Type":"0","ClientProcessId":"19360","TargetName":"AdminGroup","ReturnCode":"0","CountOfCredentialsReturned":"1","ReadOperation":"%%8100","SubjectDomainName":"DESKTOP-US822G0"},"event_id":"4798","computer_name":"DESKTOP-US822G0"},"event":{"provider":"Microsoft-Windows-Security-Auditing","outcome":"success","action":"User Account Management","created":"2024-04-30T14:21:00.907Z","code":"4798","kind":"event"},"ecs":{"version":"8.0.0"},"agent":{"type":"winlogbeat","version":"8.13.2","ephemeral_id":"52345ebf-ad9e-41fa-9751-28bc044e4694","id":"47c6da14-cd88-47c0-b99b-9096a7bde971","name":"DESKTOP-US822G0"},"log":{"level":"information"},"message":"A user account was enumerated.\n\nSubject:\n\tSecurity ID:\t\tS-1-5-21-501294470-55741505-66034297-1001\n\tAccount Name:\t\tJohn Doe\n\tAccount Domain:\t\tDESKTOP-US822G0\n\tLogon ID:\t\t0xED2E2\n\nThis event occurs when a user performs a query to enumerate user accounts in the domain."}
{"@timestamp":"2024-04-30T14:25:55.902Z","host":{"name":"desktop-us822g0","hostname":"desktop-us822g0","architecture":"x86_64","os":{"platform":"windows","version":"10.0","family":"windows","name":"Windows 11 Pro","kernel":"10.0.22621.3447 (WinBuild.160101.0800)","build":"22631.3447","type":"windows"},"id":"afffecdc-d57f-4ead-9010-0143a734365d","ip":["10.12.68.7","192.168.144.1"],"mac":["B0-7D-64-BB-13-AE"]},"winlog":{"provider_name":"Microsoft-Windows-Security-Auditing","channel":"Security","event_data":{"ProcessCreationTime":"2024-04-30T14:25:55.7893214Z","SubjectUserSid":"S-1-5-21-501294470-55741505-66034297-1001","SubjectUserName":"John Doe","SubjectLogonId":"0xed2e2","Type":"0","ClientProcessId":"19520","TargetName":"MaliciousTask","ReturnCode":"0","CountOfCredentialsReturned":"1","ReadOperation":"%%8100","SubjectDomainName":"DESKTOP-US822G0"},"event_id":"4698","computer_name":"DESKTOP-US822G0"},"event":{"provider":"Microsoft-Windows-Security-Auditing","outcome":"success","action":"User Account Management","created":"2024-04-30T14:26:10.907Z","code":"4698","kind":"event"},"ecs":{"version":"8.0.0"},"agent":{"type":"winlogbeat","version":"8.13.2","ephemeral_id":"62345ebf-ad9e-41fa-9751-28bc044e4694","id":"47c6da14-cd88-47c0-b99b-9096a7bde971","name":"DESKTOP-US822G0"},"log":{"level":"warning"},"message":"A scheduled task was created.\n\nSubject:\n\tSecurity ID:\t\tS-1-5-21-501294470-55741505-66034297-1001\n\tAccount Name:\t\tJohn Doe\n\tAccount Domain:\t\tDESKTOP-US822G0\n\tLogon ID:\t\t0xED2E2\n\nThis event occurs when a user creates a scheduled task to maintain persistence on the system."}
{"@timestamp":"2024-04-30T14:25:12.142Z","host":{"name":"desktop-us822g2","hostname":"desktop-us822g2","architecture":"x86_64","os":{"platform":"windows","version":"10.0","family":"windows","name":"Windows 11 Pro","kernel":"10.0.22621.3447 (WinBuild.160101.0800)","build":"22631.3447","type":"windows"},"id":"ceffecdc-d57f-4ead-9010-0143a734365f","ip":["10.12.68.9","192.168.144.3"],"mac":["D0-7D-64-BB-15-B0"]},"winlog":{"provider_name":"Microsoft-Windows-Security-Auditing","channel":"Security","event_data":{"ProcessCreationTime":"2024-04-30T14:25:12.0358904Z","SubjectUserSid":"S-1-5-21-501294470-55741505-66034297-1001","SubjectUserName":"John Doe","SubjectLogonId":"0xed2e4","Type":"0","ClientProcessId":"21345","TargetName":"System","ReturnCode":"0xC000006D","CountOfCredentialsReturned":"0","ReadOperation":"%%8100","SubjectDomainName":"DESKTOP-US822G2"},"event_id":"4625","computer_name":"DESKTOP-US822G2"},"event":{"provider":"Microsoft-Windows-Security-Auditing","outcome":"failure","action":"User Account Management","created":"2024-04-30T14:26:00.907Z","code":"4625","kind":"event"},"ecs":{"version":"8.0.0"},"agent":{"type":"winlogbeat","version":"8.13.2","ephemeral_id":"42345ebf-ad9e-41fa-9751-28bc044e4694","id":"47c6da14-cd88-47c0-b99b-9096a7bde973","name":"DESKTOP-US822G2"},"log":{"level":"error"},"message":"An account failed to log on.\n\nSubject:\n\tSecurity ID:\t\tS-1-5-21-501294470-55741505-66034297-1001\n\tAccount Name:\t\tJohn Doe\n\tAccount Domain:\t\tDESKTOP-US822G2\n\tLogon ID:\t\t0xED2E4\n\tLogon Type:\t\t3\n\nThis event occurs when a user fails to log on to the system."}
{"@timestamp":"2024-04-30T14:35:42.547Z","host":{"name":"desktop-us822g3","hostname":"desktop-us822g3","architecture":"x86_64","os":{"platform":"windows","version":"10.0","family":"windows","name":"Windows 11 Pro","kernel":"10.0.22621.3447 (WinBuild.160101.0800)","build":"22631.3447","type":"windows"},"id":"deffecdc-d57f-4ead-9010-0143a7343660","ip":["10.12.68.10","192.168.144.4"],"mac":["E0-7D-64-BB-16-B1"]},"winlog":{"provider_name":"Microsoft-Windows-PowerShell","channel":"PowerShell","event_data":{"ProcessCreationTime":"2024-04-30T14:35:42.4009904Z","SubjectUserSid":"S-1-5-21-501294470-55741505-66034297-1001","SubjectUserName":"John Doe","SubjectLogonId":"0xed2e5","CommandLine":"powershell.exe -NoProfile -ExecutionPolicy Bypass -File C:\\Users\\JohnDoe\\suspicious_script.ps1","ScriptName":"suspicious_script.ps1","SubjectDomainName":"DESKTOP-US822G3"},"event_id":"4104","computer_name":"DESKTOP-US822G3"},"event":{"provider":"Microsoft-Windows-PowerShell","outcome":"success","action":"Execution","created":"2024-04-30T14:36:00.907Z","code":"4104","kind":"event"},"ecs":{"version":"8.0.0"},"agent":{"type":"winlogbeat","version":"8.13.2","ephemeral_id":"52345ebf-ad9e-41fa-9751-28bc044e4694","id":"47c6da14-cd88-47c0-b99b-9096a7bde974","name":"DESKTOP-US822G3"},"log":{"level":"alert"},"message":"PowerShell script executed.\n\nSubject:\n\tSecurity ID:\t\tS-1-5-21-501294470-55741505-66034297-1001\n\tAccount Name:\t\tJohn Doe\n\tAccount Domain:\t\tDESKTOP-US822G3\n\tLogon ID:\t\t0xED2E5\n\nThis event occurs when a PowerShell script is executed."}
{"@timestamp":"2024-04-30T14:45:57.342Z","host":{"name":"desktop-us822g4","hostname":"desktop-us822g4","architecture":"x86_64","os":{"platform":"windows","version":"10.0","family":"windows","name":"Windows 11 Pro","kernel":"10.0.22621.3447 (WinBuild.160101.0800)","build":"22631.3447","type":"windows"},"id":"eeffecdc-d57f-4ead-9010-0143a7343661","ip":["10.12.68.11","192.168.144.5"],"mac":["F0-7D-64-BB-17-B2"]},"winlog":{"provider_name":"Microsoft-Windows-Security-Auditing","channel":"Security","event_data":{"ProcessCreationTime":"2024-04-30T14:45:57.2100004Z","SubjectUserSid":"S-1-5-21-501294470-55741505-66034297-1001","SubjectUserName":"John Doe","SubjectLogonId":"0xed2e6","Type":"0","ClientProcessId":"22345","TargetUserName":"hacker","TargetDomainName":"DESKTOP-US822G4","SubjectDomainName":"DESKTOP-US822G4","Privileges":"SeAddUsersPrivilege"},"event_id":"4720","computer_name":"DESKTOP-US822G4"},"event":{"provider":"Microsoft-Windows-Security-Auditing","outcome":"success","action":"User Account Management","created":"2024-04-30T14:46:00.907Z","code":"4720","kind":"event"},"ecs":{"version":"8.0.0"},"agent":{"type":"winlogbeat","version":"8.13.2","ephemeral_id":"62345ebf-ad9e-41fa-9751-28bc044e4694","id":"47c6da14-cd88-47c0-b99b-9096a7bde975","name":"DESKTOP-US822G4"},"log":{"level":"critical"},"message":"A user account was created.\n\nSubject:\n\tSecurity ID:\t\tS-1-5-21-501294470-55741505-66034297-1001\n\tAccount Name:\t\tJohn Doe\n\tAccount Domain:\t\tDESKTOP-US822G4\n\tLogon ID:\t\t0xED2E6\n\nNew User:\n\tAccount Name:\t\thacker\n\tAccount Domain:\t\tDESKTOP-US822G4\n\nThis event indicates that a new user account was created."}
{"@timestamp":"2024-04-30T14:55:22.762Z","host":{"name":"desktop-us822g5","hostname":"desktop-us822g5","architecture":"x86_64","os":{"platform":"windows","version":"10.0","family":"windows","name":"Windows 11 Pro","kernel":"10.0.22621.3447 (WinBuild.160101.0800)","build":"22631.3447","type":"windows"},"id":"feffecdc-d57f-4ead-9010-0143a7343662","ip":["10.12.68.12","192.168.144.6"],"mac":["00-7D-64-BB-18-B3"]},"winlog":{"provider_name":"Microsoft-Windows-Security-Auditing","channel":"Security","event_data":{"ProcessCreationTime":"2024-04-30T14:55:22.6200004Z","SubjectUserSid":"S-1-5-21-501294470-55741505-66034297-1001","SubjectUserName":"John Doe","SubjectLogonId":"0xed2e7","ServiceName":"malicious_service","ServiceFileName":"C:\\Windows\\System32\\malicious_service.exe","SubjectDomainName":"DESKTOP-US822G5"},"event_id":"4697","computer_name":"DESKTOP-US822G5"},"event":{"provider":"Microsoft-Windows-Security-Auditing","outcome":"success","action":"Service Installation","created":"2024-04-30T14:56:00.907Z","code":"4697","kind":"event"},"ecs":{"version":"8.0.0"},"agent":{"type":"winlogbeat","version":"8.13.2","ephemeral_id":"72345ebf-ad9e-41fa-9751-28bc044e4694","id":"47c6da14-cd88-47c0-b99b-9096a7bde976","name":"DESKTOP-US822G5"},"log":{"level":"critical"},"message":"A service was installed.\n\nSubject:\n\tSecurity ID:\t\tS-1-5-21-501294470-55741505-66034297-1001\n\tAccount Name:\t\tJohn Doe\n\tAccount Domain:\t\tDESKTOP-US822G5\n\tLogon ID:\t\t0xED2E7\n\nService:\n\tService Name:\t\tmalicious_service\n\tService File Name:\tC:\\Windows\\System32\\malicious_service.exe\n\nThis event indicates that a new service was installed on the system."}
{"@timestamp":"2024-04-30T15:05:32.162Z","host":{"name":"desktop-us822g6","hostname":"desktop-us822g6","architecture":"x86_64","os":{"platform":"windows","version":"10.0","family":"windows","name":"Windows 11 Pro","kernel":"10.0.22621.3447 (WinBuild.160101.0800)","build":"22631.3447","type":"windows"},"id":"0effecdc-d57f-4ead-9010-0143a7343663","ip":["10.12.68.13","192.168.144.7"],"mac":["10-7D-64-BB-19-B4"]},"winlog":{"provider_name":"Microsoft-Windows-Security-Auditing","channel":"Security","event_data":{"ProcessCreationTime":"2024-04-30T15:05:32.0200004Z","SubjectUserSid":"S-1-5-21-501294470-55741505-66034297-1001","SubjectUserName":"John Doe","SubjectLogonId":"0xed2e8","FileName":"C:\\Users\\Public\\Documents\\confidential.txt","SubjectDomainName":"DESKTOP-US822G6"},"event_id":"4660","computer_name":"DESKTOP-US822G6"},"event":{"provider":"Microsoft-Windows-Security-Auditing","outcome":"success","action":"File Deletion","created":"2024-04-30T15:06:00.907Z","code":"4660","kind":"event"},"ecs":{"version":"8.0.0"},"agent":{"type":"winlogbeat","version":"8.13.2","ephemeral_id":"82345ebf-ad9e-41fa-9751-28bc044e4694","id":"47c6da14-cd88-47c0-b99b-9096a7bde977","name":"DESKTOP-US822G6"},"log":{"level":"critical"},"message":"A file was deleted.\n\nSubject:\n\tSecurity ID:\t\tS-1-5-21-501294470-55741505-66034297-1001\n\tAccount Name:\t\tJohn Doe\n\tAccount Domain:\t\tDESKTOP-US822G6\n\tLogon ID:\t\t0xED2E8\n\nFile:\n\tFile Name:\t\tC:\\Users\\Public\\Documents\\confidential.txt\n\nThis event indicates that a file was deleted from the system."}
{"@timestamp":"2024-04-30T14:25:15.457Z","host":{"name":"desktop-us822g0","hostname":"desktop-us822g0","architecture":"x86_64","os":{"platform":"windows","version":"10.0","family":"windows","name":"Windows 11 Pro","kernel":"10.0.22621.3447 (WinBuild.160101.0800)","build":"22631.3447","type":"windows"},"id":"afffecdc-d57f-4ead-9010-0143a734365d","ip":["10.12.68.7","192.168.144.1"],"mac":["B0-7D-64-BB-13-AE"]},"winlog":{"provider_name":"Microsoft-Windows-Security-Auditing","channel":"Security","event_data":{"ProcessCreationTime":"2024-04-30T14:25:15.3509807Z","SubjectUserSid":"S-1-5-21-501294470-55741505-66034297-1001","SubjectUserName":"John Doe","SubjectLogonId":"0xed2e2","Type":"0","ClientProcessId":"20350","TargetName":"admin@contoso.com","ReturnCode":"0xc000006a","CountOfCredentialsReturned":"0","ReadOperation":"%%8100","SubjectDomainName":"DESKTOP-US822G0"},"event_id":"4625","computer_name":"DESKTOP-US822G0"},"event":{"provider":"Microsoft-Windows-Security-Auditing","outcome":"failure","action":"User Account Management","created":"2024-04-30T14:26:00.907Z","code":"4625","kind":"event"},"ecs":{"version":"8.0.0"},"agent":{"type":"winlogbeat","version":"8.13.2","ephemeral_id":"42345ebf-ad9e-41fa-9751-28bc044e4694","id":"47c6da14-cd88-47c0-b99b-9096a7bde973","name":"DESKTOP-US822G0"},"log":{"level":"warning"},"message":"An account failed to log on.\n\nSubject:\n\tSecurity ID:\t\tS-1-5-21-501294470-55741505-66034297-1001\n\tAccount Name:\t\tJohn Doe\n\tAccount Domain:\t\tDESKTOP-US822G0\n\tLogon ID:\t\t0xED2E2\n\tLogon Type:\t\t3\n\nThis event indicates that there was a failed attempt to log on to the account admin@contoso.com, possibly as part of a password spraying attack."}
{"@timestamp":"2024-04-30T14:30:22.654Z","host":{"name":"server-01","hostname":"server-01","architecture":"x86_64","os":{"platform":"windows","version":"10.0","family":"windows","name":"Windows Server 2019","kernel":"10.0.17763.1697 (WinBuild.160101.0800)","build":"17763.1697","type":"windows"},"id":"bbcfecdc-d57f-4ead-9010-0143a734365d","ip":["10.15.20.10"],"mac":["A0-7D-64-BB-15-BE"]},"winlog":{"provider_name":"Microsoft-Windows-Security-Auditing","channel":"Security","event_data":{"ProcessCreationTime":"2024-04-30T14:30:22.5359802Z","SubjectUserSid":"S-1-5-21-501294470-55741505-66034297-500","SubjectUserName":"Administrator","SubjectLogonId":"0xede3f","Type":"0","ClientProcessId":"24360","TargetName":"admin","ReturnCode":"0xc000006a","CountOfCredentialsReturned":"0","ReadOperation":"%%8100","SubjectDomainName":"SERVER-01"},"event_id":"4625","computer_name":"SERVER-01"},"event":{"provider":"Microsoft-Windows-Security-Auditing","outcome":"failure","action":"User Account Management","created":"2024-04-30T14:31:00.907Z","code":"4625","kind":"event"},"ecs":{"version":"8.0.0"},"agent":{"type":"winlogbeat","version":"8.13.2","ephemeral_id":"52345ebf-ad9e-41fa-9751-28bc044e4694","id":"47c6da14-cd88-47c0-b99b-9096a7bde974","name":"SERVER-01"},"log":{"level":"error"},"message":"An account failed to log on.\n\nSubject:\n\tSecurity ID:\t\tS-1-5-21-501294470-55741505-66034297-500\n\tAccount Name:\t\tAdministrator\n\tAccount Domain:\t\tSERVER-01\n\tLogon ID:\t\t0xEDE3F\n\tLogon Type:\t\t2\n\nThis event indicates multiple failed login attempts, suggesting a brute force attack."}
{"@timestamp":"2024-04-30T14:40:15.812Z","host":{"name":"desktop-us822g2","hostname":"desktop-us822g2","architecture":"x86_64","os":{"platform":"windows","version":"10.0","family":"windows","name":"Windows 11 Pro","kernel":"10.0.22621.3447 (WinBuild.160101.0800)","build":"22631.3447","type":"windows"},"id":"cfefecdc-d57f-4ead-9010-0143a734365d","ip":["10.12.68.9","192.168.144.3"],"mac":["D0-7D-64-BB-16-CF"]},"winlog":{"provider_name":"Microsoft-Windows-Security-Auditing","channel":"Security","event_data":{"ProcessCreationTime":"2024-04-30T14:40:15.7029801Z","SubjectUserSid":"S-1-5-21-501294470-55741505-66034297-1003","SubjectUserName":"Jane Smith","SubjectLogonId":"0xed3e4","Type":"0","ClientProcessId":"21370","TargetName":"Administrator","ReturnCode":"0","CountOfCredentialsReturned":"1","ReadOperation":"%%8100","SubjectDomainName":"DESKTOP-US822G2"},"event_id":"4624","computer_name":"DESKTOP-US822G2"},"event":{"provider":"Microsoft-Windows-Security-Auditing","outcome":"success","action":"User Account Management","created":"2024-04-30T14:41:00.907Z","code":"4624","kind":"event"},"ecs":{"version":"8.0.0"},"agent":{"type":"winlogbeat","version":"8.13.2","ephemeral_id":"62345ebf-ad9e-41fa-9751-28bc044e4694","id":"47c6da14-cd88-47c0-b99b-9096a7bde975","name":"DESKTOP-US822G2"},"log":{"level":"alert"},"message":"An account was successfully logged on via RDP.\n\nSubject:\n\tSecurity ID:\t\tS-1-5-21-501294470-55741505-66034297-1003\n\tAccount Name:\t\tJane Smith\n\tAccount Domain:\t\tDESKTOP-US822G2\n\tLogon ID:\t\t0xED3E4\n\tLogon Type:\t\t10\n\nThis event indicates a successful Remote Desktop Protocol (RDP) login, possibly indicating lateral movement by an attacker."}
{"@timestamp":"2024-04-30T14:50:45.154Z","host":{"name":"desktop-us822g3","hostname":"desktop-us822g3","architecture":"x86_64","os":{"platform":"windows","version":"10.0","family":"windows","name":"Windows 10 Pro","kernel":"10.0.19044.1645 (WinBuild.160101.0800)","build":"19044.1645","type":"windows"},"id":"gfefecdc-d57f-4ead-9010-0143a734365d","ip":["10.12.68.11","192.168.144.5"],"mac":["F0-7D-64-BB-18-EF"]},"winlog":{"provider_name":"Microsoft-Windows-Security-Auditing","channel":"Security","event_data":{"ProcessCreationTime":"2024-04-30T14:50:45.0409805Z","SubjectUserSid":"S-1-5-21-501294470-55741505-66034297-1004","SubjectUserName":"Alice Johnson","SubjectLogonId":"0xed3e6","Type":"0","ClientProcessId":"21390","TargetName":"\\\\server-01\\share","ReturnCode":"0","CountOfCredentialsReturned":"1","ReadOperation":"%%8100","SubjectDomainName":"DESKTOP-US822G3"},"event_id":"5140","computer_name":"DESKTOP-US822G3"},"event":{"provider":"Microsoft-Windows-Security-Auditing","outcome":"success","action":"File System","created":"2024-04-30T14:51:00.907Z","code":"5140","kind":"event"},"ecs":{"version":"8.0.0"},"agent":{"type":"winlogbeat","version":"8.13.2","ephemeral_id":"82345ebf-ad9e-41fa-9751-28bc044e4694","id":"47c6da14-cd88-47c0-b99b-9096a7bde977","name":"DESKTOP-US822G3"},"log":{"level":"information"},"message":"A network share was accessed.\n\nSubject:\n\tSecurity ID:\t\tS-1-5-21-501294470-55741505-66034297-1004\n\tAccount Name:\t\tAlice Johnson\n\tAccount Domain:\t\tDESKTOP-US822G3\n\tLogon ID:\t\t0xED3E6\n\tObject:\n\t\tObject Name:\t\t\\\\server-01\\share\n\nThis event indicates a successful access to a network share, possibly as part of data exfiltration."}
{"@timestamp":"2024-04-30T15:05:45.893Z","host":{"name":"server-03","hostname":"server-03","architecture":"x86_64","os":{"platform":"windows","version":"10.0","family":"windows","name":"Windows Server 2016","kernel":"10.0.14393.3930 (WinBuild.160101.0800)","build":"14393.3930","type":"windows"},"id":"kgefecdc-d57f-4ead-9010-0143a734365d","ip":["10.20.30.12"],"mac":["I0-7D-64-BB-21-1B"]},"winlog":{"provider_name":"Microsoft-Windows-Security-Auditing","channel":"Security","event_data":{"ProcessCreationTime":"2024-04-30T15:05:45.7509802Z","SubjectUserSid":"S-1-5-21-501294470-55741505-66034297-501","SubjectUserName":"System","SubjectLogonId":"0xed3e9","Type":"0","ClientProcessId":"21420","TargetName":"C:\\Windows\\System32\\config\\SAM","ReturnCode":"0xc0000022","CountOfCredentialsReturned":"0","ReadOperation":"%%8100","SubjectDomainName":"SERVER-03"},"event_id":"4656","computer_name":"SERVER-03"},"event":{"provider":"Microsoft-Windows-Security-Auditing","outcome":"failure","action":"File System","created":"2024-04-30T15:06:00.907Z","code":"4656","kind":"event"},"ecs":{"version":"8.0.0"},"agent":{"type":"winlogbeat","version":"8.13.2","ephemeral_id":"b2345ebf-ad9e-41fa-9751-28bc044e4694","id":"47c6da14-cd88-47c0-b99b-9096a7bde980","name":"SERVER-03"},"log":{"level":"warning"},"message":"An unauthorized access attempt was made.\n\nSubject:\n\tSecurity ID:\t\tS-1-5-21-501294470-55741505-66034297-501\n\tAccount Name:\t\tSystem\n\tAccount Domain:\t\tSERVER-03\n\tLogon ID:\t\t0xED3E9\n\tObject:\n\t\tObject Name:\t\tC:\\Windows\\System32\\config\\SAM\n\nThis event indicates an unauthorized attempt to access the SAM file, possibly indicating an attempt to extract password hashes."}