{"@timestamp":"2025-01-06T07:16:09.357Z","@metadata":{"beat":"winlogbeat","type":"_doc","version":"8.12.1"},"message":"A user's local group membership was enumerated.\n\nSubject:\n\tSecurity ID:\t\tS-1-5-21-3099673246-488862865-489869272-1001\n\tAccount Name:\t\tnisha\n\tAccount Domain:\t\tDESKTOP-HLQBJKB\n\tLogon ID:\t\t0x52770\n\nUser:\n\tSecurity ID:\t\tS-1-5-21-3099673246-488862865-489869272-1001\n\tAccount Name:\t\tnisha\n\tAccount Domain:\t\tDESKTOP-HLQBJKB\n\nProcess Information:\n\tProcess ID:\t\t0x7c8\n\tProcess Name:\t\tC:\\Windows\\System32\\taskhostw.exe","host":{"name":"DESKTOP-HLQBJKB"},"winlog":{"task":"User Account Management","activity_id":"{8093e13c-6079-0002-5be1-93807960db01}","api":"wineventlog","event_id":"4798","record_id":4195,"computer_name":"DESKTOP-HLQBJKB","event_data":{"TargetDomainName":"DESKTOP-HLQBJKB","TargetUserName":"nisha","SubjectUserSid":"S-1-5-21-3099673246-488862865-489869272-1001","CallerProcessId":"0x7c8","SubjectLogonId":"0x52770","CallerProcessName":"C:\\Windows\\System32\\taskhostw.exe","TargetSid":"S-1-5-21-3099673246-488862865-489869272-1001","SubjectUserName":"nisha","SubjectDomainName":"DESKTOP-HLQBJKB"},"channel":"Security","process":{"pid":728,"thread":{"id":4524}},"keywords":["Audit Success"],"opcode":"Info","provider_guid":"{54849625-5478-4994-a5ba-3e3b0328c30d}","provider_name":"Microsoft-Windows-Security-Auditing"},"event":{"action":"User Account Management","created":"2025-02-01T09:15:16.514Z","code":"4798","kind":"event","provider":"Microsoft-Windows-Security-Auditing","outcome":"success"},"log":{"level":"information","file":{"path":"C:\\Users\\admin\\Downloads\\logs\\security.evtx"}},"ecs":{"version":"8.0.0"},"agent":{"version":"8.12.1","ephemeral_id":"55790eb9-6b77-4bbe-8dbd-6808a3347bc0","id":"cd972b96-3be8-47d8-a5c2-01b90907ebe2","name":"ADMINWI-4CVRMD2","type":"winlogbeat"}}
{"@timestamp":"2025-01-06T07:16:09.359Z","@metadata":{"beat":"winlogbeat","type":"_doc","version":"8.12.1"},"event":{"kind":"event","provider":"Microsoft-Windows-Security-Auditing","outcome":"success","action":"User Account Management","created":"2025-02-01T09:15:16.514Z","code":"4798"},"log":{"file":{"path":"C:\\Users\\admin\\Downloads\\logs\\security.evtx"},"level":"information"},"message":"A user's local group membership was enumerated.\n\nSubject:\n\tSecurity ID:\t\tS-1-5-21-3099673246-488862865-489869272-1001\n\tAccount Name:\t\tnisha\n\tAccount Domain:\t\tDESKTOP-HLQBJKB\n\tLogon ID:\t\t0x52770\n\nUser:\n\tSecurity ID:\t\tS-1-5-21-3099673246-488862865-489869272-500\n\tAccount Name:\t\tAdministrator\n\tAccount Domain:\t\tDESKTOP-HLQBJKB\n\nProcess Information:\n\tProcess ID:\t\t0x7c8\n\tProcess Name:\t\tC:\\Windows\\System32\\taskhostw.exe","host":{"name":"DESKTOP-HLQBJKB"},"winlog":{"event_data":{"TargetSid":"S-1-5-21-3099673246-488862865-489869272-500","CallerProcessName":"C:\\Windows\\System32\\taskhostw.exe","CallerProcessId":"0x7c8","SubjectUserSid":"S-1-5-21-3099673246-488862865-489869272-1001","SubjectUserName":"nisha","SubjectDomainName":"DESKTOP-HLQBJKB","SubjectLogonId":"0x52770","TargetUserName":"Administrator","TargetDomainName":"DESKTOP-HLQBJKB"},"channel":"Security","provider_name":"Microsoft-Windows-Security-Auditing","provider_guid":"{54849625-5478-4994-a5ba-3e3b0328c30d}","keywords":["Audit Success"],"activity_id":"{8093e13c-6079-0002-5be1-93807960db01}","process":{"pid":728,"thread":{"id":4524}},"record_id":4196,"api":"wineventlog","task":"User Account Management","event_id":"4798","computer_name":"DESKTOP-HLQBJKB","opcode":"Info"},"agent":{"type":"winlogbeat","version":"8.12.1","ephemeral_id":"55790eb9-6b77-4bbe-8dbd-6808a3347bc0","id":"cd972b96-3be8-47d8-a5c2-01b90907ebe2","name":"ADMINWI-4CVRMD2"},"ecs":{"version":"8.0.0"}}
{"@timestamp":"2025-01-06T07:16:09.359Z","@metadata":{"beat":"winlogbeat","type":"_doc","version":"8.12.1"},"winlog":{"event_data":{"SubjectDomainName":"DESKTOP-HLQBJKB","TargetUserName":"DefaultAccount","TargetDomainName":"DESKTOP-HLQBJKB","TargetSid":"S-1-5-21-3099673246-488862865-489869272-503","SubjectUserSid":"S-1-5-21-3099673246-488862865-489869272-1001","SubjectLogonId":"0x52770","CallerProcessId":"0x7c8","SubjectUserName":"nisha","CallerProcessName":"C:\\Windows\\System32\\taskhostw.exe"},"api":"wineventlog","opcode":"Info","computer_name":"DESKTOP-HLQBJKB","provider_guid":"{54849625-5478-4994-a5ba-3e3b0328c30d}","process":{"pid":728,"thread":{"id":4524}},"event_id":"4798","task":"User Account Management","activity_id":"{8093e13c-6079-0002-5be1-93807960db01}","record_id":4197,"keywords":["Audit Success"],"channel":"Security","provider_name":"Microsoft-Windows-Security-Auditing"},"event":{"created":"2025-02-01T09:15:16.514Z","code":"4798","kind":"event","provider":"Microsoft-Windows-Security-Auditing","outcome":"success","action":"User Account Management"},"log":{"level":"information","file":{"path":"C:\\Users\\admin\\Downloads\\logs\\security.evtx"}},"message":"A user's local group membership was enumerated.\n\nSubject:\n\tSecurity ID:\t\tS-1-5-21-3099673246-488862865-489869272-1001\n\tAccount Name:\t\tnisha\n\tAccount Domain:\t\tDESKTOP-HLQBJKB\n\tLogon ID:\t\t0x52770\n\nUser:\n\tSecurity ID:\t\tS-1-5-21-3099673246-488862865-489869272-503\n\tAccount Name:\t\tDefaultAccount\n\tAccount Domain:\t\tDESKTOP-HLQBJKB\n\nProcess Information:\n\tProcess ID:\t\t0x7c8\n\tProcess Name:\t\tC:\\Windows\\System32\\taskhostw.exe","host":{"name":"DESKTOP-HLQBJKB"},"ecs":{"version":"8.0.0"},"agent":{"name":"ADMINWI-4CVRMD2","type":"winlogbeat","version":"8.12.1","ephemeral_id":"55790eb9-6b77-4bbe-8dbd-6808a3347bc0","id":"cd972b96-3be8-47d8-a5c2-01b90907ebe2"}}
{"@timestamp":"2025-01-06T07:16:09.360Z","@metadata":{"beat":"winlogbeat","type":"_doc","version":"8.12.1"},"log":{"level":"information","file":{"path":"C:\\Users\\admin\\Downloads\\logs\\security.evtx"}},"message":"A user's local group membership was enumerated.\n\nSubject:\n\tSecurity ID:\t\tS-1-5-21-3099673246-488862865-489869272-1001\n\tAccount Name:\t\tnisha\n\tAccount Domain:\t\tDESKTOP-HLQBJKB\n\tLogon ID:\t\t0x52770\n\nUser:\n\tSecurity ID:\t\tS-1-5-21-3099673246-488862865-489869272-501\n\tAccount Name:\t\tGuest\n\tAccount Domain:\t\tDESKTOP-HLQBJKB\n\nProcess Information:\n\tProcess ID:\t\t0x7c8\n\tProcess Name:\t\tC:\\Windows\\System32\\taskhostw.exe","host":{"name":"DESKTOP-HLQBJKB"},"winlog":{"api":"wineventlog","record_id":4198,"opcode":"Info","keywords":["Audit Success"],"computer_name":"DESKTOP-HLQBJKB","event_id":"4798","task":"User Account Management","process":{"pid":728,"thread":{"id":4524}},"provider_guid":"{54849625-5478-4994-a5ba-3e3b0328c30d}","activity_id":"{8093e13c-6079-0002-5be1-93807960db01}","channel":"Security","event_data":{"TargetUserName":"Guest","TargetDomainName":"DESKTOP-HLQBJKB","SubjectLogonId":"0x52770","CallerProcessName":"C:\\Windows\\System32\\taskhostw.exe","TargetSid":"S-1-5-21-3099673246-488862865-489869272-501","SubjectDomainName":"DESKTOP-HLQBJKB","CallerProcessId":"0x7c8","SubjectUserSid":"S-1-5-21-3099673246-488862865-489869272-1001","SubjectUserName":"nisha"},"provider_name":"Microsoft-Windows-Security-Auditing"},"ecs":{"version":"8.0.0"},"agent":{"name":"ADMINWI-4CVRMD2","type":"winlogbeat","version":"8.12.1","ephemeral_id":"55790eb9-6b77-4bbe-8dbd-6808a3347bc0","id":"cd972b96-3be8-47d8-a5c2-01b90907ebe2"},"event":{"provider":"Microsoft-Windows-Security-Auditing","outcome":"success","action":"User Account Management","created":"2025-02-01T09:15:16.514Z","code":"4798","kind":"event"}}
{"@timestamp":"2025-01-06T07:16:09.360Z","@metadata":{"beat":"winlogbeat","type":"_doc","version":"8.12.1"},"message":"A user's local group membership was enumerated.\n\nSubject:\n\tSecurity ID:\t\tS-1-5-21-3099673246-488862865-489869272-1001\n\tAccount Name:\t\tnisha\n\tAccount Domain:\t\tDESKTOP-HLQBJKB\n\tLogon ID:\t\t0x52770\n\nUser:\n\tSecurity ID:\t\tS-1-5-21-3099673246-488862865-489869272-1001\n\tAccount Name:\t\tnisha\n\tAccount Domain:\t\tDESKTOP-HLQBJKB\n\nProcess Information:\n\tProcess ID:\t\t0x7c8\n\tProcess Name:\t\tC:\\Windows\\System32\\taskhostw.exe","host":{"name":"DESKTOP-HLQBJKB"},"winlog":{"process":{"pid":728,"thread":{"id":4524}},"opcode":"Info","channel":"Security","activity_id":"{8093e13c-6079-0002-5be1-93807960db01}","record_id":4199,"computer_name":"DESKTOP-HLQBJKB","event_id":"4798","keywords":["Audit Success"],"provider_name":"Microsoft-Windows-Security-Auditing","task":"User Account Management","api":"wineventlog","event_data":{"SubjectUserName":"nisha","SubjectUserSid":"S-1-5-21-3099673246-488862865-489869272-1001","TargetUserName":"nisha","TargetSid":"S-1-5-21-3099673246-488862865-489869272-1001","SubjectDomainName":"DESKTOP-HLQBJKB","CallerProcessId":"0x7c8","TargetDomainName":"DESKTOP-HLQBJKB","SubjectLogonId":"0x52770","CallerProcessName":"C:\\Windows\\System32\\taskhostw.exe"},"provider_guid":"{54849625-5478-4994-a5ba-3e3b0328c30d}"},"event":{"created":"2025-02-01T09:15:16.514Z","code":"4798","kind":"event","provider":"Microsoft-Windows-Security-Auditing","outcome":"success","action":"User Account Management"},"ecs":{"version":"8.0.0"},"agent":{"type":"winlogbeat","version":"8.12.1","ephemeral_id":"55790eb9-6b77-4bbe-8dbd-6808a3347bc0","id":"cd972b96-3be8-47d8-a5c2-01b90907ebe2","name":"ADMINWI-4CVRMD2"},"log":{"file":{"path":"C:\\Users\\admin\\Downloads\\logs\\security.evtx"},"level":"information"}}
{"@timestamp":"2025-01-06T07:16:09.394Z","@metadata":{"beat":"winlogbeat","type":"_doc","version":"8.12.1"},"message":"Credential Manager credentials were read.\n\nSubject:\n\tSecurity ID:\t\tS-1-5-18\n\tAccount Name:\t\tDESKTOP-HLQBJKB$\n\tAccount Domain:\t\tWORKGROUP\n\tLogon ID:\t\t0x3E7\n\tRead Operation:\t\tEnumerate Credentials\n\nThis event occurs when a user performs a read operation on stored credentials in Credential Manager.","host":{"name":"DESKTOP-HLQBJKB"},"winlog":{"provider_guid":"{54849625-5478-4994-a5ba-3e3b0328c30d}","event_id":"5379","task":"User Account Management","process":{"pid":728,"thread":{"id":4524}},"channel":"Security","activity_id":"{8093e13c-6079-0002-5be1-93807960db01}","record_id":4200,"keywords":["Audit Success"],"opcode":"Info","event_data":{"SubjectDomainName":"WORKGROUP","SubjectLogonId":"0x3e7","CountOfCredentialsReturned":"0","ReadOperation":"%%8100","ReturnCode":"3221226021","SubjectUserName":"DESKTOP-HLQBJKB$","Type":"0","ProcessCreationTime":"2025-01-06T07:16:09.3254568Z","ClientProcessId":"6400","TargetName":"WindowsLive:(token):name=02zkihnjadkcvgev;serviceuri=*","SubjectUserSid":"S-1-5-18"},"api":"wineventlog","computer_name":"DESKTOP-HLQBJKB","provider_name":"Microsoft-Windows-Security-Auditing"},"ecs":{"version":"8.0.0"},"agent":{"name":"ADMINWI-4CVRMD2","type":"winlogbeat","version":"8.12.1","ephemeral_id":"55790eb9-6b77-4bbe-8dbd-6808a3347bc0","id":"cd972b96-3be8-47d8-a5c2-01b90907ebe2"},"event":{"kind":"event","provider":"Microsoft-Windows-Security-Auditing","outcome":"success","action":"User Account Management","created":"2025-02-01T09:15:16.514Z","code":"5379"},"log":{"file":{"path":"C:\\Users\\admin\\Downloads\\logs\\security.evtx"},"level":"information"}}
{"@timestamp":"2025-01-06T07:16:09.394Z","@metadata":{"beat":"winlogbeat","type":"_doc","version":"8.12.1"},"winlog":{"channel":"Security","provider_name":"Microsoft-Windows-Security-Auditing","record_id":4201,"opcode":"Info","provider_guid":"{54849625-5478-4994-a5ba-3e3b0328c30d}","activity_id":"{8093e13c-6079-0002-5be1-93807960db01}","keywords":["Audit Success"],"api":"wineventlog","event_id":"5379","task":"User Account Management","computer_name":"DESKTOP-HLQBJKB","event_data":{"ReturnCode":"3221226021","SubjectUserName":"DESKTOP-HLQBJKB$","SubjectDomainName":"WORKGROUP","ReadOperation":"%%8100","TargetName":"WindowsLive:(cert):name=02zkihnjadkcvgev;serviceuri=*","Type":"0","CountOfCredentialsReturned":"0","ProcessCreationTime":"2025-01-06T07:16:09.3254568Z","ClientProcessId":"6400","SubjectUserSid":"S-1-5-18","SubjectLogonId":"0x3e7"},"process":{"thread":{"id":4524},"pid":728}},"ecs":{"version":"8.0.0"},"agent":{"version":"8.12.1","ephemeral_id":"55790eb9-6b77-4bbe-8dbd-6808a3347bc0","id":"cd972b96-3be8-47d8-a5c2-01b90907ebe2","name":"ADMINWI-4CVRMD2","type":"winlogbeat"},"event":{"outcome":"success","action":"User Account Management","created":"2025-02-01T09:15:16.514Z","code":"5379","kind":"event","provider":"Microsoft-Windows-Security-Auditing"},"log":{"level":"information","file":{"path":"C:\\Users\\admin\\Downloads\\logs\\security.evtx"}},"message":"Credential Manager credentials were read.\n\nSubject:\n\tSecurity ID:\t\tS-1-5-18\n\tAccount Name:\t\tDESKTOP-HLQBJKB$\n\tAccount Domain:\t\tWORKGROUP\n\tLogon ID:\t\t0x3E7\n\tRead Operation:\t\tEnumerate Credentials\n\nThis event occurs when a user performs a read operation on stored credentials in Credential Manager.","host":{"name":"DESKTOP-HLQBJKB"}}
{"@timestamp":"2025-01-06T07:16:09.394Z","@metadata":{"beat":"winlogbeat","type":"_doc","version":"8.12.1"},"ecs":{"version":"8.0.0"},"agent":{"name":"ADMINWI-4CVRMD2","type":"winlogbeat","version":"8.12.1","ephemeral_id":"55790eb9-6b77-4bbe-8dbd-6808a3347bc0","id":"cd972b96-3be8-47d8-a5c2-01b90907ebe2"},"winlog":{"provider_name":"Microsoft-Windows-Security-Auditing","record_id":4202,"computer_name":"DESKTOP-HLQBJKB","opcode":"Info","channel":"Security","activity_id":"{8093e13c-6079-0002-5be1-93807960db01}","task":"User Account Management","provider_guid":"{54849625-5478-4994-a5ba-3e3b0328c30d}","process":{"pid":728,"thread":{"id":4524}},"event_id":"5379","event_data":{"SubjectUserName":"DESKTOP-HLQBJKB$","TargetName":"WindowsLive:target=virtualapp/didlogical","CountOfCredentialsReturned":"1","ProcessCreationTime":"2025-01-06T07:16:09.3254568Z","Type":"0","ReadOperation":"%%8100","ClientProcessId":"6400","SubjectDomainName":"WORKGROUP","ReturnCode":"0","SubjectUserSid":"S-1-5-18","SubjectLogonId":"0x3e7"},"api":"wineventlog","keywords":["Audit Success"]},"event":{"action":"User Account Management","created":"2025-02-01T09:15:16.514Z","code":"5379","kind":"event","provider":"Microsoft-Windows-Security-Auditing","outcome":"success"},"log":{"level":"information","file":{"path":"C:\\Users\\admin\\Downloads\\logs\\security.evtx"}},"message":"Credential Manager credentials were read.\n\nSubject:\n\tSecurity ID:\t\tS-1-5-18\n\tAccount Name:\t\tDESKTOP-HLQBJKB$\n\tAccount Domain:\t\tWORKGROUP\n\tLogon ID:\t\t0x3E7\n\tRead Operation:\t\tEnumerate Credentials\n\nThis event occurs when a user performs a read operation on stored credentials in Credential Manager.","host":{"name":"DESKTOP-HLQBJKB"}}
{"@timestamp":"2025-01-06T07:16:09.397Z","@metadata":{"beat":"winlogbeat","type":"_doc","version":"8.12.1"},"log":{"file":{"path":"C:\\Users\\admin\\Downloads\\logs\\security.evtx"},"level":"information"},"message":"Credential Manager credentials were read.\n\nSubject:\n\tSecurity ID:\t\tS-1-5-21-3099673246-488862865-489869272-1001\n\tAccount Name:\t\tnisha\n\tAccount Domain:\t\tDESKTOP-HLQBJKB\n\tLogon ID:\t\t0x52770\n\tRead Operation:\t\tEnumerate Credentials\n\nThis event occurs when a user performs a read operation on stored credentials in Credential Manager.","host":{"name":"DESKTOP-HLQBJKB"},"ecs":{"version":"8.0.0"},"agent":{"name":"ADMINWI-4CVRMD2","type":"winlogbeat","version":"8.12.1","ephemeral_id":"55790eb9-6b77-4bbe-8dbd-6808a3347bc0","id":"cd972b96-3be8-47d8-a5c2-01b90907ebe2"},"winlog":{"activity_id":"{8093e13c-6079-0002-5be1-93807960db01}","task":"User Account Management","provider_guid":"{54849625-5478-4994-a5ba-3e3b0328c30d}","provider_name":"Microsoft-Windows-Security-Auditing","computer_name":"DESKTOP-HLQBJKB","process":{"thread":{"id":4524},"pid":728},"opcode":"Info","event_data":{"ClientProcessId":"6400","SubjectLogonId":"0x52770","TargetName":"WindowsLive:(token):name=02xvzopajhdxygqf;serviceuri=*","Type":"0","ProcessCreationTime":"2025-01-06T07:16:09.3254568Z","CountOfCredentialsReturned":"0","ReadOperation":"%%8100","ReturnCode":"3221226021","SubjectUserName":"nisha","SubjectUserSid":"S-1-5-21-3099673246-488862865-489869272-1001","SubjectDomainName":"DESKTOP-HLQBJKB"},"event_id":"5379","record_id":4203,"channel":"Security","keywords":["Audit Success"],"api":"wineventlog"},"event":{"outcome":"success","action":"User Account Management","created":"2025-02-01T09:15:16.514Z","code":"5379","kind":"event","provider":"Microsoft-Windows-Security-Auditing"}}
{"@timestamp":"2025-01-06T07:16:09.398Z","@metadata":{"beat":"winlogbeat","type":"_doc","version":"8.12.1"},"host":{"name":"DESKTOP-HLQBJKB"},"winlog":{"provider_name":"Microsoft-Windows-Security-Auditing","api":"wineventlog","keywords":["Audit Success"],"activity_id":"{8093e13c-6079-0002-5be1-93807960db01}","event_id":"5379","task":"User Account Management","computer_name":"DESKTOP-HLQBJKB","channel":"Security","event_data":{"SubjectDomainName":"DESKTOP-HLQBJKB","TargetName":"WindowsLive:(cert):name=02xvzopajhdxygqf;serviceuri=*","CountOfCredentialsReturned":"0","ReadOperation":"%%8100","SubjectUserName":"nisha","ProcessCreationTime":"2025-01-06T07:16:09.3254568Z","SubjectUserSid":"S-1-5-21-3099673246-488862865-489869272-1001","SubjectLogonId":"0x52770","Type":"0","ReturnCode":"3221226021","ClientProcessId":"6400"},"record_id":4204,"provider_guid":"{54849625-5478-4994-a5ba-3e3b0328c30d}","process":{"pid":728,"thread":{"id":4524}},"opcode":"Info"},"event":{"code":"5379","kind":"event","provider":"Microsoft-Windows-Security-Auditing","outcome":"success","action":"User Account Management","created":"2025-02-01T09:15:16.514Z"},"ecs":{"version":"8.0.0"},"agent":{"id":"cd972b96-3be8-47d8-a5c2-01b90907ebe2","name":"ADMINWI-4CVRMD2","type":"winlogbeat","version":"8.12.1","ephemeral_id":"55790eb9-6b77-4bbe-8dbd-6808a3347bc0"},"log":{"level":"information","file":{"path":"C:\\Users\\admin\\Downloads\\logs\\security.evtx"}},"message":"Credential Manager credentials were read.\n\nSubject:\n\tSecurity ID:\t\tS-1-5-21-3099673246-488862865-489869272-1001\n\tAccount Name:\t\tnisha\n\tAccount Domain:\t\tDESKTOP-HLQBJKB\n\tLogon ID:\t\t0x52770\n\tRead Operation:\t\tEnumerate Credentials\n\nThis event occurs when a user performs a read operation on stored credentials in Credential Manager."}
{"@timestamp":"2025-01-06T07:16:09.398Z","@metadata":{"beat":"winlogbeat","type":"_doc","version":"8.12.1"},"winlog":{"api":"wineventlog","event_id":"5379","record_id":4205,"keywords":["Audit Success"],"process":{"pid":728,"thread":{"id":4524}},"opcode":"Info","provider_guid":"{54849625-5478-4994-a5ba-3e3b0328c30d}","activity_id":"{8093e13c-6079-0002-5be1-93807960db01}","channel":"Security","task":"User Account Management","event_data":{"ProcessCreationTime":"2025-01-06T07:16:09.3254568Z","ClientProcessId":"6400","SubjectDomainName":"DESKTOP-HLQBJKB","SubjectLogonId":"0x52770","CountOfCredentialsReturned":"1","SubjectUserSid":"S-1-5-21-3099673246-488862865-489869272-1001","TargetName":"WindowsLive:target=virtualapp/didlogical","ReadOperation":"%%8100","ReturnCode":"0","SubjectUserName":"nisha","Type":"0"},"provider_name":"Microsoft-Windows-Security-Auditing","computer_name":"DESKTOP-HLQBJKB"},"ecs":{"version":"8.0.0"},"agent":{"id":"cd972b96-3be8-47d8-a5c2-01b90907ebe2","name":"ADMINWI-4CVRMD2","type":"winlogbeat","version":"8.12.1","ephemeral_id":"55790eb9-6b77-4bbe-8dbd-6808a3347bc0"},"event":{"code":"5379","kind":"event","provider":"Microsoft-Windows-Security-Auditing","outcome":"success","action":"User Account Management","created":"2025-02-01T09:15:16.514Z"},"log":{"file":{"path":"C:\\Users\\admin\\Downloads\\logs\\security.evtx"},"level":"information"},"message":"Credential Manager credentials were read.\n\nSubject:\n\tSecurity ID:\t\tS-1-5-21-3099673246-488862865-489869272-1001\n\tAccount Name:\t\tnisha\n\tAccount Domain:\t\tDESKTOP-HLQBJKB\n\tLogon ID:\t\t0x52770\n\tRead Operation:\t\tEnumerate Credentials\n\nThis event occurs when a user performs a read operation on stored credentials in Credential Manager.","host":{"name":"DESKTOP-HLQBJKB"}}
{"@timestamp":"2025-01-06T07:16:09.400Z","@metadata":{"beat":"winlogbeat","type":"_doc","version":"8.12.1"},"ecs":{"version":"8.0.0"},"winlog":{"channel":"Security","event_id":"5379","task":"User Account Management","keywords":["Audit Success"],"opcode":"Info","process":{"pid":728,"thread":{"id":4524}},"api":"wineventlog","record_id":4206,"event_data":{"Type":"0","CountOfCredentialsReturned":"1","ProcessCreationTime":"2025-01-06T07:16:09.3254568Z","ReturnCode":"0","SubjectUserName":"nisha","SubjectDomainName":"DESKTOP-HLQBJKB","SubjectLogonId":"0x52770","SubjectUserSid":"S-1-5-21-3099673246-488862865-489869272-1001","TargetName":"MicrosoftAccount:user=nishanthsenthil200@gmail.com","ReadOperation":"%%8100","ClientProcessId":"6400"},"provider_name":"Microsoft-Windows-Security-Auditing","computer_name":"DESKTOP-HLQBJKB","activity_id":"{8093e13c-6079-0002-5be1-93807960db01}","provider_guid":"{54849625-5478-4994-a5ba-3e3b0328c30d}"},"event":{"outcome":"success","action":"User Account Management","created":"2025-02-01T09:15:16.514Z","code":"5379","kind":"event","provider":"Microsoft-Windows-Security-Auditing"},"log":{"file":{"path":"C:\\Users\\admin\\Downloads\\logs\\security.evtx"},"level":"information"},"message":"Credential Manager credentials were read.\n\nSubject:\n\tSecurity ID:\t\tS-1-5-21-3099673246-488862865-489869272-1001\n\tAccount Name:\t\tnisha\n\tAccount Domain:\t\tDESKTOP-HLQBJKB\n\tLogon ID:\t\t0x52770\n\tRead Operation:\t\tEnumerate Credentials\n\nThis event occurs when a user performs a read operation on stored credentials in Credential Manager.","host":{"name":"DESKTOP-HLQBJKB"},"agent":{"name":"ADMINWI-4CVRMD2","type":"winlogbeat","version":"8.12.1","ephemeral_id":"55790eb9-6b77-4bbe-8dbd-6808a3347bc0","id":"cd972b96-3be8-47d8-a5c2-01b90907ebe2"}}
{"@timestamp":"2025-01-06T07:16:09.400Z","@metadata":{"beat":"winlogbeat","type":"_doc","version":"8.12.1"},"event":{"provider":"Microsoft-Windows-Security-Auditing","outcome":"success","action":"User Account Management","created":"2025-02-01T09:15:16.514Z","code":"5379","kind":"event"},"log":{"level":"information","file":{"path":"C:\\Users\\admin\\Downloads\\logs\\security.evtx"}},"message":"Credential Manager credentials were read.\n\nSubject:\n\tSecurity ID:\t\tS-1-5-21-3099673246-488862865-489869272-1001\n\tAccount Name:\t\tnisha\n\tAccount Domain:\t\tDESKTOP-HLQBJKB\n\tLogon ID:\t\t0x52770\n\tRead Operation:\t\tEnumerate Credentials\n\nThis event occurs when a user performs a read operation on stored credentials in Credential Manager.","host":{"name":"DESKTOP-HLQBJKB"},"ecs":{"version":"8.0.0"},"agent":{"id":"cd972b96-3be8-47d8-a5c2-01b90907ebe2","name":"ADMINWI-4CVRMD2","type":"winlogbeat","version":"8.12.1","ephemeral_id":"55790eb9-6b77-4bbe-8dbd-6808a3347bc0"},"winlog":{"keywords":["Audit Success"],"provider_guid":"{54849625-5478-4994-a5ba-3e3b0328c30d}","activity_id":"{8093e13c-6079-0002-5be1-93807960db01}","process":{"pid":728,"thread":{"id":8}},"computer_name":"DESKTOP-HLQBJKB","channel":"Security","provider_name":"Microsoft-Windows-Security-Auditing","record_id":4207,"event_data":{"SubjectDomainName":"DESKTOP-HLQBJKB","Type":"0","CountOfCredentialsReturned":"1","ReturnCode":"0","ReadOperation":"%%8100","ClientProcessId":"6400","SubjectUserName":"nisha","TargetName":"MicrosoftAccount:user=nishanthsenthil200@gmail.com","ProcessCreationTime":"2025-01-06T07:16:09.3254568Z","SubjectUserSid":"S-1-5-21-3099673246-488862865-489869272-1001","SubjectLogonId":"0x52770"},"event_id":"5379","opcode":"Info","task":"User Account Management","api":"wineventlog"}}
{"@timestamp":"2025-01-06T07:16:09.401Z","@metadata":{"beat":"winlogbeat","type":"_doc","version":"8.12.1"},"host":{"name":"DESKTOP-HLQBJKB"},"ecs":{"version":"8.0.0"},"agent":{"ephemeral_id":"55790eb9-6b77-4bbe-8dbd-6808a3347bc0","id":"cd972b96-3be8-47d8-a5c2-01b90907ebe2","name":"ADMINWI-4CVRMD2","type":"winlogbeat","version":"8.12.1"},"winlog":{"event_id":"5379","task":"User Account Management","api":"wineventlog","record_id":4208,"provider_name":"Microsoft-Windows-Security-Auditing","opcode":"Info","event_data":{"Type":"0","ReturnCode":"3221226021","ProcessCreationTime":"2025-01-06T07:16:09.3254568Z","ClientProcessId":"6400","TargetName":"WindowsLive:(token):name=nishanthsenthil200@gmail.com;serviceuri=*","CountOfCredentialsReturned":"0","SubjectUserSid":"S-1-5-21-3099673246-488862865-489869272-1001","SubjectDomainName":"DESKTOP-HLQBJKB","SubjectLogonId":"0x52770","ReadOperation":"%%8100","SubjectUserName":"nisha"},"provider_guid":"{54849625-5478-4994-a5ba-3e3b0328c30d}","channel":"Security","activity_id":"{8093e13c-6079-0002-5be1-93807960db01}","process":{"pid":728,"thread":{"id":8}},"computer_name":"DESKTOP-HLQBJKB","keywords":["Audit Success"]},"event":{"provider":"Microsoft-Windows-Security-Auditing","outcome":"success","action":"User Account Management","created":"2025-02-01T09:15:16.514Z","code":"5379","kind":"event"},"log":{"level":"information","file":{"path":"C:\\Users\\admin\\Downloads\\logs\\security.evtx"}},"message":"Credential Manager credentials were read.\n\nSubject:\n\tSecurity ID:\t\tS-1-5-21-3099673246-488862865-489869272-1001\n\tAccount Name:\t\tnisha\n\tAccount Domain:\t\tDESKTOP-HLQBJKB\n\tLogon ID:\t\t0x52770\n\tRead Operation:\t\tEnumerate Credentials\n\nThis event occurs when a user performs a read operation on stored credentials in Credential Manager."}
{"@timestamp":"2025-01-06T07:16:09.401Z","@metadata":{"beat":"winlogbeat","type":"_doc","version":"8.12.1"},"agent":{"name":"ADMINWI-4CVRMD2","type":"winlogbeat","version":"8.12.1","ephemeral_id":"55790eb9-6b77-4bbe-8dbd-6808a3347bc0","id":"cd972b96-3be8-47d8-a5c2-01b90907ebe2"},"ecs":{"version":"8.0.0"},"winlog":{"provider_name":"Microsoft-Windows-Security-Auditing","provider_guid":"{54849625-5478-4994-a5ba-3e3b0328c30d}","activity_id":"{8093e13c-6079-0002-5be1-93807960db01}","process":{"pid":728,"thread":{"id":8}},"record_id":4209,"task":"User Account Management","computer_name":"DESKTOP-HLQBJKB","event_id":"5379","channel":"Security","keywords":["Audit Success"],"event_data":{"SubjectDomainName":"DESKTOP-HLQBJKB","TargetName":"WindowsLive:(cert):name=nishanthsenthil200@gmail.com;serviceuri=*","Type":"0","SubjectUserSid":"S-1-5-21-3099673246-488862865-489869272-1001","SubjectUserName":"nisha","ReadOperation":"%%8100","ReturnCode":"3221226021","ProcessCreationTime":"2025-01-06T07:16:09.3254568Z","CountOfCredentialsReturned":"0","SubjectLogonId":"0x52770","ClientProcessId":"6400"},"opcode":"Info","api":"wineventlog"},"event":{"action":"User Account Management","created":"2025-02-01T09:15:16.514Z","code":"5379","kind":"event","provider":"Microsoft-Windows-Security-Auditing","outcome":"success"},"log":{"level":"information","file":{"path":"C:\\Users\\admin\\Downloads\\logs\\security.evtx"}},"message":"Credential Manager credentials were read.\n\nSubject:\n\tSecurity ID:\t\tS-1-5-21-3099673246-488862865-489869272-1001\n\tAccount Name:\t\tnisha\n\tAccount Domain:\t\tDESKTOP-HLQBJKB\n\tLogon ID:\t\t0x52770\n\tRead Operation:\t\tEnumerate Credentials\n\nThis event occurs when a user performs a read operation on stored credentials in Credential Manager.","host":{"name":"DESKTOP-HLQBJKB"}}
{"@timestamp":"2025-01-06T07:16:09.401Z","@metadata":{"beat":"winlogbeat","type":"_doc","version":"8.12.1"},"agent":{"type":"winlogbeat","version":"8.12.1","ephemeral_id":"55790eb9-6b77-4bbe-8dbd-6808a3347bc0","id":"cd972b96-3be8-47d8-a5c2-01b90907ebe2","name":"ADMINWI-4CVRMD2"},"winlog":{"activity_id":"{8093e13c-6079-0002-5be1-93807960db01}","event_data":{"ReadOperation":"%%8100","ClientProcessId":"6400","SubjectUserName":"nisha","Type":"0","TargetName":"WindowsLive:(token):name=nishanthsenthil200@gmail.com;serviceuri=*","CountOfCredentialsReturned":"0","SubjectDomainName":"DESKTOP-HLQBJKB","ReturnCode":"3221226021","SubjectLogonId":"0x52770","ProcessCreationTime":"2025-01-06T07:16:09.3254568Z","SubjectUserSid":"S-1-5-21-3099673246-488862865-489869272-1001"},"record_id":4210,"computer_name":"DESKTOP-HLQBJKB","process":{"pid":728,"thread":{"id":8}},"provider_name":"Microsoft-Windows-Security-Auditing","keywords":["Audit Success"],"provider_guid":"{54849625-5478-4994-a5ba-3e3b0328c30d}","channel":"Security","api":"wineventlog","opcode":"Info","task":"User Account Management","event_id":"5379"},"event":{"code":"5379","kind":"event","provider":"Microsoft-Windows-Security-Auditing","outcome":"success","action":"User Account Management","created":"2025-02-01T09:15:16.514Z"},"log":{"file":{"path":"C:\\Users\\admin\\Downloads\\logs\\security.evtx"},"level":"information"},"message":"Credential Manager credentials were read.\n\nSubject:\n\tSecurity ID:\t\tS-1-5-21-3099673246-488862865-489869272-1001\n\tAccount Name:\t\tnisha\n\tAccount Domain:\t\tDESKTOP-HLQBJKB\n\tLogon ID:\t\t0x52770\n\tRead Operation:\t\tEnumerate Credentials\n\nThis event occurs when a user performs a read operation on stored credentials in Credential Manager.","host":{"name":"DESKTOP-HLQBJKB"},"ecs":{"version":"8.0.0"}}
{"@timestamp":"2025-01-06T07:16:09.401Z","@metadata":{"beat":"winlogbeat","type":"_doc","version":"8.12.1"},"agent":{"type":"winlogbeat","version":"8.12.1","ephemeral_id":"55790eb9-6b77-4bbe-8dbd-6808a3347bc0","id":"cd972b96-3be8-47d8-a5c2-01b90907ebe2","name":"ADMINWI-4CVRMD2"},"winlog":{"provider_guid":"{54849625-5478-4994-a5ba-3e3b0328c30d}","channel":"Security","keywords":["Audit Success"],"process":{"pid":728,"thread":{"id":8}},"computer_name":"DESKTOP-HLQBJKB","event_id":"5379","provider_name":"Microsoft-Windows-Security-Auditing","opcode":"Info","record_id":4211,"task":"User Account Management","activity_id":"{8093e13c-6079-0002-5be1-93807960db01}","event_data":{"TargetName":"WindowsLive:(cert):name=nishanthsenthil200@gmail.com;serviceuri=*","CountOfCredentialsReturned":"0","ClientProcessId":"6400","SubjectLogonId":"0x52770","SubjectUserName":"nisha","SubjectDomainName":"DESKTOP-HLQBJKB","Type":"0","ReadOperation":"%%8100","ReturnCode":"3221226021","ProcessCreationTime":"2025-01-06T07:16:09.3254568Z","SubjectUserSid":"S-1-5-21-3099673246-488862865-489869272-1001"},"api":"wineventlog"},"event":{"kind":"event","provider":"Microsoft-Windows-Security-Auditing","outcome":"success","action":"User Account Management","created":"2025-02-01T09:15:16.514Z","code":"5379"},"log":{"level":"information","file":{"path":"C:\\Users\\admin\\Downloads\\logs\\security.evtx"}},"message":"Credential Manager credentials were read.\n\nSubject:\n\tSecurity ID:\t\tS-1-5-21-3099673246-488862865-489869272-1001\n\tAccount Name:\t\tnisha\n\tAccount Domain:\t\tDESKTOP-HLQBJKB\n\tLogon ID:\t\t0x52770\n\tRead Operation:\t\tEnumerate Credentials\n\nThis event occurs when a user performs a read operation on stored credentials in Credential Manager.","host":{"name":"DESKTOP-HLQBJKB"},"ecs":{"version":"8.0.0"}}
{"@timestamp":"2025-01-06T07:16:09.402Z","@metadata":{"beat":"winlogbeat","type":"_doc","version":"8.12.1"},"event":{"provider":"Microsoft-Windows-Security-Auditing","outcome":"success","action":"User Account Management","created":"2025-02-01T09:15:16.514Z","code":"5379","kind":"event"},"log":{"file":{"path":"C:\\Users\\admin\\Downloads\\logs\\security.evtx"},"level":"information"},"message":"Credential Manager credentials were read.\n\nSubject:\n\tSecurity ID:\t\tS-1-5-21-3099673246-488862865-489869272-1001\n\tAccount Name:\t\tnisha\n\tAccount Domain:\t\tDESKTOP-HLQBJKB\n\tLogon ID:\t\t0x52770\n\tRead Operation:\t\tEnumerate Credentials\n\nThis event occurs when a user performs a read operation on stored credentials in Credential Manager.","host":{"name":"DESKTOP-HLQBJKB"},"ecs":{"version":"8.0.0"},"agent":{"name":"ADMINWI-4CVRMD2","type":"winlogbeat","version":"8.12.1","ephemeral_id":"55790eb9-6b77-4bbe-8dbd-6808a3347bc0","id":"cd972b96-3be8-47d8-a5c2-01b90907ebe2"},"winlog":{"keywords":["Audit Success"],"provider_guid":"{54849625-5478-4994-a5ba-3e3b0328c30d}","event_data":{"ReadOperation":"%%8100","ProcessCreationTime":"2025-01-06T07:16:09.3254568Z","SubjectUserSid":"S-1-5-21-3099673246-488862865-489869272-1001","ReturnCode":"0","CountOfCredentialsReturned":"1","ClientProcessId":"6400","SubjectUserName":"nisha","SubjectDomainName":"DESKTOP-HLQBJKB","SubjectLogonId":"0x52770","TargetName":"MicrosoftAccount:user=nishanthsenthil200@gmail.com","Type":"0"},"opcode":"Info","channel":"Security","task":"User Account Management","provider_name":"Microsoft-Windows-Security-Auditing","computer_name":"DESKTOP-HLQBJKB","event_id":"5379","record_id":4212,"process":{"thread":{"id":8},"pid":728},"activity_id":"{8093e13c-6079-0002-5be1-93807960db01}","api":"wineventlog"}}
{"@timestamp":"2025-01-06T07:16:09.404Z","@metadata":{"beat":"winlogbeat","type":"_doc","version":"8.12.1"},"agent":{"type":"winlogbeat","version":"8.12.1","ephemeral_id":"55790eb9-6b77-4bbe-8dbd-6808a3347bc0","id":"cd972b96-3be8-47d8-a5c2-01b90907ebe2","name":"ADMINWI-4CVRMD2"},"winlog":{"event_id":"5379","computer_name":"DESKTOP-HLQBJKB","provider_guid":"{54849625-5478-4994-a5ba-3e3b0328c30d}","activity_id":"{8093e13c-6079-0002-5be1-93807960db01}","task":"User Account Management","keywords":["Audit Success"],"event_data":{"ReadOperation":"%%8100","ReturnCode":"0","ProcessCreationTime":"2025-01-06T07:16:09.3254568Z","SubjectUserName":"nisha","Type":"0","CountOfCredentialsReturned":"1","ClientProcessId":"6400","SubjectUserSid":"S-1-5-21-3099673246-488862865-489869272-1001","SubjectDomainName":"DESKTOP-HLQBJKB","SubjectLogonId":"0x52770","TargetName":"MicrosoftAccount:user=nishanthsenthil200@gmail.com"},"process":{"pid":728,"thread":{"id":8}},"channel":"Security","provider_name":"Microsoft-Windows-Security-Auditing","opcode":"Info","api":"wineventlog","record_id":4213},"event":{"created":"2025-02-01T09:15:16.514Z","code":"5379","kind":"event","provider":"Microsoft-Windows-Security-Auditing","outcome":"success","action":"User Account Management"},"log":{"level":"information","file":{"path":"C:\\Users\\admin\\Downloads\\logs\\security.evtx"}},"message":"Credential Manager credentials were read.\n\nSubject:\n\tSecurity ID:\t\tS-1-5-21-3099673246-488862865-489869272-1001\n\tAccount Name:\t\tnisha\n\tAccount Domain:\t\tDESKTOP-HLQBJKB\n\tLogon ID:\t\t0x52770\n\tRead Operation:\t\tEnumerate Credentials\n\nThis event occurs when a user performs a read operation on stored credentials in Credential Manager.","host":{"name":"DESKTOP-HLQBJKB"},"ecs":{"version":"8.0.0"}}
{"@timestamp":"2025-01-06T07:16:09.809Z","@metadata":{"beat":"winlogbeat","type":"_doc","version":"8.12.1"},"ecs":{"version":"8.0.0"},"agent":{"type":"winlogbeat","version":"8.12.1","ephemeral_id":"55790eb9-6b77-4bbe-8dbd-6808a3347bc0","id":"cd972b96-3be8-47d8-a5c2-01b90907ebe2","name":"ADMINWI-4CVRMD2"},"winlog":{"computer_name":"DESKTOP-HLQBJKB","api":"wineventlog","activity_id":"{8093e13c-6079-0002-5be1-93807960db01}","provider_name":"Microsoft-Windows-Security-Auditing","task":"User Account Management","keywords":["Audit Success"],"record_id":4214,"event_id":"5379","opcode":"Info","provider_guid":"{54849625-5478-4994-a5ba-3e3b0328c30d}","event_data":{"ReadOperation":"%%8100","ReturnCode":"0","Type":"0","CountOfCredentialsReturned":"1","SubjectLogonId":"0x52770","SubjectDomainName":"DESKTOP-HLQBJKB","ProcessCreationTime":"2025-01-06T07:16:09.3254568Z","SubjectUserSid":"S-1-5-21-3099673246-488862865-489869272-1001","TargetName":"MicrosoftAccount:user=nishanthsenthil200@gmail.com","ClientProcessId":"6400","SubjectUserName":"nisha"},"process":{"pid":728,"thread":{"id":8}},"channel":"Security"},"event":{"kind":"event","provider":"Microsoft-Windows-Security-Auditing","outcome":"success","action":"User Account Management","created":"2025-02-01T09:15:16.515Z","code":"5379"},"log":{"level":"information","file":{"path":"C:\\Users\\admin\\Downloads\\logs\\security.evtx"}},"message":"Credential Manager credentials were read.\n\nSubject:\n\tSecurity ID:\t\tS-1-5-21-3099673246-488862865-489869272-1001\n\tAccount Name:\t\tnisha\n\tAccount Domain:\t\tDESKTOP-HLQBJKB\n\tLogon ID:\t\t0x52770\n\tRead Operation:\t\tEnumerate Credentials\n\nThis event occurs when a user performs a read operation on stored credentials in Credential Manager.","host":{"name":"DESKTOP-HLQBJKB"}}
{"@timestamp":"2025-01-06T07:16:09.810Z","@metadata":{"beat":"winlogbeat","type":"_doc","version":"8.12.1"},"message":"Credential Manager credentials were read.\n\nSubject:\n\tSecurity ID:\t\tS-1-5-21-3099673246-488862865-489869272-1001\n\tAccount Name:\t\tnisha\n\tAccount Domain:\t\tDESKTOP-HLQBJKB\n\tLogon ID:\t\t0x52770\n\tRead Operation:\t\tEnumerate Credentials\n\nThis event occurs when a user performs a read operation on stored credentials in Credential Manager.","host":{"name":"DESKTOP-HLQBJKB"},"ecs":{"version":"8.0.0"},"agent":{"name":"ADMINWI-4CVRMD2","type":"winlogbeat","version":"8.12.1","ephemeral_id":"55790eb9-6b77-4bbe-8dbd-6808a3347bc0","id":"cd972b96-3be8-47d8-a5c2-01b90907ebe2"},"winlog":{"event_data":{"CountOfCredentialsReturned":"1","ReturnCode":"0","ProcessCreationTime":"2025-01-06T07:16:09.3254568Z","SubjectUserSid":"S-1-5-21-3099673246-488862865-489869272-1001","SubjectLogonId":"0x52770","TargetName":"MicrosoftAccount:user=nishanthsenthil200@gmail.com","Type":"0","SubjectUserName":"nisha","SubjectDomainName":"DESKTOP-HLQBJKB","ReadOperation":"%%8100","ClientProcessId":"6400"},"record_id":4215,"provider_guid":"{54849625-5478-4994-a5ba-3e3b0328c30d}","process":{"pid":728,"thread":{"id":8}},"provider_name":"Microsoft-Windows-Security-Auditing","computer_name":"DESKTOP-HLQBJKB","event_id":"5379","channel":"Security","task":"User Account Management","activity_id":"{8093e13c-6079-0002-5be1-93807960db01}","api":"wineventlog","keywords":["Audit Success"],"opcode":"Info"},"event":{"code":"5379","kind":"event","provider":"Microsoft-Windows-Security-Auditing","outcome":"success","action":"User Account Management","created":"2025-02-01T09:15:16.515Z"},"log":{"level":"information","file":{"path":"C:\\Users\\admin\\Downloads\\logs\\security.evtx"}}}
{"@timestamp":"2025-01-06T07:16:09.810Z","@metadata":{"beat":"winlogbeat","type":"_doc","version":"8.12.1"},"agent":{"name":"ADMINWI-4CVRMD2","type":"winlogbeat","version":"8.12.1","ephemeral_id":"55790eb9-6b77-4bbe-8dbd-6808a3347bc0","id":"cd972b96-3be8-47d8-a5c2-01b90907ebe2"},"event":{"created":"2025-02-01T09:15:16.515Z","code":"5379","kind":"event","provider":"Microsoft-Windows-Security-Auditing","outcome":"success","action":"User Account Management"},"log":{"level":"information","file":{"path":"C:\\Users\\admin\\Downloads\\logs\\security.evtx"}},"message":"Credential Manager credentials were read.\n\nSubject:\n\tSecurity ID:\t\tS-1-5-21-3099673246-488862865-489869272-1001\n\tAccount Name:\t\tnisha\n\tAccount Domain:\t\tDESKTOP-HLQBJKB\n\tLogon ID:\t\t0x52770\n\tRead Operation:\t\tEnumerate Credentials\n\nThis event occurs when a user performs a read operation on stored credentials in Credential Manager.","host":{"name":"DESKTOP-HLQBJKB"},"winlog":{"provider_name":"Microsoft-Windows-Security-Auditing","computer_name":"DESKTOP-HLQBJKB","keywords":["Audit Success"],"record_id":4216,"event_id":"5379","opcode":"Info","task":"User Account Management","event_data":{"ProcessCreationTime":"2025-01-06T07:16:09.3254568Z","SubjectLogonId":"0x52770","TargetName":"MicrosoftAccount:user=nishanthsenthil200@gmail.com","ReadOperation":"%%8100","SubjectUserName":"nisha","SubjectDomainName":"DESKTOP-HLQBJKB","CountOfCredentialsReturned":"1","ReturnCode":"0","ClientProcessId":"6400","SubjectUserSid":"S-1-5-21-3099673246-488862865-489869272-1001","Type":"0"},"provider_guid":"{54849625-5478-4994-a5ba-3e3b0328c30d}","activity_id":"{8093e13c-6079-0002-5be1-93807960db01}","process":{"thread":{"id":8},"pid":728},"api":"wineventlog","channel":"Security"},"ecs":{"version":"8.0.0"}}
{"@timestamp":"2025-01-06T07:16:09.810Z","@metadata":{"beat":"winlogbeat","type":"_doc","version":"8.12.1"},"host":{"name":"DESKTOP-HLQBJKB"},"ecs":{"version":"8.0.0"},"agent":{"ephemeral_id":"55790eb9-6b77-4bbe-8dbd-6808a3347bc0","id":"cd972b96-3be8-47d8-a5c2-01b90907ebe2","name":"ADMINWI-4CVRMD2","type":"winlogbeat","version":"8.12.1"},"winlog":{"record_id":4217,"task":"User Account Management","provider_guid":"{54849625-5478-4994-a5ba-3e3b0328c30d}","event_data":{"ProcessCreationTime":"2025-01-06T07:16:09.3254568Z","SubjectUserSid":"S-1-5-21-3099673246-488862865-489869272-1001","ReadOperation":"%%8100","TargetName":"MicrosoftAccount:user=nishanthsenthil200@gmail.com","Type":"0","SubjectLogonId":"0x52770","ClientProcessId":"6400","SubjectUserName":"nisha","ReturnCode":"0","CountOfCredentialsReturned":"1","SubjectDomainName":"DESKTOP-HLQBJKB"},"channel":"Security","api":"wineventlog","process":{"pid":728,"thread":{"id":8}},"event_id":"5379","provider_name":"Microsoft-Windows-Security-Auditing","activity_id":"{8093e13c-6079-0002-5be1-93807960db01}","keywords":["Audit Success"],"computer_name":"DESKTOP-HLQBJKB","opcode":"Info"},"event":{"provider":"Microsoft-Windows-Security-Auditing","outcome":"success","action":"User Account Management","created":"2025-02-01T09:15:16.515Z","code":"5379","kind":"event"},"log":{"level":"information","file":{"path":"C:\\Users\\admin\\Downloads\\logs\\security.evtx"}},"message":"Credential Manager credentials were read.\n\nSubject:\n\tSecurity ID:\t\tS-1-5-21-3099673246-488862865-489869272-1001\n\tAccount Name:\t\tnisha\n\tAccount Domain:\t\tDESKTOP-HLQBJKB\n\tLogon ID:\t\t0x52770\n\tRead Operation:\t\tEnumerate Credentials\n\nThis event occurs when a user performs a read operation on stored credentials in Credential Manager."}
{"@timestamp":"2025-01-06T07:16:09.811Z","@metadata":{"beat":"winlogbeat","type":"_doc","version":"8.12.1"},"winlog":{"channel":"Security","record_id":4218,"process":{"thread":{"id":8},"pid":728},"api":"wineventlog","keywords":["Audit Success"],"provider_guid":"{54849625-5478-4994-a5ba-3e3b0328c30d}","provider_name":"Microsoft-Windows-Security-Auditing","opcode":"Info","event_data":{"Type":"0","SubjectUserSid":"S-1-5-21-3099673246-488862865-489869272-1001","SubjectLogonId":"0x52770","SubjectUserName":"nisha","ReadOperation":"%%8100","ReturnCode":"0","ProcessCreationTime":"2025-01-06T07:16:09.3254568Z","SubjectDomainName":"DESKTOP-HLQBJKB","TargetName":"MicrosoftAccount:user=nishanthsenthil200@gmail.com","ClientProcessId":"6400","CountOfCredentialsReturned":"1"},"activity_id":"{8093e13c-6079-0002-5be1-93807960db01}","computer_name":"DESKTOP-HLQBJKB","event_id":"5379","task":"User Account Management"},"event":{"created":"2025-02-01T09:15:16.515Z","code":"5379","kind":"event","provider":"Microsoft-Windows-Security-Auditing","outcome":"success","action":"User Account Management"},"log":{"file":{"path":"C:\\Users\\admin\\Downloads\\logs\\security.evtx"},"level":"information"},"message":"Credential Manager credentials were read.\n\nSubject:\n\tSecurity ID:\t\tS-1-5-21-3099673246-488862865-489869272-1001\n\tAccount Name:\t\tnisha\n\tAccount Domain:\t\tDESKTOP-HLQBJKB\n\tLogon ID:\t\t0x52770\n\tRead Operation:\t\tEnumerate Credentials\n\nThis event occurs when a user performs a read operation on stored credentials in Credential Manager.","host":{"name":"DESKTOP-HLQBJKB"},"ecs":{"version":"8.0.0"},"agent":{"name":"ADMINWI-4CVRMD2","type":"winlogbeat","version":"8.12.1","ephemeral_id":"55790eb9-6b77-4bbe-8dbd-6808a3347bc0","id":"cd972b96-3be8-47d8-a5c2-01b90907ebe2"}}
{"@timestamp":"2025-01-06T07:16:09.811Z","@metadata":{"beat":"winlogbeat","type":"_doc","version":"8.12.1"},"agent":{"type":"winlogbeat","version":"8.12.1","ephemeral_id":"55790eb9-6b77-4bbe-8dbd-6808a3347bc0","id":"cd972b96-3be8-47d8-a5c2-01b90907ebe2","name":"ADMINWI-4CVRMD2"},"message":"Credential Manager credentials were read.\n\nSubject:\n\tSecurity ID:\t\tS-1-5-21-3099673246-488862865-489869272-1001\n\tAccount Name:\t\tnisha\n\tAccount Domain:\t\tDESKTOP-HLQBJKB\n\tLogon ID:\t\t0x52770\n\tRead Operation:\t\tEnumerate Credentials\n\nThis event occurs when a user performs a read operation on stored credentials in Credential Manager.","host":{"name":"DESKTOP-HLQBJKB"},"winlog":{"provider_name":"Microsoft-Windows-Security-Auditing","process":{"pid":728,"thread":{"id":8}},"api":"wineventlog","computer_name":"DESKTOP-HLQBJKB","task":"User Account Management","record_id":4219,"keywords":["Audit Success"],"opcode":"Info","activity_id":"{8093e13c-6079-0002-5be1-93807960db01}","channel":"Security","event_data":{"SubjectDomainName":"DESKTOP-HLQBJKB","SubjectLogonId":"0x52770","SubjectUserSid":"S-1-5-21-3099673246-488862865-489869272-1001","TargetName":"MicrosoftAccount:user=nishanthsenthil200@gmail.com","CountOfCredentialsReturned":"1","ReadOperation":"%%8100","Type":"0","ReturnCode":"0","ClientProcessId":"6400","SubjectUserName":"nisha","ProcessCreationTime":"2025-01-06T07:16:09.3254568Z"},"event_id":"5379","provider_guid":"{54849625-5478-4994-a5ba-3e3b0328c30d}"},"event":{"code":"5379","kind":"event","provider":"Microsoft-Windows-Security-Auditing","outcome":"success","action":"User Account Management","created":"2025-02-01T09:15:16.515Z"},"log":{"level":"information","file":{"path":"C:\\Users\\admin\\Downloads\\logs\\security.evtx"}},"ecs":{"version":"8.0.0"}}
{"@timestamp":"2025-01-06T07:16:09.811Z","@metadata":{"beat":"winlogbeat","type":"_doc","version":"8.12.1"},"log":{"level":"information","file":{"path":"C:\\Users\\admin\\Downloads\\logs\\security.evtx"}},"ecs":{"version":"8.0.0"},"agent":{"name":"ADMINWI-4CVRMD2","type":"winlogbeat","version":"8.12.1","ephemeral_id":"55790eb9-6b77-4bbe-8dbd-6808a3347bc0","id":"cd972b96-3be8-47d8-a5c2-01b90907ebe2"},"message":"Credential Manager credentials were read.\n\nSubject:\n\tSecurity ID:\t\tS-1-5-21-3099673246-488862865-489869272-1001\n\tAccount Name:\t\tnisha\n\tAccount Domain:\t\tDESKTOP-HLQBJKB\n\tLogon ID:\t\t0x52770\n\tRead Operation:\t\tEnumerate Credentials\n\nThis event occurs when a user performs a read operation on stored credentials in Credential Manager.","host":{"name":"DESKTOP-HLQBJKB"},"winlog":{"provider_name":"Microsoft-Windows-Security-Auditing","computer_name":"DESKTOP-HLQBJKB","activity_id":"{8093e13c-6079-0002-5be1-93807960db01}","process":{"pid":728,"thread":{"id":8}},"record_id":4220,"provider_guid":"{54849625-5478-4994-a5ba-3e3b0328c30d}","api":"wineventlog","channel":"Security","task":"User Account Management","event_data":{"SubjectDomainName":"DESKTOP-HLQBJKB","Type":"0","CountOfCredentialsReturned":"1","ReturnCode":"0","ProcessCreationTime":"2025-01-06T07:16:09.3254568Z","SubjectUserName":"nisha","SubjectLogonId":"0x52770","ClientProcessId":"6400","SubjectUserSid":"S-1-5-21-3099673246-488862865-489869272-1001","TargetName":"MicrosoftAccount:user=nishanthsenthil200@gmail.com","ReadOperation":"%%8100"},"event_id":"5379","opcode":"Info","keywords":["Audit Success"]},"event":{"action":"User Account Management","created":"2025-02-01T09:15:16.515Z","code":"5379","kind":"event","provider":"Microsoft-Windows-Security-Auditing","outcome":"success"}}
{"@timestamp":"2025-01-06T07:16:09.811Z","@metadata":{"beat":"winlogbeat","type":"_doc","version":"8.12.1"},"winlog":{"event_data":{"SubjectLogonId":"0x52770","SubjectDomainName":"DESKTOP-HLQBJKB","ProcessCreationTime":"2025-01-06T07:16:09.3254568Z","ClientProcessId":"6400","SubjectUserSid":"S-1-5-21-3099673246-488862865-489869272-1001","SubjectUserName":"nisha","Type":"0","CountOfCredentialsReturned":"1","TargetName":"MicrosoftAccount:user=nishanthsenthil200@gmail.com","ReadOperation":"%%8100","ReturnCode":"0"},"api":"wineventlog","record_id":4221,"computer_name":"DESKTOP-HLQBJKB","keywords":["Audit Success"],"opcode":"Info","channel":"Security","event_id":"5379","provider_guid":"{54849625-5478-4994-a5ba-3e3b0328c30d}","process":{"thread":{"id":8},"pid":728},"task":"User Account Management","activity_id":"{8093e13c-6079-0002-5be1-93807960db01}","provider_name":"Microsoft-Windows-Security-Auditing"},"event":{"outcome":"success","action":"User Account Management","created":"2025-02-01T09:15:16.515Z","code":"5379","kind":"event","provider":"Microsoft-Windows-Security-Auditing"},"log":{"level":"information","file":{"path":"C:\\Users\\admin\\Downloads\\logs\\security.evtx"}},"message":"Credential Manager credentials were read.\n\nSubject:\n\tSecurity ID:\t\tS-1-5-21-3099673246-488862865-489869272-1001\n\tAccount Name:\t\tnisha\n\tAccount Domain:\t\tDESKTOP-HLQBJKB\n\tLogon ID:\t\t0x52770\n\tRead Operation:\t\tEnumerate Credentials\n\nThis event occurs when a user performs a read operation on stored credentials in Credential Manager.","host":{"name":"DESKTOP-HLQBJKB"},"agent":{"name":"ADMINWI-4CVRMD2","type":"winlogbeat","version":"8.12.1","ephemeral_id":"55790eb9-6b77-4bbe-8dbd-6808a3347bc0","id":"cd972b96-3be8-47d8-a5c2-01b90907ebe2"},"ecs":{"version":"8.0.0"}}
