{"@timestamp":"2025-01-06T07:14:14.549Z","@metadata":{"beat":"winlogbeat","type":"_doc","version":"8.12.1"},"host":{"name":"DESKTOP-HLQBJKB"},"winlog":{"api":"wineventlog","record_id":508,"event_id":"8224","provider_name":"VSS","task":"None","opcode":"Info","event_data":{"Binary":"2D20436F64653A2020434F525356434330303030303737342D2043616C6C3A2020434F525356434330303030303735362D205049443A202030303030343835362D205449443A202030303030323638302D20434D443A2020433A5C57696E646F77735C73797374656D33325C76737376632E6578652020202D20557365723A204E616D653A204E5420415554484F524954595C53595354454D2C205349443A532D312D352D313820"},"channel":"Application","computer_name":"DESKTOP-HLQBJKB","keywords":["Classic"]},"event":{"created":"2025-02-01T09:15:15.964Z","code":"8224","kind":"event","provider":"VSS","action":"None"},"log":{"file":{"path":"C:\\Users\\admin\\Downloads\\logs\\application.evtx"},"level":"information"},"ecs":{"version":"8.0.0"},"agent":{"name":"ADMINWI-4CVRMD2","type":"winlogbeat","version":"8.12.1","ephemeral_id":"55790eb9-6b77-4bbe-8dbd-6808a3347bc0","id":"cd972b96-3be8-47d8-a5c2-01b90907ebe2"},"message":"The VSS service is shutting down due to idle timeout. "}
{"@timestamp":"2025-01-06T07:14:34.615Z","@metadata":{"beat":"winlogbeat","type":"_doc","version":"8.12.1"},"winlog":{"computer_name":"DESKTOP-HLQBJKB","opcode":"Info","api":"wineventlog","record_id":509,"channel":"Application","process":{"pid":1708,"thread":{"id":3232}},"event_id":"4097","provider_name":"Microsoft-Windows-CAPI2","keywords":["Classic"],"provider_guid":"{5bbca4a8-b209-48dc-a8c7-b23d3e5216fb}","event_data":{"param1":"CN=ISRG Root X1, O=Internet Security Research Group, C=US","param2":"CABD2A79A1076A31F21D253635CB039D4329A5E8"},"task":"None"},"event":{"created":"2025-02-01T09:15:15.964Z","code":"4097","kind":"event","provider":"Microsoft-Windows-CAPI2","action":"None"},"log":{"level":"information","file":{"path":"C:\\Users\\admin\\Downloads\\logs\\application.evtx"}},"message":"Successful auto update of third-party root certificate:: Subject: <CN=ISRG Root X1, O=Internet Security Research Group, C=US> Sha1 thumbprint: <CABD2A79A1076A31F21D253635CB039D4329A5E8>.","host":{"name":"DESKTOP-HLQBJKB"},"ecs":{"version":"8.0.0"},"agent":{"name":"ADMINWI-4CVRMD2","type":"winlogbeat","version":"8.12.1","ephemeral_id":"55790eb9-6b77-4bbe-8dbd-6808a3347bc0","id":"cd972b96-3be8-47d8-a5c2-01b90907ebe2"}}
{"@timestamp":"2025-01-06T07:14:57.385Z","@metadata":{"beat":"winlogbeat","type":"_doc","version":"8.12.1"},"log":{"level":"information","file":{"path":"C:\\Users\\admin\\Downloads\\logs\\application.evtx"}},"message":"Successfully scheduled Software Protection service for re-start at 2025-01-07T07:00:57Z. Reason: RulesEngine.","host":{"name":"DESKTOP-HLQBJKB"},"winlog":{"task":"None","provider_guid":"{E23B33B0-C8C9-472C-A5F9-F2BDFEA0F156}","event_id":"16384","provider_name":"Microsoft-Windows-Security-SPP","api":"wineventlog","channel":"Application","record_id":510,"keywords":["Classic"],"opcode":"Info","computer_name":"DESKTOP-HLQBJKB","event_data":{"param1":"2025-01-07T07:00:57Z","param2":"RulesEngine"}},"ecs":{"version":"8.0.0"},"agent":{"version":"8.12.1","ephemeral_id":"55790eb9-6b77-4bbe-8dbd-6808a3347bc0","id":"cd972b96-3be8-47d8-a5c2-01b90907ebe2","name":"ADMINWI-4CVRMD2","type":"winlogbeat"},"event":{"provider":"Microsoft-Windows-Security-SPP","action":"None","created":"2025-02-01T09:15:15.964Z","code":"16384","kind":"event"}}
{"@timestamp":"2025-01-06T07:15:16.416Z","@metadata":{"beat":"winlogbeat","type":"_doc","version":"8.12.1"},"event":{"provider":"Microsoft-Windows-CAPI2","action":"None","created":"2025-02-01T09:15:15.964Z","code":"4097","kind":"event"},"log":{"level":"information","file":{"path":"C:\\Users\\admin\\Downloads\\logs\\application.evtx"}},"message":"Successful auto update of third-party root certificate:: Subject: <CN=Starfield Root Certificate Authority - G2, O=\"Starfield Technologies, Inc.\", L=Scottsdale, S=Arizona, C=US> Sha1 thumbprint: <B51C067CEE2B0C3DF855AB2D92F4FE39D4E70F0E>.","host":{"name":"DESKTOP-HLQBJKB"},"ecs":{"version":"8.0.0"},"agent":{"type":"winlogbeat","version":"8.12.1","ephemeral_id":"55790eb9-6b77-4bbe-8dbd-6808a3347bc0","id":"cd972b96-3be8-47d8-a5c2-01b90907ebe2","name":"ADMINWI-4CVRMD2"},"winlog":{"task":"None","channel":"Application","event_id":"4097","keywords":["Classic"],"event_data":{"param2":"B51C067CEE2B0C3DF855AB2D92F4FE39D4E70F0E","param1":"CN=Starfield Root Certificate Authority - G2, O=\"Starfield Technologies, Inc.\", L=Scottsdale, S=Arizona, C=US"},"record_id":511,"provider_guid":"{5bbca4a8-b209-48dc-a8c7-b23d3e5216fb}","provider_name":"Microsoft-Windows-CAPI2","api":"wineventlog","process":{"pid":1708,"thread":{"id":580}},"computer_name":"DESKTOP-HLQBJKB","opcode":"Info"}}
{"@timestamp":"2025-01-06T07:15:22.179Z","@metadata":{"beat":"winlogbeat","type":"_doc","version":"8.12.1"},"message":"Successful auto update of third-party root certificate:: Subject: <CN=Starfield Services Root Certificate Authority - G2, O=\"Starfield Technologies, Inc.\", L=Scottsdale, S=Arizona, C=US> Sha1 thumbprint: <925A8F8D2C6D04E0665F596AFF22D863E8256F3F>.","host":{"name":"DESKTOP-HLQBJKB"},"winlog":{"task":"None","opcode":"Info","record_id":512,"keywords":["Classic"],"provider_guid":"{5bbca4a8-b209-48dc-a8c7-b23d3e5216fb}","event_data":{"param1":"CN=Starfield Services Root Certificate Authority - G2, O=\"Starfield Technologies, Inc.\", L=Scottsdale, S=Arizona, C=US","param2":"925A8F8D2C6D04E0665F596AFF22D863E8256F3F"},"provider_name":"Microsoft-Windows-CAPI2","computer_name":"DESKTOP-HLQBJKB","channel":"Application","api":"wineventlog","process":{"pid":1708,"thread":{"id":580}},"event_id":"4097"},"ecs":{"version":"8.0.0"},"agent":{"name":"ADMINWI-4CVRMD2","type":"winlogbeat","version":"8.12.1","ephemeral_id":"55790eb9-6b77-4bbe-8dbd-6808a3347bc0","id":"cd972b96-3be8-47d8-a5c2-01b90907ebe2"},"event":{"code":"4097","kind":"event","provider":"Microsoft-Windows-CAPI2","action":"None","created":"2025-02-01T09:15:15.964Z"},"log":{"level":"information","file":{"path":"C:\\Users\\admin\\Downloads\\logs\\application.evtx"}}}
{"@timestamp":"2025-01-06T07:16:10.433Z","@metadata":{"beat":"winlogbeat","type":"_doc","version":"8.12.1"},"agent":{"ephemeral_id":"55790eb9-6b77-4bbe-8dbd-6808a3347bc0","id":"cd972b96-3be8-47d8-a5c2-01b90907ebe2","name":"ADMINWI-4CVRMD2","type":"winlogbeat","version":"8.12.1"},"message":"Offline downlevel migration succeeded.","host":{"name":"DESKTOP-HLQBJKB"},"winlog":{"event_id":"16394","task":"None","opcode":"Info","keywords":["Classic"],"api":"wineventlog","provider_name":"Microsoft-Windows-Security-SPP","record_id":513,"computer_name":"DESKTOP-HLQBJKB","provider_guid":"{E23B33B0-C8C9-472C-A5F9-F2BDFEA0F156}","channel":"Application"},"event":{"code":"16394","kind":"event","provider":"Microsoft-Windows-Security-SPP","action":"None","created":"2025-02-01T09:15:15.964Z"},"log":{"file":{"path":"C:\\Users\\admin\\Downloads\\logs\\application.evtx"},"level":"information"},"ecs":{"version":"8.0.0"}}
{"@timestamp":"2025-01-06T07:16:52.075Z","@metadata":{"beat":"winlogbeat","type":"_doc","version":"8.12.1"},"winlog":{"opcode":"Info","provider_name":"Microsoft-Windows-Security-SPP","channel":"Application","computer_name":"DESKTOP-HLQBJKB","task":"None","keywords":["Classic"],"event_data":{"param1":"2025-01-07T07:00:52Z","param2":"RulesEngine"},"event_id":"16384","provider_guid":"{E23B33B0-C8C9-472C-A5F9-F2BDFEA0F156}","api":"wineventlog","record_id":514},"event":{"action":"None","created":"2025-02-01T09:15:15.964Z","code":"16384","kind":"event","provider":"Microsoft-Windows-Security-SPP"},"log":{"level":"information","file":{"path":"C:\\Users\\admin\\Downloads\\logs\\application.evtx"}},"message":"Successfully scheduled Software Protection service for re-start at 2025-01-07T07:00:52Z. Reason: RulesEngine.","host":{"name":"DESKTOP-HLQBJKB"},"ecs":{"version":"8.0.0"},"agent":{"name":"ADMINWI-4CVRMD2","type":"winlogbeat","version":"8.12.1","ephemeral_id":"55790eb9-6b77-4bbe-8dbd-6808a3347bc0","id":"cd972b96-3be8-47d8-a5c2-01b90907ebe2"}}
{"@timestamp":"2025-01-06T07:16:54.031Z","@metadata":{"beat":"winlogbeat","type":"_doc","version":"8.12.1"},"ecs":{"version":"8.0.0"},"agent":{"name":"ADMINWI-4CVRMD2","type":"winlogbeat","version":"8.12.1","ephemeral_id":"55790eb9-6b77-4bbe-8dbd-6808a3347bc0","id":"cd972b96-3be8-47d8-a5c2-01b90907ebe2"},"winlog":{"channel":"Application","computer_name":"DESKTOP-HLQBJKB","record_id":515,"api":"wineventlog","provider_guid":"{5bbca4a8-b209-48dc-a8c7-b23d3e5216fb}","event_id":"4097","provider_name":"Microsoft-Windows-CAPI2","event_data":{"param1":"CN=DigiCert High Assurance EV Root CA, OU=www.digicert.com, O=DigiCert Inc, C=US","param2":"5FB7EE0633E259DBAD0C4C9AE6D38F1A61C7DC25"},"process":{"thread":{"id":580},"pid":1708},"opcode":"Info","task":"None","keywords":["Classic"]},"event":{"created":"2025-02-01T09:15:15.964Z","code":"4097","kind":"event","provider":"Microsoft-Windows-CAPI2","action":"None"},"log":{"level":"information","file":{"path":"C:\\Users\\admin\\Downloads\\logs\\application.evtx"}},"message":"Successful auto update of third-party root certificate:: Subject: <CN=DigiCert High Assurance EV Root CA, OU=www.digicert.com, O=DigiCert Inc, C=US> Sha1 thumbprint: <5FB7EE0633E259DBAD0C4C9AE6D38F1A61C7DC25>.","host":{"name":"DESKTOP-HLQBJKB"}}
{"@timestamp":"2025-01-06T07:13:45.338Z","@metadata":{"beat":"winlogbeat","type":"_doc","version":"8.12.1"},"ecs":{"version":"8.0.0"},"agent":{"id":"cd972b96-3be8-47d8-a5c2-01b90907ebe2","name":"ADMINWI-4CVRMD2","type":"winlogbeat","version":"8.12.1","ephemeral_id":"55790eb9-6b77-4bbe-8dbd-6808a3347bc0"},"host":{"name":"DESKTOP-HLQBJKB"},"winlog":{"provider_name":"Microsoft-Windows-Eventlog","process":{"thread":{"id":3272},"pid":1212},"event_id":"104","opcode":"Info","api":"wineventlog","user":{"identifier":"S-1-5-21-3099673246-488862865-489869272-1001"},"task":"Log clear","channel":"System","record_id":446,"provider_guid":"{fc65ddd8-d6ef-4962-83d5-6e5cfe9ce148}","version":1,"user_data":{"Channel":"System","ClientProcessId":"604","ClientProcessStartKey":"1125899906842921","xml_name":"LogFileCleared","SubjectUserName":"nisha","SubjectDomainName":"DESKTOP-HLQBJKB"},"computer_name":"DESKTOP-HLQBJKB"},"event":{"created":"2025-02-01T09:15:16.087Z","code":"104","kind":"event","provider":"Microsoft-Windows-Eventlog","action":"Log clear"},"log":{"level":"information","file":{"path":"C:\\Users\\admin\\Downloads\\logs\\System.evtx"}},"message":"The System log file was cleared."}
{"@timestamp":"2025-01-06T07:14:19.825Z","@metadata":{"beat":"winlogbeat","type":"_doc","version":"8.12.1"},"log":{"level":"warning","file":{"path":"C:\\Users\\admin\\Downloads\\logs\\System.evtx"}},"ecs":{"version":"8.0.0"},"agent":{"version":"8.12.1","ephemeral_id":"55790eb9-6b77-4bbe-8dbd-6808a3347bc0","id":"cd972b96-3be8-47d8-a5c2-01b90907ebe2","name":"ADMINWI-4CVRMD2","type":"winlogbeat"},"message":"The application-specific permission settings do not grant Local Activation permission for the COM Server application with CLSID \n{E579AB5F-1CC4-44B4-BED9-DE0991FF0623}\n and APPID \n{56BE716B-2F76-4DFA-8702-67AE10044F0B}\n to the user DESKTOP-HLQBJKB\\nisha SID (S-1-5-21-3099673246-488862865-489869272-1001) from address LocalHost (Using LRPC) running in the application container Unavailable SID (Unavailable). This security permission can be modified using the Component Services administrative tool.","host":{"name":"DESKTOP-HLQBJKB"},"winlog":{"api":"wineventlog","computer_name":"DESKTOP-HLQBJKB","activity_id":"{74207c25-f701-42aa-a3b2-dbd2e0580464}","process":{"pid":968,"thread":{"id":8608}},"provider_guid":"{1B562E86-B7AA-4131-BADC-B6F3A001407E}","event_id":"10016","user":{"identifier":"S-1-5-21-3099673246-488862865-489869272-1001"},"event_data":{"param1":"application-specific","param10":"Unavailable","param4":"{E579AB5F-1CC4-44B4-BED9-DE0991FF0623}","param5":"{56BE716B-2F76-4DFA-8702-67AE10044F0B}","param6":"DESKTOP-HLQBJKB","param9":"LocalHost (Using LRPC)","param11":"Unavailable","param7":"nisha","param8":"S-1-5-21-3099673246-488862865-489869272-1001","param2":"Local","param3":"Activation"},"opcode":"Info","record_id":447,"channel":"System","task":"None","keywords":["Classic"],"provider_name":"Microsoft-Windows-DistributedCOM"},"event":{"kind":"event","provider":"Microsoft-Windows-DistributedCOM","action":"None","created":"2025-02-01T09:15:16.087Z","code":"10016"}}
{"@timestamp":"2025-01-06T07:16:10.015Z","@metadata":{"beat":"winlogbeat","type":"_doc","version":"8.12.1"},"agent":{"version":"8.12.1","ephemeral_id":"55790eb9-6b77-4bbe-8dbd-6808a3347bc0","id":"cd972b96-3be8-47d8-a5c2-01b90907ebe2","name":"ADMINWI-4CVRMD2","type":"winlogbeat"},"event":{"provider":"Microsoft-Windows-DistributedCOM","action":"None","created":"2025-02-01T09:15:16.087Z","code":"10016","kind":"event"},"log":{"level":"warning","file":{"path":"C:\\Users\\admin\\Downloads\\logs\\System.evtx"}},"message":"The machine-default permission settings do not grant Local Activation permission for the COM Server application with CLSID \n{C2F03A33-21F5-47FA-B4BB-156362A2F239}\n and APPID \n{316CDED5-E4AE-4B15-9113-7055D84DCC97}\n to the user DESKTOP-HLQBJKB\\nisha SID (S-1-5-21-3099673246-488862865-489869272-1001) from address LocalHost (Using LRPC) running in the application container Microsoft.Windows.ShellExperienceHost_10.0.19041.1949_neutral_neutral_cw5n1h2txyewy SID (S-1-15-2-155514346-2573954481-755741238-1654018636-1233331829-3075935687-2861478708). This security permission can be modified using the Component Services administrative tool.","host":{"name":"DESKTOP-HLQBJKB"},"winlog":{"task":"None","channel":"System","opcode":"Info","event_data":{"param9":"LocalHost (Using LRPC)","param2":"Local","param1":"machine-default","param5":"{316CDED5-E4AE-4B15-9113-7055D84DCC97}","param6":"DESKTOP-HLQBJKB","param3":"Activation","param4":"{C2F03A33-21F5-47FA-B4BB-156362A2F239}","param8":"S-1-5-21-3099673246-488862865-489869272-1001","param10":"Microsoft.Windows.ShellExperienceHost_10.0.19041.1949_neutral_neutral_cw5n1h2txyewy","param11":"S-1-15-2-155514346-2573954481-755741238-1654018636-1233331829-3075935687-2861478708","param7":"nisha"},"record_id":448,"computer_name":"DESKTOP-HLQBJKB","process":{"thread":{"id":6000},"pid":968},"api":"wineventlog","provider_guid":"{1B562E86-B7AA-4131-BADC-B6F3A001407E}","event_id":"10016","activity_id":"{f730ed50-d6de-4765-875d-7d2763619dac}","provider_name":"Microsoft-Windows-DistributedCOM","keywords":["Classic"],"user":{"identifier":"S-1-5-21-3099673246-488862865-489869272-1001"}},"ecs":{"version":"8.0.0"}}
{"@timestamp":"2025-01-06T07:16:10.050Z","@metadata":{"beat":"winlogbeat","type":"_doc","version":"8.12.1"},"event":{"provider":"Service Control Manager","action":"None","created":"2025-02-01T09:15:16.087Z","code":"7040","kind":"event"},"log":{"level":"information","file":{"path":"C:\\Users\\admin\\Downloads\\logs\\System.evtx"}},"ecs":{"version":"8.0.0"},"agent":{"name":"ADMINWI-4CVRMD2","type":"winlogbeat","version":"8.12.1","ephemeral_id":"55790eb9-6b77-4bbe-8dbd-6808a3347bc0","id":"cd972b96-3be8-47d8-a5c2-01b90907ebe2"},"message":"The start type of the Windows Modules Installer service was changed from demand start to auto start.","host":{"name":"DESKTOP-HLQBJKB"},"winlog":{"keywords":["Classic"],"process":{"pid":708,"thread":{"id":3304}},"channel":"System","user":{"type":"Well Known Group","identifier":"S-1-5-18","domain":"NT AUTHORITY","name":"SYSTEM"},"provider_guid":"{555908d1-a6d7-4695-8e1e-26931d2012f4}","api":"wineventlog","opcode":"Info","event_data":{"param2":"demand start","param3":"auto start","param4":"TrustedInstaller","param1":"Windows Modules Installer"},"task":"None","event_id":"7040","computer_name":"DESKTOP-HLQBJKB","record_id":449,"provider_name":"Service Control Manager"}}
{"@timestamp":"2025-01-06T07:16:30.767Z","@metadata":{"beat":"winlogbeat","type":"_doc","version":"8.12.1"},"winlog":{"provider_guid":"{945a8954-c147-4acd-923f-40c45405a658}","event_id":"44","version":1,"record_id":450,"process":{"pid":3728,"thread":{"id":4216}},"event_data":{"updateTitle":"2023-05 Cumulative Update for Windows 10 Version 22H2 for x64-based Systems (KB5026361)","updateGuid":"{c820c6e2-be6d-4ba1-9f8f-29c76f6dd714}","updateRevisionNumber":"1"},"opcode":"Download","task":"Windows Update Agent","computer_name":"DESKTOP-HLQBJKB","channel":"System","provider_name":"Microsoft-Windows-WindowsUpdateClient","keywords":["Download","Started"],"user":{"name":"SYSTEM","type":"Well Known Group","identifier":"S-1-5-18","domain":"NT AUTHORITY"},"api":"wineventlog"},"event":{"provider":"Microsoft-Windows-WindowsUpdateClient","action":"Windows Update Agent","created":"2025-02-01T09:15:16.087Z","code":"44","kind":"event"},"log":{"level":"information","file":{"path":"C:\\Users\\admin\\Downloads\\logs\\System.evtx"}},"message":"Windows Update started downloading an update.","host":{"name":"DESKTOP-HLQBJKB"},"ecs":{"version":"8.0.0"},"agent":{"name":"ADMINWI-4CVRMD2","type":"winlogbeat","version":"8.12.1","ephemeral_id":"55790eb9-6b77-4bbe-8dbd-6808a3347bc0","id":"cd972b96-3be8-47d8-a5c2-01b90907ebe2"}}
{"@timestamp":"2025-01-06T07:13:40.182Z","@metadata":{"beat":"winlogbeat","type":"_doc","version":"8.12.1"},"winlog":{"channel":"Security","event_id":"1102","task":"Log clear","provider_name":"Microsoft-Windows-Eventlog","version":1,"opcode":"Info","record_id":4183,"process":{"thread":{"id":1148},"pid":1212},"keywords":["Audit Success"],"user_data":{"SubjectUserSid":"S-1-5-21-3099673246-488862865-489869272-1001","SubjectUserName":"nisha","SubjectDomainName":"DESKTOP-HLQBJKB","SubjectLogonId":"0x5273a","ClientProcessId":"604","ClientProcessStartKey":"1125899906842921","xml_name":"LogFileCleared"},"computer_name":"DESKTOP-HLQBJKB","provider_guid":"{fc65ddd8-d6ef-4962-83d5-6e5cfe9ce148}","api":"wineventlog"},"event":{"code":"1102","kind":"event","provider":"Microsoft-Windows-Eventlog","outcome":"success","action":"Log clear","created":"2025-02-01T09:15:16.513Z"},"log":{"level":"information","file":{"path":"C:\\Users\\admin\\Downloads\\logs\\security.evtx"}},"message":"The audit log was cleared.\nSubject:\n\tSecurity ID:\tS-1-5-21-3099673246-488862865-489869272-1001\n\tAccount Name:\tnisha\n\tDomain Name:\tDESKTOP-HLQBJKB\n\tLogon ID:\t0x5273A","host":{"name":"DESKTOP-HLQBJKB"},"ecs":{"version":"8.0.0"},"agent":{"id":"cd972b96-3be8-47d8-a5c2-01b90907ebe2","name":"ADMINWI-4CVRMD2","type":"winlogbeat","version":"8.12.1","ephemeral_id":"55790eb9-6b77-4bbe-8dbd-6808a3347bc0"}}
{"@timestamp":"2025-01-06T07:13:44.053Z","@metadata":{"beat":"winlogbeat","type":"_doc","version":"8.12.1"},"winlog":{"record_id":4184,"event_id":"4624","event_data":{"AuthenticationPackageName":"Negotiate","ElevatedToken":"%%1842","TargetLinkedLogonId":"0x0","TargetOutboundDomainName":"-","LmPackageName":"-","TargetOutboundUserName":"-","ImpersonationLevel":"%%1833","IpPort":"-","SubjectDomainName":"WORKGROUP","LogonGuid":"{00000000-0000-0000-0000-000000000000}","SubjectUserName":"DESKTOP-HLQBJKB$","TargetLogonId":"0x3e7","TargetUserSid":"S-1-5-18","TargetUserName":"SYSTEM","TargetDomainName":"NT AUTHORITY","SubjectLogonId":"0x3e7","VirtualAccount":"%%1843","TransmittedServices":"-","WorkstationName":"-","ProcessId":"0x2c4","LogonProcessName":"Advapi  ","LogonType":"5","IpAddress":"-","ProcessName":"C:\\Windows\\System32\\services.exe","SubjectUserSid":"S-1-5-18","RestrictedAdminMode":"-","KeyLength":"0"},"task":"Logon","activity_id":"{8093e13c-6079-0002-5be1-93807960db01}","api":"wineventlog","channel":"Security","provider_name":"Microsoft-Windows-Security-Auditing","provider_guid":"{54849625-5478-4994-a5ba-3e3b0328c30d}","computer_name":"DESKTOP-HLQBJKB","version":2,"keywords":["Audit Success"],"opcode":"Info","process":{"pid":728,"thread":{"id":8}}},"event":{"action":"Logon","created":"2025-02-01T09:15:16.513Z","code":"4624","kind":"event","provider":"Microsoft-Windows-Security-Auditing","outcome":"success"},"log":{"level":"information","file":{"path":"C:\\Users\\admin\\Downloads\\logs\\security.evtx"}},"message":"An account was successfully logged on.\n\nSubject:\n\tSecurity ID:\t\tS-1-5-18\n\tAccount Name:\t\tDESKTOP-HLQBJKB$\n\tAccount Domain:\t\tWORKGROUP\n\tLogon ID:\t\t0x3E7\n\nLogon Information:\n\tLogon Type:\t\t5\n\tRestricted Admin Mode:\t-\n\tVirtual Account:\t\tNo\n\tElevated Token:\t\tYes\n\nImpersonation Level:\t\tImpersonation\n\nNew Logon:\n\tSecurity ID:\t\tS-1-5-18\n\tAccount Name:\t\tSYSTEM\n\tAccount Domain:\t\tNT AUTHORITY\n\tLogon ID:\t\t0x3E7\n\tLinked Logon ID:\t\t0x0\n\tNetwork Account Name:\t-\n\tNetwork Account Domain:\t-\n\tLogon GUID:\t\t{00000000-0000-0000-0000-000000000000}\n\nProcess Information:\n\tProcess ID:\t\t0x2c4\n\tProcess Name:\t\tC:\\Windows\\System32\\services.exe\n\nNetwork Information:\n\tWorkstation Name:\t-\n\tSource Network Address:\t-\n\tSource Port:\t\t-\n\nDetailed Authentication Information:\n\tLogon Process:\t\tAdvapi  \n\tAuthentication Package:\tNegotiate\n\tTransited Services:\t-\n\tPackage Name (NTLM only):\t-\n\tKey Length:\t\t0\n\nThis event is generated when a logon session is created. It is generated on the computer that was accessed.\n\nThe subject fields indicate the account on the local system which requested the logon. This is most commonly a service such as the Server service, or a local process such as Winlogon.exe or Services.exe.\n\nThe logon type field indicates the kind of logon that occurred. The most common types are 2 (interactive) and 3 (network).\n\nThe New Logon fields indicate the account for whom the new logon was created, i.e. the account that was logged on.\n\nThe network fields indicate where a remote logon request originated. Workstation name is not always available and may be left blank in some cases.\n\nThe impersonation level field indicates the extent to which a process in the logon session can impersonate.\n\nThe authentication information fields provide detailed information about this specific logon request.\n\t- Logon GUID is a unique identifier that can be used to correlate this event with a KDC event.\n\t- Transited services indicate which intermediate services have participated in this logon request.\n\t- Package name indicates which sub-protocol was used among the NTLM protocols.\n\t- Key length indicates the length of the generated session key. This will be 0 if no session key was requested.","host":{"name":"DESKTOP-HLQBJKB"},"ecs":{"version":"8.0.0"},"agent":{"name":"ADMINWI-4CVRMD2","type":"winlogbeat","version":"8.12.1","ephemeral_id":"55790eb9-6b77-4bbe-8dbd-6808a3347bc0","id":"cd972b96-3be8-47d8-a5c2-01b90907ebe2"}}
{"@timestamp":"2025-01-06T07:13:44.053Z","@metadata":{"beat":"winlogbeat","type":"_doc","version":"8.12.1"},"ecs":{"version":"8.0.0"},"agent":{"name":"ADMINWI-4CVRMD2","type":"winlogbeat","version":"8.12.1","ephemeral_id":"55790eb9-6b77-4bbe-8dbd-6808a3347bc0","id":"cd972b96-3be8-47d8-a5c2-01b90907ebe2"},"winlog":{"record_id":4185,"activity_id":"{8093e13c-6079-0002-5be1-93807960db01}","provider_guid":"{54849625-5478-4994-a5ba-3e3b0328c30d}","channel":"Security","computer_name":"DESKTOP-HLQBJKB","keywords":["Audit Success"],"task":"Special Logon","opcode":"Info","process":{"pid":728,"thread":{"id":8}},"event_data":{"SubjectUserSid":"S-1-5-18","SubjectUserName":"SYSTEM","SubjectDomainName":"NT AUTHORITY","SubjectLogonId":"0x3e7","PrivilegeList":"SeAssignPrimaryTokenPrivilege\n\t\t\tSeTcbPrivilege\n\t\t\tSeSecurityPrivilege\n\t\t\tSeTakeOwnershipPrivilege\n\t\t\tSeLoadDriverPrivilege\n\t\t\tSeBackupPrivilege\n\t\t\tSeRestorePrivilege\n\t\t\tSeDebugPrivilege\n\t\t\tSeAuditPrivilege\n\t\t\tSeSystemEnvironmentPrivilege\n\t\t\tSeImpersonatePrivilege\n\t\t\tSeDelegateSessionUserImpersonatePrivilege"},"provider_name":"Microsoft-Windows-Security-Auditing","event_id":"4672","api":"wineventlog"},"event":{"created":"2025-02-01T09:15:16.513Z","code":"4672","kind":"event","provider":"Microsoft-Windows-Security-Auditing","outcome":"success","action":"Special Logon"},"log":{"file":{"path":"C:\\Users\\admin\\Downloads\\logs\\security.evtx"},"level":"information"},"message":"Special privileges assigned to new logon.\n\nSubject:\n\tSecurity ID:\t\tS-1-5-18\n\tAccount Name:\t\tSYSTEM\n\tAccount Domain:\t\tNT AUTHORITY\n\tLogon ID:\t\t0x3E7\n\nPrivileges:\t\tSeAssignPrimaryTokenPrivilege\n\t\t\tSeTcbPrivilege\n\t\t\tSeSecurityPrivilege\n\t\t\tSeTakeOwnershipPrivilege\n\t\t\tSeLoadDriverPrivilege\n\t\t\tSeBackupPrivilege\n\t\t\tSeRestorePrivilege\n\t\t\tSeDebugPrivilege\n\t\t\tSeAuditPrivilege\n\t\t\tSeSystemEnvironmentPrivilege\n\t\t\tSeImpersonatePrivilege\n\t\t\tSeDelegateSessionUserImpersonatePrivilege","host":{"name":"DESKTOP-HLQBJKB"}}
{"@timestamp":"2025-01-06T07:14:27.177Z","@metadata":{"beat":"winlogbeat","type":"_doc","version":"8.12.1"},"log":{"level":"information","file":{"path":"C:\\Users\\admin\\Downloads\\logs\\security.evtx"}},"message":"An account was successfully logged on.\n\nSubject:\n\tSecurity ID:\t\tS-1-5-18\n\tAccount Name:\t\tDESKTOP-HLQBJKB$\n\tAccount Domain:\t\tWORKGROUP\n\tLogon ID:\t\t0x3E7\n\nLogon Information:\n\tLogon Type:\t\t5\n\tRestricted Admin Mode:\t-\n\tVirtual Account:\t\tNo\n\tElevated Token:\t\tYes\n\nImpersonation Level:\t\tImpersonation\n\nNew Logon:\n\tSecurity ID:\t\tS-1-5-18\n\tAccount Name:\t\tSYSTEM\n\tAccount Domain:\t\tNT AUTHORITY\n\tLogon ID:\t\t0x3E7\n\tLinked Logon ID:\t\t0x0\n\tNetwork Account Name:\t-\n\tNetwork Account Domain:\t-\n\tLogon GUID:\t\t{00000000-0000-0000-0000-000000000000}\n\nProcess Information:\n\tProcess ID:\t\t0x2c4\n\tProcess Name:\t\tC:\\Windows\\System32\\services.exe\n\nNetwork Information:\n\tWorkstation Name:\t-\n\tSource Network Address:\t-\n\tSource Port:\t\t-\n\nDetailed Authentication Information:\n\tLogon Process:\t\tAdvapi  \n\tAuthentication Package:\tNegotiate\n\tTransited Services:\t-\n\tPackage Name (NTLM only):\t-\n\tKey Length:\t\t0\n\nThis event is generated when a logon session is created. It is generated on the computer that was accessed.\n\nThe subject fields indicate the account on the local system which requested the logon. This is most commonly a service such as the Server service, or a local process such as Winlogon.exe or Services.exe.\n\nThe logon type field indicates the kind of logon that occurred. The most common types are 2 (interactive) and 3 (network).\n\nThe New Logon fields indicate the account for whom the new logon was created, i.e. the account that was logged on.\n\nThe network fields indicate where a remote logon request originated. Workstation name is not always available and may be left blank in some cases.\n\nThe impersonation level field indicates the extent to which a process in the logon session can impersonate.\n\nThe authentication information fields provide detailed information about this specific logon request.\n\t- Logon GUID is a unique identifier that can be used to correlate this event with a KDC event.\n\t- Transited services indicate which intermediate services have participated in this logon request.\n\t- Package name indicates which sub-protocol was used among the NTLM protocols.\n\t- Key length indicates the length of the generated session key. This will be 0 if no session key was requested.","host":{"name":"DESKTOP-HLQBJKB"},"ecs":{"version":"8.0.0"},"agent":{"name":"ADMINWI-4CVRMD2","type":"winlogbeat","version":"8.12.1","ephemeral_id":"55790eb9-6b77-4bbe-8dbd-6808a3347bc0","id":"cd972b96-3be8-47d8-a5c2-01b90907ebe2"},"winlog":{"provider_guid":"{54849625-5478-4994-a5ba-3e3b0328c30d}","channel":"Security","task":"Logon","keywords":["Audit Success"],"api":"wineventlog","version":2,"activity_id":"{8093e13c-6079-0002-5be1-93807960db01}","event_data":{"RestrictedAdminMode":"-","VirtualAccount":"%%1843","TransmittedServices":"-","LogonGuid":"{00000000-0000-0000-0000-000000000000}","TargetLinkedLogonId":"0x0","TargetUserName":"SYSTEM","WorkstationName":"-","TargetOutboundUserName":"-","IpAddress":"-","LmPackageName":"-","ProcessId":"0x2c4","SubjectUserName":"DESKTOP-HLQBJKB$","ImpersonationLevel":"%%1833","SubjectDomainName":"WORKGROUP","TargetOutboundDomainName":"-","LogonType":"5","KeyLength":"0","TargetUserSid":"S-1-5-18","LogonProcessName":"Advapi  ","ElevatedToken":"%%1842","TargetDomainName":"NT AUTHORITY","TargetLogonId":"0x3e7","SubjectUserSid":"S-1-5-18","AuthenticationPackageName":"Negotiate","ProcessName":"C:\\Windows\\System32\\services.exe","SubjectLogonId":"0x3e7","IpPort":"-"},"event_id":"4624","opcode":"Info","record_id":4186,"computer_name":"DESKTOP-HLQBJKB","process":{"pid":728,"thread":{"id":8}},"provider_name":"Microsoft-Windows-Security-Auditing"},"event":{"code":"4624","kind":"event","provider":"Microsoft-Windows-Security-Auditing","outcome":"success","action":"Logon","created":"2025-02-01T09:15:16.513Z"}}
{"@timestamp":"2025-01-06T07:14:27.177Z","@metadata":{"beat":"winlogbeat","type":"_doc","version":"8.12.1"},"agent":{"type":"winlogbeat","version":"8.12.1","ephemeral_id":"55790eb9-6b77-4bbe-8dbd-6808a3347bc0","id":"cd972b96-3be8-47d8-a5c2-01b90907ebe2","name":"ADMINWI-4CVRMD2"},"winlog":{"channel":"Security","provider_name":"Microsoft-Windows-Security-Auditing","api":"wineventlog","record_id":4187,"computer_name":"DESKTOP-HLQBJKB","event_id":"4672","task":"Special Logon","keywords":["Audit Success"],"opcode":"Info","event_data":{"SubjectUserName":"SYSTEM","SubjectDomainName":"NT AUTHORITY","SubjectLogonId":"0x3e7","PrivilegeList":"SeAssignPrimaryTokenPrivilege\n\t\t\tSeTcbPrivilege\n\t\t\tSeSecurityPrivilege\n\t\t\tSeTakeOwnershipPrivilege\n\t\t\tSeLoadDriverPrivilege\n\t\t\tSeBackupPrivilege\n\t\t\tSeRestorePrivilege\n\t\t\tSeDebugPrivilege\n\t\t\tSeAuditPrivilege\n\t\t\tSeSystemEnvironmentPrivilege\n\t\t\tSeImpersonatePrivilege\n\t\t\tSeDelegateSessionUserImpersonatePrivilege","SubjectUserSid":"S-1-5-18"},"process":{"pid":728,"thread":{"id":8}},"provider_guid":"{54849625-5478-4994-a5ba-3e3b0328c30d}","activity_id":"{8093e13c-6079-0002-5be1-93807960db01}"},"event":{"kind":"event","provider":"Microsoft-Windows-Security-Auditing","outcome":"success","action":"Special Logon","created":"2025-02-01T09:15:16.513Z","code":"4672"},"log":{"level":"information","file":{"path":"C:\\Users\\admin\\Downloads\\logs\\security.evtx"}},"message":"Special privileges assigned to new logon.\n\nSubject:\n\tSecurity ID:\t\tS-1-5-18\n\tAccount Name:\t\tSYSTEM\n\tAccount Domain:\t\tNT AUTHORITY\n\tLogon ID:\t\t0x3E7\n\nPrivileges:\t\tSeAssignPrimaryTokenPrivilege\n\t\t\tSeTcbPrivilege\n\t\t\tSeSecurityPrivilege\n\t\t\tSeTakeOwnershipPrivilege\n\t\t\tSeLoadDriverPrivilege\n\t\t\tSeBackupPrivilege\n\t\t\tSeRestorePrivilege\n\t\t\tSeDebugPrivilege\n\t\t\tSeAuditPrivilege\n\t\t\tSeSystemEnvironmentPrivilege\n\t\t\tSeImpersonatePrivilege\n\t\t\tSeDelegateSessionUserImpersonatePrivilege","host":{"name":"DESKTOP-HLQBJKB"},"ecs":{"version":"8.0.0"}}
{"@timestamp":"2025-01-06T07:16:09.203Z","@metadata":{"beat":"winlogbeat","type":"_doc","version":"8.12.1"},"event":{"provider":"Microsoft-Windows-Security-Auditing","outcome":"success","action":"Logon","created":"2025-02-01T09:15:16.514Z","code":"4624","kind":"event"},"log":{"level":"information","file":{"path":"C:\\Users\\admin\\Downloads\\logs\\security.evtx"}},"message":"An account was successfully logged on.\n\nSubject:\n\tSecurity ID:\t\tS-1-5-18\n\tAccount Name:\t\tDESKTOP-HLQBJKB$\n\tAccount Domain:\t\tWORKGROUP\n\tLogon ID:\t\t0x3E7\n\nLogon Information:\n\tLogon Type:\t\t5\n\tRestricted Admin Mode:\t-\n\tVirtual Account:\t\tNo\n\tElevated Token:\t\tYes\n\nImpersonation Level:\t\tImpersonation\n\nNew Logon:\n\tSecurity ID:\t\tS-1-5-18\n\tAccount Name:\t\tSYSTEM\n\tAccount Domain:\t\tNT AUTHORITY\n\tLogon ID:\t\t0x3E7\n\tLinked Logon ID:\t\t0x0\n\tNetwork Account Name:\t-\n\tNetwork Account Domain:\t-\n\tLogon GUID:\t\t{00000000-0000-0000-0000-000000000000}\n\nProcess Information:\n\tProcess ID:\t\t0x2c4\n\tProcess Name:\t\tC:\\Windows\\System32\\services.exe\n\nNetwork Information:\n\tWorkstation Name:\t-\n\tSource Network Address:\t-\n\tSource Port:\t\t-\n\nDetailed Authentication Information:\n\tLogon Process:\t\tAdvapi  \n\tAuthentication Package:\tNegotiate\n\tTransited Services:\t-\n\tPackage Name (NTLM only):\t-\n\tKey Length:\t\t0\n\nThis event is generated when a logon session is created. It is generated on the computer that was accessed.\n\nThe subject fields indicate the account on the local system which requested the logon. This is most commonly a service such as the Server service, or a local process such as Winlogon.exe or Services.exe.\n\nThe logon type field indicates the kind of logon that occurred. The most common types are 2 (interactive) and 3 (network).\n\nThe New Logon fields indicate the account for whom the new logon was created, i.e. the account that was logged on.\n\nThe network fields indicate where a remote logon request originated. Workstation name is not always available and may be left blank in some cases.\n\nThe impersonation level field indicates the extent to which a process in the logon session can impersonate.\n\nThe authentication information fields provide detailed information about this specific logon request.\n\t- Logon GUID is a unique identifier that can be used to correlate this event with a KDC event.\n\t- Transited services indicate which intermediate services have participated in this logon request.\n\t- Package name indicates which sub-protocol was used among the NTLM protocols.\n\t- Key length indicates the length of the generated session key. This will be 0 if no session key was requested.","ecs":{"version":"8.0.0"},"agent":{"ephemeral_id":"55790eb9-6b77-4bbe-8dbd-6808a3347bc0","id":"cd972b96-3be8-47d8-a5c2-01b90907ebe2","name":"ADMINWI-4CVRMD2","type":"winlogbeat","version":"8.12.1"},"host":{"name":"DESKTOP-HLQBJKB"},"winlog":{"process":{"pid":728,"thread":{"id":4524}},"keywords":["Audit Success"],"event_data":{"LogonType":"5","TargetUserName":"SYSTEM","LogonGuid":"{00000000-0000-0000-0000-000000000000}","ElevatedToken":"%%1842","IpPort":"-","SubjectUserName":"DESKTOP-HLQBJKB$","AuthenticationPackageName":"Negotiate","LmPackageName":"-","ImpersonationLevel":"%%1833","IpAddress":"-","TargetOutboundUserName":"-","ProcessName":"C:\\Windows\\System32\\services.exe","TargetLogonId":"0x3e7","TargetOutboundDomainName":"-","KeyLength":"0","VirtualAccount":"%%1843","SubjectDomainName":"WORKGROUP","WorkstationName":"-","ProcessId":"0x2c4","TargetLinkedLogonId":"0x0","SubjectLogonId":"0x3e7","LogonProcessName":"Advapi  ","RestrictedAdminMode":"-","TransmittedServices":"-","SubjectUserSid":"S-1-5-18","TargetUserSid":"S-1-5-18","TargetDomainName":"NT AUTHORITY"},"task":"Logon","provider_name":"Microsoft-Windows-Security-Auditing","computer_name":"DESKTOP-HLQBJKB","version":2,"record_id":4188,"activity_id":"{8093e13c-6079-0002-5be1-93807960db01}","opcode":"Info","api":"wineventlog","event_id":"4624","provider_guid":"{54849625-5478-4994-a5ba-3e3b0328c30d}","channel":"Security"}}
{"@timestamp":"2025-01-06T07:16:09.203Z","@metadata":{"beat":"winlogbeat","type":"_doc","version":"8.12.1"},"log":{"level":"information","file":{"path":"C:\\Users\\admin\\Downloads\\logs\\security.evtx"}},"message":"Special privileges assigned to new logon.\n\nSubject:\n\tSecurity ID:\t\tS-1-5-18\n\tAccount Name:\t\tSYSTEM\n\tAccount Domain:\t\tNT AUTHORITY\n\tLogon ID:\t\t0x3E7\n\nPrivileges:\t\tSeAssignPrimaryTokenPrivilege\n\t\t\tSeTcbPrivilege\n\t\t\tSeSecurityPrivilege\n\t\t\tSeTakeOwnershipPrivilege\n\t\t\tSeLoadDriverPrivilege\n\t\t\tSeBackupPrivilege\n\t\t\tSeRestorePrivilege\n\t\t\tSeDebugPrivilege\n\t\t\tSeAuditPrivilege\n\t\t\tSeSystemEnvironmentPrivilege\n\t\t\tSeImpersonatePrivilege\n\t\t\tSeDelegateSessionUserImpersonatePrivilege","host":{"name":"DESKTOP-HLQBJKB"},"ecs":{"version":"8.0.0"},"agent":{"name":"ADMINWI-4CVRMD2","type":"winlogbeat","version":"8.12.1","ephemeral_id":"55790eb9-6b77-4bbe-8dbd-6808a3347bc0","id":"cd972b96-3be8-47d8-a5c2-01b90907ebe2"},"winlog":{"keywords":["Audit Success"],"provider_guid":"{54849625-5478-4994-a5ba-3e3b0328c30d}","process":{"pid":728,"thread":{"id":4524}},"channel":"Security","provider_name":"Microsoft-Windows-Security-Auditing","api":"wineventlog","activity_id":"{8093e13c-6079-0002-5be1-93807960db01}","event_id":"4672","task":"Special Logon","opcode":"Info","record_id":4189,"event_data":{"SubjectLogonId":"0x3e7","PrivilegeList":"SeAssignPrimaryTokenPrivilege\n\t\t\tSeTcbPrivilege\n\t\t\tSeSecurityPrivilege\n\t\t\tSeTakeOwnershipPrivilege\n\t\t\tSeLoadDriverPrivilege\n\t\t\tSeBackupPrivilege\n\t\t\tSeRestorePrivilege\n\t\t\tSeDebugPrivilege\n\t\t\tSeAuditPrivilege\n\t\t\tSeSystemEnvironmentPrivilege\n\t\t\tSeImpersonatePrivilege\n\t\t\tSeDelegateSessionUserImpersonatePrivilege","SubjectUserSid":"S-1-5-18","SubjectUserName":"SYSTEM","SubjectDomainName":"NT AUTHORITY"},"computer_name":"DESKTOP-HLQBJKB"},"event":{"code":"4672","kind":"event","provider":"Microsoft-Windows-Security-Auditing","outcome":"success","action":"Special Logon","created":"2025-02-01T09:15:16.514Z"}}
{"@timestamp":"2025-01-06T07:16:09.324Z","@metadata":{"beat":"winlogbeat","type":"_doc","version":"8.12.1"},"event":{"created":"2025-02-01T09:15:16.514Z","code":"4624","kind":"event","provider":"Microsoft-Windows-Security-Auditing","outcome":"success","action":"Logon"},"log":{"level":"information","file":{"path":"C:\\Users\\admin\\Downloads\\logs\\security.evtx"}},"ecs":{"version":"8.0.0"},"agent":{"name":"ADMINWI-4CVRMD2","type":"winlogbeat","version":"8.12.1","ephemeral_id":"55790eb9-6b77-4bbe-8dbd-6808a3347bc0","id":"cd972b96-3be8-47d8-a5c2-01b90907ebe2"},"message":"An account was successfully logged on.\n\nSubject:\n\tSecurity ID:\t\tS-1-5-18\n\tAccount Name:\t\tDESKTOP-HLQBJKB$\n\tAccount Domain:\t\tWORKGROUP\n\tLogon ID:\t\t0x3E7\n\nLogon Information:\n\tLogon Type:\t\t5\n\tRestricted Admin Mode:\t-\n\tVirtual Account:\t\tNo\n\tElevated Token:\t\tYes\n\nImpersonation Level:\t\tImpersonation\n\nNew Logon:\n\tSecurity ID:\t\tS-1-5-18\n\tAccount Name:\t\tSYSTEM\n\tAccount Domain:\t\tNT AUTHORITY\n\tLogon ID:\t\t0x3E7\n\tLinked Logon ID:\t\t0x0\n\tNetwork Account Name:\t-\n\tNetwork Account Domain:\t-\n\tLogon GUID:\t\t{00000000-0000-0000-0000-000000000000}\n\nProcess Information:\n\tProcess ID:\t\t0x2c4\n\tProcess Name:\t\tC:\\Windows\\System32\\services.exe\n\nNetwork Information:\n\tWorkstation Name:\t-\n\tSource Network Address:\t-\n\tSource Port:\t\t-\n\nDetailed Authentication Information:\n\tLogon Process:\t\tAdvapi  \n\tAuthentication Package:\tNegotiate\n\tTransited Services:\t-\n\tPackage Name (NTLM only):\t-\n\tKey Length:\t\t0\n\nThis event is generated when a logon session is created. It is generated on the computer that was accessed.\n\nThe subject fields indicate the account on the local system which requested the logon. This is most commonly a service such as the Server service, or a local process such as Winlogon.exe or Services.exe.\n\nThe logon type field indicates the kind of logon that occurred. The most common types are 2 (interactive) and 3 (network).\n\nThe New Logon fields indicate the account for whom the new logon was created, i.e. the account that was logged on.\n\nThe network fields indicate where a remote logon request originated. Workstation name is not always available and may be left blank in some cases.\n\nThe impersonation level field indicates the extent to which a process in the logon session can impersonate.\n\nThe authentication information fields provide detailed information about this specific logon request.\n\t- Logon GUID is a unique identifier that can be used to correlate this event with a KDC event.\n\t- Transited services indicate which intermediate services have participated in this logon request.\n\t- Package name indicates which sub-protocol was used among the NTLM protocols.\n\t- Key length indicates the length of the generated session key. This will be 0 if no session key was requested.","host":{"name":"DESKTOP-HLQBJKB"},"winlog":{"provider_name":"Microsoft-Windows-Security-Auditing","event_data":{"ElevatedToken":"%%1842","TargetUserName":"SYSTEM","IpAddress":"-","TransmittedServices":"-","RestrictedAdminMode":"-","VirtualAccount":"%%1843","TargetUserSid":"S-1-5-18","ImpersonationLevel":"%%1833","LogonProcessName":"Advapi  ","TargetOutboundDomainName":"-","TargetOutboundUserName":"-","TargetLogonId":"0x3e7","SubjectDomainName":"WORKGROUP","AuthenticationPackageName":"Negotiate","SubjectUserName":"DESKTOP-HLQBJKB$","WorkstationName":"-","TargetDomainName":"NT AUTHORITY","LogonGuid":"{00000000-0000-0000-0000-000000000000}","LmPackageName":"-","ProcessName":"C:\\Windows\\System32\\services.exe","IpPort":"-","SubjectUserSid":"S-1-5-18","LogonType":"5","ProcessId":"0x2c4","KeyLength":"0","TargetLinkedLogonId":"0x0","SubjectLogonId":"0x3e7"},"process":{"pid":728,"thread":{"id":4524}},"channel":"Security","opcode":"Info","version":2,"provider_guid":"{54849625-5478-4994-a5ba-3e3b0328c30d}","task":"Logon","computer_name":"DESKTOP-HLQBJKB","activity_id":"{8093e13c-6079-0002-5be1-93807960db01}","keywords":["Audit Success"],"api":"wineventlog","event_id":"4624","record_id":4190}}
{"@timestamp":"2025-01-06T07:16:09.324Z","@metadata":{"beat":"winlogbeat","type":"_doc","version":"8.12.1"},"host":{"name":"DESKTOP-HLQBJKB"},"winlog":{"task":"Special Logon","event_data":{"SubjectLogonId":"0x3e7","PrivilegeList":"SeAssignPrimaryTokenPrivilege\n\t\t\tSeTcbPrivilege\n\t\t\tSeSecurityPrivilege\n\t\t\tSeTakeOwnershipPrivilege\n\t\t\tSeLoadDriverPrivilege\n\t\t\tSeBackupPrivilege\n\t\t\tSeRestorePrivilege\n\t\t\tSeDebugPrivilege\n\t\t\tSeAuditPrivilege\n\t\t\tSeSystemEnvironmentPrivilege\n\t\t\tSeImpersonatePrivilege\n\t\t\tSeDelegateSessionUserImpersonatePrivilege","SubjectUserSid":"S-1-5-18","SubjectUserName":"SYSTEM","SubjectDomainName":"NT AUTHORITY"},"activity_id":"{8093e13c-6079-0002-5be1-93807960db01}","record_id":4191,"opcode":"Info","computer_name":"DESKTOP-HLQBJKB","keywords":["Audit Success"],"api":"wineventlog","event_id":"4672","process":{"pid":728,"thread":{"id":4524}},"provider_name":"Microsoft-Windows-Security-Auditing","channel":"Security","provider_guid":"{54849625-5478-4994-a5ba-3e3b0328c30d}"},"event":{"provider":"Microsoft-Windows-Security-Auditing","outcome":"success","action":"Special Logon","created":"2025-02-01T09:15:16.514Z","code":"4672","kind":"event"},"ecs":{"version":"8.0.0"},"agent":{"type":"winlogbeat","version":"8.12.1","ephemeral_id":"55790eb9-6b77-4bbe-8dbd-6808a3347bc0","id":"cd972b96-3be8-47d8-a5c2-01b90907ebe2","name":"ADMINWI-4CVRMD2"},"log":{"level":"information","file":{"path":"C:\\Users\\admin\\Downloads\\logs\\security.evtx"}},"message":"Special privileges assigned to new logon.\n\nSubject:\n\tSecurity ID:\t\tS-1-5-18\n\tAccount Name:\t\tSYSTEM\n\tAccount Domain:\t\tNT AUTHORITY\n\tLogon ID:\t\t0x3E7\n\nPrivileges:\t\tSeAssignPrimaryTokenPrivilege\n\t\t\tSeTcbPrivilege\n\t\t\tSeSecurityPrivilege\n\t\t\tSeTakeOwnershipPrivilege\n\t\t\tSeLoadDriverPrivilege\n\t\t\tSeBackupPrivilege\n\t\t\tSeRestorePrivilege\n\t\t\tSeDebugPrivilege\n\t\t\tSeAuditPrivilege\n\t\t\tSeSystemEnvironmentPrivilege\n\t\t\tSeImpersonatePrivilege\n\t\t\tSeDelegateSessionUserImpersonatePrivilege"}
{"@timestamp":"2025-01-06T07:16:09.356Z","@metadata":{"beat":"winlogbeat","type":"_doc","version":"8.12.1"},"ecs":{"version":"8.0.0"},"agent":{"ephemeral_id":"55790eb9-6b77-4bbe-8dbd-6808a3347bc0","id":"cd972b96-3be8-47d8-a5c2-01b90907ebe2","name":"ADMINWI-4CVRMD2","type":"winlogbeat","version":"8.12.1"},"message":"A user's local group membership was enumerated.\n\nSubject:\n\tSecurity ID:\t\tS-1-5-21-3099673246-488862865-489869272-1001\n\tAccount Name:\t\tnisha\n\tAccount Domain:\t\tDESKTOP-HLQBJKB\n\tLogon ID:\t\t0x52770\n\nUser:\n\tSecurity ID:\t\tS-1-5-21-3099673246-488862865-489869272-500\n\tAccount Name:\t\tAdministrator\n\tAccount Domain:\t\tDESKTOP-HLQBJKB\n\nProcess Information:\n\tProcess ID:\t\t0x7c8\n\tProcess Name:\t\tC:\\Windows\\System32\\taskhostw.exe","host":{"name":"DESKTOP-HLQBJKB"},"winlog":{"process":{"pid":728,"thread":{"id":4524}},"provider_name":"Microsoft-Windows-Security-Auditing","event_data":{"SubjectUserName":"nisha","SubjectDomainName":"DESKTOP-HLQBJKB","SubjectLogonId":"0x52770","TargetUserName":"Administrator","TargetSid":"S-1-5-21-3099673246-488862865-489869272-500","CallerProcessId":"0x7c8","SubjectUserSid":"S-1-5-21-3099673246-488862865-489869272-1001","CallerProcessName":"C:\\Windows\\System32\\taskhostw.exe","TargetDomainName":"DESKTOP-HLQBJKB"},"opcode":"Info","activity_id":"{8093e13c-6079-0002-5be1-93807960db01}","api":"wineventlog","computer_name":"DESKTOP-HLQBJKB","provider_guid":"{54849625-5478-4994-a5ba-3e3b0328c30d}","record_id":4192,"channel":"Security","keywords":["Audit Success"],"event_id":"4798","task":"User Account Management"},"event":{"kind":"event","provider":"Microsoft-Windows-Security-Auditing","outcome":"success","action":"User Account Management","created":"2025-02-01T09:15:16.514Z","code":"4798"},"log":{"level":"information","file":{"path":"C:\\Users\\admin\\Downloads\\logs\\security.evtx"}}}
{"@timestamp":"2025-01-06T07:16:09.357Z","@metadata":{"beat":"winlogbeat","type":"_doc","version":"8.12.1"},"winlog":{"opcode":"Info","provider_guid":"{54849625-5478-4994-a5ba-3e3b0328c30d}","process":{"pid":728,"thread":{"id":4524}},"event_id":"4798","computer_name":"DESKTOP-HLQBJKB","api":"wineventlog","provider_name":"Microsoft-Windows-Security-Auditing","event_data":{"SubjectDomainName":"DESKTOP-HLQBJKB","TargetDomainName":"DESKTOP-HLQBJKB","TargetSid":"S-1-5-21-3099673246-488862865-489869272-503","CallerProcessId":"0x7c8","CallerProcessName":"C:\\Windows\\System32\\taskhostw.exe","SubjectUserName":"nisha","SubjectLogonId":"0x52770","SubjectUserSid":"S-1-5-21-3099673246-488862865-489869272-1001","TargetUserName":"DefaultAccount"},"record_id":4193,"keywords":["Audit Success"],"activity_id":"{8093e13c-6079-0002-5be1-93807960db01}","task":"User Account Management","channel":"Security"},"event":{"provider":"Microsoft-Windows-Security-Auditing","outcome":"success","action":"User Account Management","created":"2025-02-01T09:15:16.514Z","code":"4798","kind":"event"},"log":{"level":"information","file":{"path":"C:\\Users\\admin\\Downloads\\logs\\security.evtx"}},"message":"A user's local group membership was enumerated.\n\nSubject:\n\tSecurity ID:\t\tS-1-5-21-3099673246-488862865-489869272-1001\n\tAccount Name:\t\tnisha\n\tAccount Domain:\t\tDESKTOP-HLQBJKB\n\tLogon ID:\t\t0x52770\n\nUser:\n\tSecurity ID:\t\tS-1-5-21-3099673246-488862865-489869272-503\n\tAccount Name:\t\tDefaultAccount\n\tAccount Domain:\t\tDESKTOP-HLQBJKB\n\nProcess Information:\n\tProcess ID:\t\t0x7c8\n\tProcess Name:\t\tC:\\Windows\\System32\\taskhostw.exe","host":{"name":"DESKTOP-HLQBJKB"},"ecs":{"version":"8.0.0"},"agent":{"name":"ADMINWI-4CVRMD2","type":"winlogbeat","version":"8.12.1","ephemeral_id":"55790eb9-6b77-4bbe-8dbd-6808a3347bc0","id":"cd972b96-3be8-47d8-a5c2-01b90907ebe2"}}
{"@timestamp":"2025-01-06T07:16:09.357Z","@metadata":{"beat":"winlogbeat","type":"_doc","version":"8.12.1"},"log":{"level":"information","file":{"path":"C:\\Users\\admin\\Downloads\\logs\\security.evtx"}},"message":"A user's local group membership was enumerated.\n\nSubject:\n\tSecurity ID:\t\tS-1-5-21-3099673246-488862865-489869272-1001\n\tAccount Name:\t\tnisha\n\tAccount Domain:\t\tDESKTOP-HLQBJKB\n\tLogon ID:\t\t0x52770\n\nUser:\n\tSecurity ID:\t\tS-1-5-21-3099673246-488862865-489869272-501\n\tAccount Name:\t\tGuest\n\tAccount Domain:\t\tDESKTOP-HLQBJKB\n\nProcess Information:\n\tProcess ID:\t\t0x7c8\n\tProcess Name:\t\tC:\\Windows\\System32\\taskhostw.exe","ecs":{"version":"8.0.0"},"agent":{"name":"ADMINWI-4CVRMD2","type":"winlogbeat","version":"8.12.1","ephemeral_id":"55790eb9-6b77-4bbe-8dbd-6808a3347bc0","id":"cd972b96-3be8-47d8-a5c2-01b90907ebe2"},"host":{"name":"DESKTOP-HLQBJKB"},"winlog":{"record_id":4194,"keywords":["Audit Success"],"event_id":"4798","computer_name":"DESKTOP-HLQBJKB","provider_guid":"{54849625-5478-4994-a5ba-3e3b0328c30d}","provider_name":"Microsoft-Windows-Security-Auditing","api":"wineventlog","opcode":"Info","activity_id":"{8093e13c-6079-0002-5be1-93807960db01}","process":{"pid":728,"thread":{"id":4524}},"channel":"Security","task":"User Account Management","event_data":{"CallerProcessId":"0x7c8","SubjectDomainName":"DESKTOP-HLQBJKB","SubjectLogonId":"0x52770","SubjectUserName":"nisha","CallerProcessName":"C:\\Windows\\System32\\taskhostw.exe","TargetUserName":"Guest","TargetSid":"S-1-5-21-3099673246-488862865-489869272-501","TargetDomainName":"DESKTOP-HLQBJKB","SubjectUserSid":"S-1-5-21-3099673246-488862865-489869272-1001"}},"event":{"kind":"event","provider":"Microsoft-Windows-Security-Auditing","outcome":"success","action":"User Account Management","created":"2025-02-01T09:15:16.514Z","code":"4798"}}
