{"@timestamp":"2025-01-06T07:16:09.851Z","@metadata":{"beat":"winlogbeat","type":"_doc","version":"8.12.1"},"log":{"level":"information","file":{"path":"C:\\Users\\admin\\Downloads\\logs\\security.evtx"}},"message":"Credential Manager credentials were read.\n\nSubject:\n\tSecurity ID:\t\tS-1-5-21-3099673246-488862865-489869272-1001\n\tAccount Name:\t\tnisha\n\tAccount Domain:\t\tDESKTOP-HLQBJKB\n\tLogon ID:\t\t0x52770\n\tRead Operation:\t\tEnumerate Credentials\n\nThis event occurs when a user performs a read operation on stored credentials in Credential Manager.","host":{"name":"DESKTOP-HLQBJKB"},"winlog":{"computer_name":"DESKTOP-HLQBJKB","api":"wineventlog","channel":"Security","provider_name":"Microsoft-Windows-Security-Auditing","record_id":4249,"keywords":["Audit Success"],"event_data":{"ReadOperation":"%%8100","SubjectDomainName":"DESKTOP-HLQBJKB","TargetName":"MicrosoftAccount:user=nishanthsenthil200@gmail.com","ReturnCode":"0","ProcessCreationTime":"2025-01-06T07:16:09.3254568Z","ClientProcessId":"6400","CountOfCredentialsReturned":"1","SubjectUserName":"nisha","Type":"0","SubjectUserSid":"S-1-5-21-3099673246-488862865-489869272-1001","SubjectLogonId":"0x52770"},"task":"User Account Management","event_id":"5379","provider_guid":"{54849625-5478-4994-a5ba-3e3b0328c30d}","opcode":"Info","activity_id":"{8093e13c-6079-0002-5be1-93807960db01}","process":{"thread":{"id":4524},"pid":728}},"ecs":{"version":"8.0.0"},"agent":{"ephemeral_id":"55790eb9-6b77-4bbe-8dbd-6808a3347bc0","id":"cd972b96-3be8-47d8-a5c2-01b90907ebe2","name":"ADMINWI-4CVRMD2","type":"winlogbeat","version":"8.12.1"},"event":{"action":"User Account Management","created":"2025-02-01T09:15:16.516Z","code":"5379","kind":"event","provider":"Microsoft-Windows-Security-Auditing","outcome":"success"}}
{"@timestamp":"2025-01-06T07:16:09.852Z","@metadata":{"beat":"winlogbeat","type":"_doc","version":"8.12.1"},"host":{"name":"DESKTOP-HLQBJKB"},"ecs":{"version":"8.0.0"},"agent":{"version":"8.12.1","ephemeral_id":"55790eb9-6b77-4bbe-8dbd-6808a3347bc0","id":"cd972b96-3be8-47d8-a5c2-01b90907ebe2","name":"ADMINWI-4CVRMD2","type":"winlogbeat"},"winlog":{"opcode":"Info","event_id":"5379","provider_name":"Microsoft-Windows-Security-Auditing","process":{"pid":728,"thread":{"id":4524}},"record_id":4250,"event_data":{"SubjectUserName":"nisha","SubjectDomainName":"DESKTOP-HLQBJKB","ReturnCode":"0","CountOfCredentialsReturned":"1","SubjectUserSid":"S-1-5-21-3099673246-488862865-489869272-1001","SubjectLogonId":"0x52770","Type":"0","ProcessCreationTime":"2025-01-06T07:16:09.3254568Z","ClientProcessId":"6400","TargetName":"MicrosoftAccount:user=nishanthsenthil200@gmail.com","ReadOperation":"%%8100"},"activity_id":"{8093e13c-6079-0002-5be1-93807960db01}","channel":"Security","api":"wineventlog","provider_guid":"{54849625-5478-4994-a5ba-3e3b0328c30d}","task":"User Account Management","computer_name":"DESKTOP-HLQBJKB","keywords":["Audit Success"]},"event":{"code":"5379","kind":"event","provider":"Microsoft-Windows-Security-Auditing","outcome":"success","action":"User Account Management","created":"2025-02-01T09:15:16.516Z"},"log":{"level":"information","file":{"path":"C:\\Users\\admin\\Downloads\\logs\\security.evtx"}},"message":"Credential Manager credentials were read.\n\nSubject:\n\tSecurity ID:\t\tS-1-5-21-3099673246-488862865-489869272-1001\n\tAccount Name:\t\tnisha\n\tAccount Domain:\t\tDESKTOP-HLQBJKB\n\tLogon ID:\t\t0x52770\n\tRead Operation:\t\tEnumerate Credentials\n\nThis event occurs when a user performs a read operation on stored credentials in Credential Manager."}
{"@timestamp":"2025-01-06T07:16:09.852Z","@metadata":{"beat":"winlogbeat","type":"_doc","version":"8.12.1"},"message":"Credential Manager credentials were read.\n\nSubject:\n\tSecurity ID:\t\tS-1-5-21-3099673246-488862865-489869272-1001\n\tAccount Name:\t\tnisha\n\tAccount Domain:\t\tDESKTOP-HLQBJKB\n\tLogon ID:\t\t0x52770\n\tRead Operation:\t\tEnumerate Credentials\n\nThis event occurs when a user performs a read operation on stored credentials in Credential Manager.","host":{"name":"DESKTOP-HLQBJKB"},"winlog":{"provider_name":"Microsoft-Windows-Security-Auditing","api":"wineventlog","computer_name":"DESKTOP-HLQBJKB","process":{"thread":{"id":4524},"pid":728},"event_id":"5379","keywords":["Audit Success"],"event_data":{"SubjectUserSid":"S-1-5-21-3099673246-488862865-489869272-1001","SubjectUserName":"nisha","ReturnCode":"0","SubjectDomainName":"DESKTOP-HLQBJKB","SubjectLogonId":"0x52770","CountOfCredentialsReturned":"1","TargetName":"MicrosoftAccount:user=nishanthsenthil200@gmail.com","Type":"0","ReadOperation":"%%8100","ProcessCreationTime":"2025-01-06T07:16:09.3254568Z","ClientProcessId":"6400"},"provider_guid":"{54849625-5478-4994-a5ba-3e3b0328c30d}","channel":"Security","activity_id":"{8093e13c-6079-0002-5be1-93807960db01}","opcode":"Info","record_id":4251,"task":"User Account Management"},"event":{"code":"5379","kind":"event","provider":"Microsoft-Windows-Security-Auditing","outcome":"success","action":"User Account Management","created":"2025-02-01T09:15:16.516Z"},"log":{"file":{"path":"C:\\Users\\admin\\Downloads\\logs\\security.evtx"},"level":"information"},"ecs":{"version":"8.0.0"},"agent":{"version":"8.12.1","ephemeral_id":"55790eb9-6b77-4bbe-8dbd-6808a3347bc0","id":"cd972b96-3be8-47d8-a5c2-01b90907ebe2","name":"ADMINWI-4CVRMD2","type":"winlogbeat"}}
{"@timestamp":"2025-01-06T07:16:09.854Z","@metadata":{"beat":"winlogbeat","type":"_doc","version":"8.12.1"},"ecs":{"version":"8.0.0"},"winlog":{"provider_guid":"{54849625-5478-4994-a5ba-3e3b0328c30d}","keywords":["Audit Success"],"channel":"Security","event_data":{"Type":"0","CountOfCredentialsReturned":"1","ClientProcessId":"6400","SubjectUserName":"nisha","ReturnCode":"0","ProcessCreationTime":"2025-01-06T07:16:09.3254568Z","TargetName":"MicrosoftAccount:user=nishanthsenthil200@gmail.com","SubjectLogonId":"0x52770","SubjectUserSid":"S-1-5-21-3099673246-488862865-489869272-1001","SubjectDomainName":"DESKTOP-HLQBJKB","ReadOperation":"%%8100"},"record_id":4252,"task":"User Account Management","computer_name":"DESKTOP-HLQBJKB","activity_id":"{8093e13c-6079-0002-5be1-93807960db01}","process":{"thread":{"id":4524},"pid":728},"api":"wineventlog","event_id":"5379","provider_name":"Microsoft-Windows-Security-Auditing","opcode":"Info"},"event":{"outcome":"success","action":"User Account Management","created":"2025-02-01T09:15:16.516Z","code":"5379","kind":"event","provider":"Microsoft-Windows-Security-Auditing"},"log":{"file":{"path":"C:\\Users\\admin\\Downloads\\logs\\security.evtx"},"level":"information"},"message":"Credential Manager credentials were read.\n\nSubject:\n\tSecurity ID:\t\tS-1-5-21-3099673246-488862865-489869272-1001\n\tAccount Name:\t\tnisha\n\tAccount Domain:\t\tDESKTOP-HLQBJKB\n\tLogon ID:\t\t0x52770\n\tRead Operation:\t\tEnumerate Credentials\n\nThis event occurs when a user performs a read operation on stored credentials in Credential Manager.","host":{"name":"DESKTOP-HLQBJKB"},"agent":{"version":"8.12.1","ephemeral_id":"55790eb9-6b77-4bbe-8dbd-6808a3347bc0","id":"cd972b96-3be8-47d8-a5c2-01b90907ebe2","name":"ADMINWI-4CVRMD2","type":"winlogbeat"}}
{"@timestamp":"2025-01-06T07:16:09.871Z","@metadata":{"beat":"winlogbeat","type":"_doc","version":"8.12.1"},"agent":{"ephemeral_id":"55790eb9-6b77-4bbe-8dbd-6808a3347bc0","id":"cd972b96-3be8-47d8-a5c2-01b90907ebe2","name":"ADMINWI-4CVRMD2","type":"winlogbeat","version":"8.12.1"},"ecs":{"version":"8.0.0"},"message":"Credential Manager credentials were read.\n\nSubject:\n\tSecurity ID:\t\tS-1-5-21-3099673246-488862865-489869272-1001\n\tAccount Name:\t\tnisha\n\tAccount Domain:\t\tDESKTOP-HLQBJKB\n\tLogon ID:\t\t0x52770\n\tRead Operation:\t\tEnumerate Credentials\n\nThis event occurs when a user performs a read operation on stored credentials in Credential Manager.","host":{"name":"DESKTOP-HLQBJKB"},"winlog":{"api":"wineventlog","process":{"pid":728,"thread":{"id":4524}},"computer_name":"DESKTOP-HLQBJKB","opcode":"Info","provider_name":"Microsoft-Windows-Security-Auditing","keywords":["Audit Success"],"event_id":"5379","provider_guid":"{54849625-5478-4994-a5ba-3e3b0328c30d}","channel":"Security","event_data":{"SubjectLogonId":"0x52770","ClientProcessId":"6400","Type":"0","SubjectUserSid":"S-1-5-21-3099673246-488862865-489869272-1001","SubjectDomainName":"DESKTOP-HLQBJKB","ReadOperation":"%%8100","TargetName":"MicrosoftAccount:user=nishanthsenthil200@gmail.com","SubjectUserName":"nisha","CountOfCredentialsReturned":"1","ReturnCode":"0","ProcessCreationTime":"2025-01-06T07:16:09.3254568Z"},"activity_id":"{8093e13c-6079-0002-5be1-93807960db01}","task":"User Account Management","record_id":4253},"event":{"action":"User Account Management","created":"2025-02-01T09:15:16.516Z","code":"5379","kind":"event","provider":"Microsoft-Windows-Security-Auditing","outcome":"success"},"log":{"level":"information","file":{"path":"C:\\Users\\admin\\Downloads\\logs\\security.evtx"}}}
{"@timestamp":"2025-01-06T07:16:09.871Z","@metadata":{"beat":"winlogbeat","type":"_doc","version":"8.12.1"},"host":{"name":"DESKTOP-HLQBJKB"},"winlog":{"activity_id":"{8093e13c-6079-0002-5be1-93807960db01}","api":"wineventlog","provider_guid":"{54849625-5478-4994-a5ba-3e3b0328c30d}","opcode":"Info","event_data":{"TargetName":"MicrosoftAccount:user=nishanthsenthil200@gmail.com","ProcessCreationTime":"2025-01-06T07:16:09.3254568Z","SubjectLogonId":"0x52770","SubjectDomainName":"DESKTOP-HLQBJKB","CountOfCredentialsReturned":"1","ReadOperation":"%%8100","ClientProcessId":"6400","Type":"0","ReturnCode":"0","SubjectUserSid":"S-1-5-21-3099673246-488862865-489869272-1001","SubjectUserName":"nisha"},"record_id":4254,"computer_name":"DESKTOP-HLQBJKB","keywords":["Audit Success"],"channel":"Security","process":{"pid":728,"thread":{"id":4524}},"event_id":"5379","provider_name":"Microsoft-Windows-Security-Auditing","task":"User Account Management"},"event":{"outcome":"success","action":"User Account Management","created":"2025-02-01T09:15:16.516Z","code":"5379","kind":"event","provider":"Microsoft-Windows-Security-Auditing"},"log":{"level":"information","file":{"path":"C:\\Users\\admin\\Downloads\\logs\\security.evtx"}},"agent":{"name":"ADMINWI-4CVRMD2","type":"winlogbeat","version":"8.12.1","ephemeral_id":"55790eb9-6b77-4bbe-8dbd-6808a3347bc0","id":"cd972b96-3be8-47d8-a5c2-01b90907ebe2"},"ecs":{"version":"8.0.0"},"message":"Credential Manager credentials were read.\n\nSubject:\n\tSecurity ID:\t\tS-1-5-21-3099673246-488862865-489869272-1001\n\tAccount Name:\t\tnisha\n\tAccount Domain:\t\tDESKTOP-HLQBJKB\n\tLogon ID:\t\t0x52770\n\tRead Operation:\t\tEnumerate Credentials\n\nThis event occurs when a user performs a read operation on stored credentials in Credential Manager."}
{"@timestamp":"2025-01-06T07:16:09.872Z","@metadata":{"beat":"winlogbeat","type":"_doc","version":"8.12.1"},"agent":{"name":"ADMINWI-4CVRMD2","type":"winlogbeat","version":"8.12.1","ephemeral_id":"55790eb9-6b77-4bbe-8dbd-6808a3347bc0","id":"cd972b96-3be8-47d8-a5c2-01b90907ebe2"},"host":{"name":"DESKTOP-HLQBJKB"},"winlog":{"channel":"Security","opcode":"Info","provider_name":"Microsoft-Windows-Security-Auditing","task":"User Account Management","activity_id":"{8093e13c-6079-0002-5be1-93807960db01}","process":{"pid":728,"thread":{"id":4524}},"api":"wineventlog","event_id":"5379","keywords":["Audit Success"],"record_id":4255,"event_data":{"TargetName":"MicrosoftAccount:user=nishanthsenthil200@gmail.com","ReadOperation":"%%8100","SubjectUserSid":"S-1-5-21-3099673246-488862865-489869272-1001","SubjectLogonId":"0x52770","CountOfCredentialsReturned":"1","SubjectDomainName":"DESKTOP-HLQBJKB","ReturnCode":"0","ProcessCreationTime":"2025-01-06T07:16:09.3254568Z","ClientProcessId":"6400","SubjectUserName":"nisha","Type":"0"},"computer_name":"DESKTOP-HLQBJKB","provider_guid":"{54849625-5478-4994-a5ba-3e3b0328c30d}"},"event":{"created":"2025-02-01T09:15:16.516Z","code":"5379","kind":"event","provider":"Microsoft-Windows-Security-Auditing","outcome":"success","action":"User Account Management"},"log":{"file":{"path":"C:\\Users\\admin\\Downloads\\logs\\security.evtx"},"level":"information"},"message":"Credential Manager credentials were read.\n\nSubject:\n\tSecurity ID:\t\tS-1-5-21-3099673246-488862865-489869272-1001\n\tAccount Name:\t\tnisha\n\tAccount Domain:\t\tDESKTOP-HLQBJKB\n\tLogon ID:\t\t0x52770\n\tRead Operation:\t\tEnumerate Credentials\n\nThis event occurs when a user performs a read operation on stored credentials in Credential Manager.","ecs":{"version":"8.0.0"}}
{"@timestamp":"2025-01-06T07:16:09.872Z","@metadata":{"beat":"winlogbeat","type":"_doc","version":"8.12.1"},"log":{"level":"information","file":{"path":"C:\\Users\\admin\\Downloads\\logs\\security.evtx"}},"ecs":{"version":"8.0.0"},"agent":{"ephemeral_id":"55790eb9-6b77-4bbe-8dbd-6808a3347bc0","id":"cd972b96-3be8-47d8-a5c2-01b90907ebe2","name":"ADMINWI-4CVRMD2","type":"winlogbeat","version":"8.12.1"},"message":"Credential Manager credentials were read.\n\nSubject:\n\tSecurity ID:\t\tS-1-5-21-3099673246-488862865-489869272-1001\n\tAccount Name:\t\tnisha\n\tAccount Domain:\t\tDESKTOP-HLQBJKB\n\tLogon ID:\t\t0x52770\n\tRead Operation:\t\tEnumerate Credentials\n\nThis event occurs when a user performs a read operation on stored credentials in Credential Manager.","host":{"name":"DESKTOP-HLQBJKB"},"winlog":{"provider_name":"Microsoft-Windows-Security-Auditing","opcode":"Info","channel":"Security","computer_name":"DESKTOP-HLQBJKB","provider_guid":"{54849625-5478-4994-a5ba-3e3b0328c30d}","event_data":{"Type":"0","CountOfCredentialsReturned":"1","TargetName":"MicrosoftAccount:user=nishanthsenthil200@gmail.com","ReadOperation":"%%8100","ReturnCode":"0","ClientProcessId":"6400","SubjectUserSid":"S-1-5-21-3099673246-488862865-489869272-1001","SubjectUserName":"nisha","SubjectLogonId":"0x52770","ProcessCreationTime":"2025-01-06T07:16:09.3254568Z","SubjectDomainName":"DESKTOP-HLQBJKB"},"record_id":4256,"keywords":["Audit Success"],"process":{"thread":{"id":4524},"pid":728},"api":"wineventlog","event_id":"5379","activity_id":"{8093e13c-6079-0002-5be1-93807960db01}","task":"User Account Management"},"event":{"provider":"Microsoft-Windows-Security-Auditing","outcome":"success","action":"User Account Management","created":"2025-02-01T09:15:16.516Z","code":"5379","kind":"event"}}
{"@timestamp":"2025-01-06T07:16:09.872Z","@metadata":{"beat":"winlogbeat","type":"_doc","version":"8.12.1"},"event":{"created":"2025-02-01T09:15:16.516Z","code":"5379","kind":"event","provider":"Microsoft-Windows-Security-Auditing","outcome":"success","action":"User Account Management"},"log":{"file":{"path":"C:\\Users\\admin\\Downloads\\logs\\security.evtx"},"level":"information"},"message":"Credential Manager credentials were read.\n\nSubject:\n\tSecurity ID:\t\tS-1-5-21-3099673246-488862865-489869272-1001\n\tAccount Name:\t\tnisha\n\tAccount Domain:\t\tDESKTOP-HLQBJKB\n\tLogon ID:\t\t0x52770\n\tRead Operation:\t\tEnumerate Credentials\n\nThis event occurs when a user performs a read operation on stored credentials in Credential Manager.","host":{"name":"DESKTOP-HLQBJKB"},"winlog":{"provider_guid":"{54849625-5478-4994-a5ba-3e3b0328c30d}","keywords":["Audit Success"],"opcode":"Info","process":{"pid":728,"thread":{"id":4524}},"task":"User Account Management","record_id":4257,"activity_id":"{8093e13c-6079-0002-5be1-93807960db01}","channel":"Security","event_id":"5379","provider_name":"Microsoft-Windows-Security-Auditing","computer_name":"DESKTOP-HLQBJKB","api":"wineventlog","event_data":{"SubjectLogonId":"0x52770","SubjectUserName":"nisha","CountOfCredentialsReturned":"1","ClientProcessId":"6400","ReturnCode":"0","ProcessCreationTime":"2025-01-06T07:16:09.3254568Z","SubjectDomainName":"DESKTOP-HLQBJKB","ReadOperation":"%%8100","SubjectUserSid":"S-1-5-21-3099673246-488862865-489869272-1001","TargetName":"MicrosoftAccount:user=nishanthsenthil200@gmail.com","Type":"0"}},"ecs":{"version":"8.0.0"},"agent":{"name":"ADMINWI-4CVRMD2","type":"winlogbeat","version":"8.12.1","ephemeral_id":"55790eb9-6b77-4bbe-8dbd-6808a3347bc0","id":"cd972b96-3be8-47d8-a5c2-01b90907ebe2"}}
{"@timestamp":"2025-01-06T07:16:09.873Z","@metadata":{"beat":"winlogbeat","type":"_doc","version":"8.12.1"},"event":{"action":"User Account Management","created":"2025-02-01T09:15:16.516Z","code":"5379","kind":"event","provider":"Microsoft-Windows-Security-Auditing","outcome":"success"},"log":{"level":"information","file":{"path":"C:\\Users\\admin\\Downloads\\logs\\security.evtx"}},"message":"Credential Manager credentials were read.\n\nSubject:\n\tSecurity ID:\t\tS-1-5-21-3099673246-488862865-489869272-1001\n\tAccount Name:\t\tnisha\n\tAccount Domain:\t\tDESKTOP-HLQBJKB\n\tLogon ID:\t\t0x52770\n\tRead Operation:\t\tEnumerate Credentials\n\nThis event occurs when a user performs a read operation on stored credentials in Credential Manager.","host":{"name":"DESKTOP-HLQBJKB"},"winlog":{"activity_id":"{8093e13c-6079-0002-5be1-93807960db01}","provider_name":"Microsoft-Windows-Security-Auditing","task":"User Account Management","api":"wineventlog","record_id":4258,"process":{"pid":728,"thread":{"id":4524}},"channel":"Security","event_data":{"ClientProcessId":"6400","CountOfCredentialsReturned":"1","ReturnCode":"0","SubjectUserName":"nisha","SubjectDomainName":"DESKTOP-HLQBJKB","TargetName":"MicrosoftAccount:user=nishanthsenthil200@gmail.com","ProcessCreationTime":"2025-01-06T07:16:09.3254568Z","SubjectUserSid":"S-1-5-21-3099673246-488862865-489869272-1001","Type":"0","ReadOperation":"%%8100","SubjectLogonId":"0x52770"},"opcode":"Info","event_id":"5379","keywords":["Audit Success"],"provider_guid":"{54849625-5478-4994-a5ba-3e3b0328c30d}","computer_name":"DESKTOP-HLQBJKB"},"ecs":{"version":"8.0.0"},"agent":{"id":"cd972b96-3be8-47d8-a5c2-01b90907ebe2","name":"ADMINWI-4CVRMD2","type":"winlogbeat","version":"8.12.1","ephemeral_id":"55790eb9-6b77-4bbe-8dbd-6808a3347bc0"}}
{"@timestamp":"2025-01-06T07:16:09.873Z","@metadata":{"beat":"winlogbeat","type":"_doc","version":"8.12.1"},"log":{"level":"information","file":{"path":"C:\\Users\\admin\\Downloads\\logs\\security.evtx"}},"ecs":{"version":"8.0.0"},"agent":{"name":"ADMINWI-4CVRMD2","type":"winlogbeat","version":"8.12.1","ephemeral_id":"55790eb9-6b77-4bbe-8dbd-6808a3347bc0","id":"cd972b96-3be8-47d8-a5c2-01b90907ebe2"},"message":"Credential Manager credentials were read.\n\nSubject:\n\tSecurity ID:\t\tS-1-5-21-3099673246-488862865-489869272-1001\n\tAccount Name:\t\tnisha\n\tAccount Domain:\t\tDESKTOP-HLQBJKB\n\tLogon ID:\t\t0x52770\n\tRead Operation:\t\tEnumerate Credentials\n\nThis event occurs when a user performs a read operation on stored credentials in Credential Manager.","host":{"name":"DESKTOP-HLQBJKB"},"winlog":{"computer_name":"DESKTOP-HLQBJKB","provider_name":"Microsoft-Windows-Security-Auditing","record_id":4259,"task":"User Account Management","api":"wineventlog","channel":"Security","event_id":"5379","opcode":"Info","event_data":{"SubjectDomainName":"DESKTOP-HLQBJKB","ReadOperation":"%%8100","ProcessCreationTime":"2025-01-06T07:16:09.3254568Z","SubjectUserName":"nisha","TargetName":"MicrosoftAccount:user=nishanthsenthil200@gmail.com","CountOfCredentialsReturned":"1","ReturnCode":"0","ClientProcessId":"6400","SubjectUserSid":"S-1-5-21-3099673246-488862865-489869272-1001","SubjectLogonId":"0x52770","Type":"0"},"keywords":["Audit Success"],"provider_guid":"{54849625-5478-4994-a5ba-3e3b0328c30d}","activity_id":"{8093e13c-6079-0002-5be1-93807960db01}","process":{"thread":{"id":4524},"pid":728}},"event":{"code":"5379","kind":"event","provider":"Microsoft-Windows-Security-Auditing","outcome":"success","action":"User Account Management","created":"2025-02-01T09:15:16.516Z"}}
{"@timestamp":"2025-01-06T07:16:09.873Z","@metadata":{"beat":"winlogbeat","type":"_doc","version":"8.12.1"},"message":"Credential Manager credentials were read.\n\nSubject:\n\tSecurity ID:\t\tS-1-5-21-3099673246-488862865-489869272-1001\n\tAccount Name:\t\tnisha\n\tAccount Domain:\t\tDESKTOP-HLQBJKB\n\tLogon ID:\t\t0x52770\n\tRead Operation:\t\tEnumerate Credentials\n\nThis event occurs when a user performs a read operation on stored credentials in Credential Manager.","host":{"name":"DESKTOP-HLQBJKB"},"winlog":{"provider_guid":"{54849625-5478-4994-a5ba-3e3b0328c30d}","computer_name":"DESKTOP-HLQBJKB","keywords":["Audit Success"],"api":"wineventlog","event_data":{"CountOfCredentialsReturned":"1","ReturnCode":"0","SubjectLogonId":"0x52770","TargetName":"MicrosoftAccount:user=nishanthsenthil200@gmail.com","Type":"0","ReadOperation":"%%8100","ProcessCreationTime":"2025-01-06T07:16:09.3254568Z","SubjectUserName":"nisha","ClientProcessId":"6400","SubjectUserSid":"S-1-5-21-3099673246-488862865-489869272-1001","SubjectDomainName":"DESKTOP-HLQBJKB"},"provider_name":"Microsoft-Windows-Security-Auditing","task":"User Account Management","opcode":"Info","activity_id":"{8093e13c-6079-0002-5be1-93807960db01}","process":{"pid":728,"thread":{"id":4524}},"channel":"Security","event_id":"5379","record_id":4260},"event":{"provider":"Microsoft-Windows-Security-Auditing","outcome":"success","action":"User Account Management","created":"2025-02-01T09:15:16.516Z","code":"5379","kind":"event"},"log":{"level":"information","file":{"path":"C:\\Users\\admin\\Downloads\\logs\\security.evtx"}},"ecs":{"version":"8.0.0"},"agent":{"name":"ADMINWI-4CVRMD2","type":"winlogbeat","version":"8.12.1","ephemeral_id":"55790eb9-6b77-4bbe-8dbd-6808a3347bc0","id":"cd972b96-3be8-47d8-a5c2-01b90907ebe2"}}
{"@timestamp":"2025-01-06T07:16:09.873Z","@metadata":{"beat":"winlogbeat","type":"_doc","version":"8.12.1"},"log":{"level":"information","file":{"path":"C:\\Users\\admin\\Downloads\\logs\\security.evtx"}},"message":"Credential Manager credentials were read.\n\nSubject:\n\tSecurity ID:\t\tS-1-5-21-3099673246-488862865-489869272-1001\n\tAccount Name:\t\tnisha\n\tAccount Domain:\t\tDESKTOP-HLQBJKB\n\tLogon ID:\t\t0x52770\n\tRead Operation:\t\tEnumerate Credentials\n\nThis event occurs when a user performs a read operation on stored credentials in Credential Manager.","host":{"name":"DESKTOP-HLQBJKB"},"ecs":{"version":"8.0.0"},"agent":{"name":"ADMINWI-4CVRMD2","type":"winlogbeat","version":"8.12.1","ephemeral_id":"55790eb9-6b77-4bbe-8dbd-6808a3347bc0","id":"cd972b96-3be8-47d8-a5c2-01b90907ebe2"},"winlog":{"opcode":"Info","channel":"Security","event_id":"5379","keywords":["Audit Success"],"activity_id":"{8093e13c-6079-0002-5be1-93807960db01}","task":"User Account Management","provider_guid":"{54849625-5478-4994-a5ba-3e3b0328c30d}","record_id":4261,"computer_name":"DESKTOP-HLQBJKB","event_data":{"ClientProcessId":"6400","SubjectUserName":"nisha","SubjectLogonId":"0x52770","SubjectUserSid":"S-1-5-21-3099673246-488862865-489869272-1001","ReadOperation":"%%8100","TargetName":"MicrosoftAccount:user=nishanthsenthil200@gmail.com","Type":"0","ProcessCreationTime":"2025-01-06T07:16:09.3254568Z","CountOfCredentialsReturned":"1","ReturnCode":"0","SubjectDomainName":"DESKTOP-HLQBJKB"},"api":"wineventlog","process":{"pid":728,"thread":{"id":4524}},"provider_name":"Microsoft-Windows-Security-Auditing"},"event":{"outcome":"success","action":"User Account Management","created":"2025-02-01T09:15:16.516Z","code":"5379","kind":"event","provider":"Microsoft-Windows-Security-Auditing"}}
{"@timestamp":"2025-01-06T07:16:09.874Z","@metadata":{"beat":"winlogbeat","type":"_doc","version":"8.12.1"},"event":{"provider":"Microsoft-Windows-Security-Auditing","outcome":"success","action":"User Account Management","created":"2025-02-01T09:15:16.516Z","code":"5379","kind":"event"},"log":{"level":"information","file":{"path":"C:\\Users\\admin\\Downloads\\logs\\security.evtx"}},"message":"Credential Manager credentials were read.\n\nSubject:\n\tSecurity ID:\t\tS-1-5-21-3099673246-488862865-489869272-1001\n\tAccount Name:\t\tnisha\n\tAccount Domain:\t\tDESKTOP-HLQBJKB\n\tLogon ID:\t\t0x52770\n\tRead Operation:\t\tEnumerate Credentials\n\nThis event occurs when a user performs a read operation on stored credentials in Credential Manager.","host":{"name":"DESKTOP-HLQBJKB"},"ecs":{"version":"8.0.0"},"agent":{"name":"ADMINWI-4CVRMD2","type":"winlogbeat","version":"8.12.1","ephemeral_id":"55790eb9-6b77-4bbe-8dbd-6808a3347bc0","id":"cd972b96-3be8-47d8-a5c2-01b90907ebe2"},"winlog":{"process":{"pid":728,"thread":{"id":4524}},"provider_name":"Microsoft-Windows-Security-Auditing","keywords":["Audit Success"],"api":"wineventlog","task":"User Account Management","computer_name":"DESKTOP-HLQBJKB","provider_guid":"{54849625-5478-4994-a5ba-3e3b0328c30d}","event_id":"5379","record_id":4262,"channel":"Security","event_data":{"ProcessCreationTime":"2025-01-06T07:16:09.3254568Z","ClientProcessId":"6400","SubjectUserName":"nisha","SubjectDomainName":"DESKTOP-HLQBJKB","TargetName":"MicrosoftAccount:user=nishanthsenthil200@gmail.com","SubjectUserSid":"S-1-5-21-3099673246-488862865-489869272-1001","ReadOperation":"%%8100","CountOfCredentialsReturned":"1","ReturnCode":"0","SubjectLogonId":"0x52770","Type":"0"},"activity_id":"{8093e13c-6079-0002-5be1-93807960db01}","opcode":"Info"}}
{"@timestamp":"2025-01-06T07:16:09.874Z","@metadata":{"beat":"winlogbeat","type":"_doc","version":"8.12.1"},"log":{"level":"information","file":{"path":"C:\\Users\\admin\\Downloads\\logs\\security.evtx"}},"message":"Credential Manager credentials were read.\n\nSubject:\n\tSecurity ID:\t\tS-1-5-21-3099673246-488862865-489869272-1001\n\tAccount Name:\t\tnisha\n\tAccount Domain:\t\tDESKTOP-HLQBJKB\n\tLogon ID:\t\t0x52770\n\tRead Operation:\t\tEnumerate Credentials\n\nThis event occurs when a user performs a read operation on stored credentials in Credential Manager.","host":{"name":"DESKTOP-HLQBJKB"},"winlog":{"api":"wineventlog","provider_guid":"{54849625-5478-4994-a5ba-3e3b0328c30d}","event_data":{"SubjectUserSid":"S-1-5-21-3099673246-488862865-489869272-1001","SubjectLogonId":"0x52770","ReadOperation":"%%8100","ClientProcessId":"6400","SubjectUserName":"nisha","TargetName":"MicrosoftAccount:user=nishanthsenthil200@gmail.com","ReturnCode":"0","SubjectDomainName":"DESKTOP-HLQBJKB","Type":"0","CountOfCredentialsReturned":"1","ProcessCreationTime":"2025-01-06T07:16:09.3254568Z"},"activity_id":"{8093e13c-6079-0002-5be1-93807960db01}","opcode":"Info","task":"User Account Management","channel":"Security","process":{"pid":728,"thread":{"id":4524}},"provider_name":"Microsoft-Windows-Security-Auditing","keywords":["Audit Success"],"computer_name":"DESKTOP-HLQBJKB","event_id":"5379","record_id":4263},"event":{"action":"User Account Management","created":"2025-02-01T09:15:16.516Z","code":"5379","kind":"event","provider":"Microsoft-Windows-Security-Auditing","outcome":"success"},"ecs":{"version":"8.0.0"},"agent":{"name":"ADMINWI-4CVRMD2","type":"winlogbeat","version":"8.12.1","ephemeral_id":"55790eb9-6b77-4bbe-8dbd-6808a3347bc0","id":"cd972b96-3be8-47d8-a5c2-01b90907ebe2"}}
{"@timestamp":"2025-01-06T07:16:09.874Z","@metadata":{"beat":"winlogbeat","type":"_doc","version":"8.12.1"},"event":{"action":"User Account Management","created":"2025-02-01T09:15:16.516Z","code":"5379","kind":"event","provider":"Microsoft-Windows-Security-Auditing","outcome":"success"},"log":{"level":"information","file":{"path":"C:\\Users\\admin\\Downloads\\logs\\security.evtx"}},"message":"Credential Manager credentials were read.\n\nSubject:\n\tSecurity ID:\t\tS-1-5-21-3099673246-488862865-489869272-1001\n\tAccount Name:\t\tnisha\n\tAccount Domain:\t\tDESKTOP-HLQBJKB\n\tLogon ID:\t\t0x52770\n\tRead Operation:\t\tEnumerate Credentials\n\nThis event occurs when a user performs a read operation on stored credentials in Credential Manager.","host":{"name":"DESKTOP-HLQBJKB"},"winlog":{"keywords":["Audit Success"],"opcode":"Info","event_data":{"SubjectUserSid":"S-1-5-21-3099673246-488862865-489869272-1001","SubjectUserName":"nisha","SubjectDomainName":"DESKTOP-HLQBJKB","ReturnCode":"0","CountOfCredentialsReturned":"1","Type":"0","ReadOperation":"%%8100","ProcessCreationTime":"2025-01-06T07:16:09.3254568Z","ClientProcessId":"6400","SubjectLogonId":"0x52770","TargetName":"MicrosoftAccount:user=nishanthsenthil200@gmail.com"},"provider_name":"Microsoft-Windows-Security-Auditing","record_id":4264,"provider_guid":"{54849625-5478-4994-a5ba-3e3b0328c30d}","process":{"pid":728,"thread":{"id":4524}},"event_id":"5379","api":"wineventlog","activity_id":"{8093e13c-6079-0002-5be1-93807960db01}","channel":"Security","task":"User Account Management","computer_name":"DESKTOP-HLQBJKB"},"ecs":{"version":"8.0.0"},"agent":{"ephemeral_id":"55790eb9-6b77-4bbe-8dbd-6808a3347bc0","id":"cd972b96-3be8-47d8-a5c2-01b90907ebe2","name":"ADMINWI-4CVRMD2","type":"winlogbeat","version":"8.12.1"}}
