{"@timestamp":"2025-01-06T07:16:09.812Z","@metadata":{"beat":"winlogbeat","type":"_doc","version":"8.12.1"},"ecs":{"version":"8.0.0"},"agent":{"version":"8.12.1","ephemeral_id":"55790eb9-6b77-4bbe-8dbd-6808a3347bc0","id":"cd972b96-3be8-47d8-a5c2-01b90907ebe2","name":"ADMINWI-4CVRMD2","type":"winlogbeat"},"winlog":{"task":"User Account Management","process":{"pid":728,"thread":{"id":8}},"provider_guid":"{54849625-5478-4994-a5ba-3e3b0328c30d}","channel":"Security","api":"wineventlog","opcode":"Info","provider_name":"Microsoft-Windows-Security-Auditing","keywords":["Audit Success"],"activity_id":"{8093e13c-6079-0002-5be1-93807960db01}","event_id":"5379","computer_name":"DESKTOP-HLQBJKB","record_id":4222,"event_data":{"ClientProcessId":"6400","SubjectLogonId":"0x52770","ReturnCode":"0","SubjectDomainName":"DESKTOP-HLQBJKB","TargetName":"MicrosoftAccount:user=nishanthsenthil200@gmail.com","ProcessCreationTime":"2025-01-06T07:16:09.3254568Z","SubjectUserSid":"S-1-5-21-3099673246-488862865-489869272-1001","CountOfCredentialsReturned":"1","ReadOperation":"%%8100","SubjectUserName":"nisha","Type":"0"}},"event":{"kind":"event","provider":"Microsoft-Windows-Security-Auditing","outcome":"success","action":"User Account Management","created":"2025-02-01T09:15:16.515Z","code":"5379"},"log":{"level":"information","file":{"path":"C:\\Users\\admin\\Downloads\\logs\\security.evtx"}},"message":"Credential Manager credentials were read.\n\nSubject:\n\tSecurity ID:\t\tS-1-5-21-3099673246-488862865-489869272-1001\n\tAccount Name:\t\tnisha\n\tAccount Domain:\t\tDESKTOP-HLQBJKB\n\tLogon ID:\t\t0x52770\n\tRead Operation:\t\tEnumerate Credentials\n\nThis event occurs when a user performs a read operation on stored credentials in Credential Manager.","host":{"name":"DESKTOP-HLQBJKB"}}
{"@timestamp":"2025-01-06T07:16:09.812Z","@metadata":{"beat":"winlogbeat","type":"_doc","version":"8.12.1"},"message":"Credential Manager credentials were read.\n\nSubject:\n\tSecurity ID:\t\tS-1-5-21-3099673246-488862865-489869272-1001\n\tAccount Name:\t\tnisha\n\tAccount Domain:\t\tDESKTOP-HLQBJKB\n\tLogon ID:\t\t0x52770\n\tRead Operation:\t\tEnumerate Credentials\n\nThis event occurs when a user performs a read operation on stored credentials in Credential Manager.","host":{"name":"DESKTOP-HLQBJKB"},"ecs":{"version":"8.0.0"},"agent":{"name":"ADMINWI-4CVRMD2","type":"winlogbeat","version":"8.12.1","ephemeral_id":"55790eb9-6b77-4bbe-8dbd-6808a3347bc0","id":"cd972b96-3be8-47d8-a5c2-01b90907ebe2"},"winlog":{"provider_name":"Microsoft-Windows-Security-Auditing","record_id":4223,"event_data":{"SubjectLogonId":"0x52770","SubjectUserSid":"S-1-5-21-3099673246-488862865-489869272-1001","CountOfCredentialsReturned":"1","ReadOperation":"%%8100","ReturnCode":"0","SubjectUserName":"nisha","ProcessCreationTime":"2025-01-06T07:16:09.3254568Z","ClientProcessId":"6400","SubjectDomainName":"DESKTOP-HLQBJKB","TargetName":"MicrosoftAccount:user=nishanthsenthil200@gmail.com","Type":"0"},"event_id":"5379","process":{"pid":728,"thread":{"id":8}},"keywords":["Audit Success"],"provider_guid":"{54849625-5478-4994-a5ba-3e3b0328c30d}","activity_id":"{8093e13c-6079-0002-5be1-93807960db01}","task":"User Account Management","channel":"Security","computer_name":"DESKTOP-HLQBJKB","api":"wineventlog","opcode":"Info"},"event":{"code":"5379","kind":"event","provider":"Microsoft-Windows-Security-Auditing","outcome":"success","action":"User Account Management","created":"2025-02-01T09:15:16.515Z"},"log":{"level":"information","file":{"path":"C:\\Users\\admin\\Downloads\\logs\\security.evtx"}}}
{"@timestamp":"2025-01-06T07:16:09.812Z","@metadata":{"beat":"winlogbeat","type":"_doc","version":"8.12.1"},"log":{"file":{"path":"C:\\Users\\admin\\Downloads\\logs\\security.evtx"},"level":"information"},"message":"Credential Manager credentials were read.\n\nSubject:\n\tSecurity ID:\t\tS-1-5-21-3099673246-488862865-489869272-1001\n\tAccount Name:\t\tnisha\n\tAccount Domain:\t\tDESKTOP-HLQBJKB\n\tLogon ID:\t\t0x52770\n\tRead Operation:\t\tEnumerate Credentials\n\nThis event occurs when a user performs a read operation on stored credentials in Credential Manager.","host":{"name":"DESKTOP-HLQBJKB"},"winlog":{"process":{"pid":728,"thread":{"id":8}},"provider_guid":"{54849625-5478-4994-a5ba-3e3b0328c30d}","activity_id":"{8093e13c-6079-0002-5be1-93807960db01}","computer_name":"DESKTOP-HLQBJKB","channel":"Security","keywords":["Audit Success"],"event_data":{"ClientProcessId":"6400","SubjectLogonId":"0x52770","SubjectUserName":"nisha","SubjectDomainName":"DESKTOP-HLQBJKB","ReadOperation":"%%8100","ReturnCode":"0","TargetName":"MicrosoftAccount:user=nishanthsenthil200@gmail.com","Type":"0","CountOfCredentialsReturned":"1","ProcessCreationTime":"2025-01-06T07:16:09.3254568Z","SubjectUserSid":"S-1-5-21-3099673246-488862865-489869272-1001"},"api":"wineventlog","opcode":"Info","provider_name":"Microsoft-Windows-Security-Auditing","record_id":4224,"task":"User Account Management","event_id":"5379"},"event":{"kind":"event","provider":"Microsoft-Windows-Security-Auditing","outcome":"success","action":"User Account Management","created":"2025-02-01T09:15:16.515Z","code":"5379"},"ecs":{"version":"8.0.0"},"agent":{"name":"ADMINWI-4CVRMD2","type":"winlogbeat","version":"8.12.1","ephemeral_id":"55790eb9-6b77-4bbe-8dbd-6808a3347bc0","id":"cd972b96-3be8-47d8-a5c2-01b90907ebe2"}}
{"@timestamp":"2025-01-06T07:16:09.812Z","@metadata":{"beat":"winlogbeat","type":"_doc","version":"8.12.1"},"host":{"name":"DESKTOP-HLQBJKB"},"winlog":{"process":{"pid":728,"thread":{"id":8}},"channel":"Security","event_data":{"SubjectDomainName":"DESKTOP-HLQBJKB","SubjectUserSid":"S-1-5-21-3099673246-488862865-489869272-1001","SubjectLogonId":"0x52770","TargetName":"MicrosoftAccount:user=nishanthsenthil200@gmail.com","ProcessCreationTime":"2025-01-06T07:16:09.3254568Z","SubjectUserName":"nisha","ClientProcessId":"6400","ReadOperation":"%%8100","Type":"0","CountOfCredentialsReturned":"1","ReturnCode":"0"},"api":"wineventlog","provider_name":"Microsoft-Windows-Security-Auditing","event_id":"5379","record_id":4225,"keywords":["Audit Success"],"task":"User Account Management","opcode":"Info","computer_name":"DESKTOP-HLQBJKB","provider_guid":"{54849625-5478-4994-a5ba-3e3b0328c30d}","activity_id":"{8093e13c-6079-0002-5be1-93807960db01}"},"event":{"outcome":"success","action":"User Account Management","created":"2025-02-01T09:15:16.515Z","code":"5379","kind":"event","provider":"Microsoft-Windows-Security-Auditing"},"log":{"level":"information","file":{"path":"C:\\Users\\admin\\Downloads\\logs\\security.evtx"}},"ecs":{"version":"8.0.0"},"agent":{"name":"ADMINWI-4CVRMD2","type":"winlogbeat","version":"8.12.1","ephemeral_id":"55790eb9-6b77-4bbe-8dbd-6808a3347bc0","id":"cd972b96-3be8-47d8-a5c2-01b90907ebe2"},"message":"Credential Manager credentials were read.\n\nSubject:\n\tSecurity ID:\t\tS-1-5-21-3099673246-488862865-489869272-1001\n\tAccount Name:\t\tnisha\n\tAccount Domain:\t\tDESKTOP-HLQBJKB\n\tLogon ID:\t\t0x52770\n\tRead Operation:\t\tEnumerate Credentials\n\nThis event occurs when a user performs a read operation on stored credentials in Credential Manager."}
{"@timestamp":"2025-01-06T07:16:09.813Z","@metadata":{"beat":"winlogbeat","type":"_doc","version":"8.12.1"},"winlog":{"opcode":"Info","channel":"Security","provider_name":"Microsoft-Windows-Security-Auditing","record_id":4226,"activity_id":"{8093e13c-6079-0002-5be1-93807960db01}","process":{"pid":728,"thread":{"id":8}},"task":"User Account Management","event_data":{"TargetName":"MicrosoftAccount:user=nishanthsenthil200@gmail.com","CountOfCredentialsReturned":"1","ReturnCode":"0","SubjectDomainName":"DESKTOP-HLQBJKB","Type":"0","ProcessCreationTime":"2025-01-06T07:16:09.3254568Z","SubjectUserName":"nisha","SubjectLogonId":"0x52770","ReadOperation":"%%8100","ClientProcessId":"6400","SubjectUserSid":"S-1-5-21-3099673246-488862865-489869272-1001"},"provider_guid":"{54849625-5478-4994-a5ba-3e3b0328c30d}","event_id":"5379","api":"wineventlog","computer_name":"DESKTOP-HLQBJKB","keywords":["Audit Success"]},"ecs":{"version":"8.0.0"},"agent":{"type":"winlogbeat","version":"8.12.1","ephemeral_id":"55790eb9-6b77-4bbe-8dbd-6808a3347bc0","id":"cd972b96-3be8-47d8-a5c2-01b90907ebe2","name":"ADMINWI-4CVRMD2"},"event":{"kind":"event","provider":"Microsoft-Windows-Security-Auditing","outcome":"success","action":"User Account Management","created":"2025-02-01T09:15:16.515Z","code":"5379"},"log":{"level":"information","file":{"path":"C:\\Users\\admin\\Downloads\\logs\\security.evtx"}},"message":"Credential Manager credentials were read.\n\nSubject:\n\tSecurity ID:\t\tS-1-5-21-3099673246-488862865-489869272-1001\n\tAccount Name:\t\tnisha\n\tAccount Domain:\t\tDESKTOP-HLQBJKB\n\tLogon ID:\t\t0x52770\n\tRead Operation:\t\tEnumerate Credentials\n\nThis event occurs when a user performs a read operation on stored credentials in Credential Manager.","host":{"name":"DESKTOP-HLQBJKB"}}
{"@timestamp":"2025-01-06T07:16:09.813Z","@metadata":{"beat":"winlogbeat","type":"_doc","version":"8.12.1"},"message":"Credential Manager credentials were read.\n\nSubject:\n\tSecurity ID:\t\tS-1-5-21-3099673246-488862865-489869272-1001\n\tAccount Name:\t\tnisha\n\tAccount Domain:\t\tDESKTOP-HLQBJKB\n\tLogon ID:\t\t0x52770\n\tRead Operation:\t\tEnumerate Credentials\n\nThis event occurs when a user performs a read operation on stored credentials in Credential Manager.","host":{"name":"DESKTOP-HLQBJKB"},"winlog":{"api":"wineventlog","activity_id":"{8093e13c-6079-0002-5be1-93807960db01}","channel":"Security","opcode":"Info","event_data":{"TargetName":"MicrosoftAccount:user=nishanthsenthil200@gmail.com","ReturnCode":"0","CountOfCredentialsReturned":"1","ProcessCreationTime":"2025-01-06T07:16:09.3254568Z","SubjectUserSid":"S-1-5-21-3099673246-488862865-489869272-1001","SubjectLogonId":"0x52770","Type":"0","ReadOperation":"%%8100","ClientProcessId":"6400","SubjectUserName":"nisha","SubjectDomainName":"DESKTOP-HLQBJKB"},"process":{"pid":728,"thread":{"id":8}},"computer_name":"DESKTOP-HLQBJKB","provider_name":"Microsoft-Windows-Security-Auditing","record_id":4227,"task":"User Account Management","keywords":["Audit Success"],"event_id":"5379","provider_guid":"{54849625-5478-4994-a5ba-3e3b0328c30d}"},"event":{"created":"2025-02-01T09:15:16.515Z","code":"5379","kind":"event","provider":"Microsoft-Windows-Security-Auditing","outcome":"success","action":"User Account Management"},"log":{"level":"information","file":{"path":"C:\\Users\\admin\\Downloads\\logs\\security.evtx"}},"ecs":{"version":"8.0.0"},"agent":{"version":"8.12.1","ephemeral_id":"55790eb9-6b77-4bbe-8dbd-6808a3347bc0","id":"cd972b96-3be8-47d8-a5c2-01b90907ebe2","name":"ADMINWI-4CVRMD2","type":"winlogbeat"}}
{"@timestamp":"2025-01-06T07:16:09.813Z","@metadata":{"beat":"winlogbeat","type":"_doc","version":"8.12.1"},"winlog":{"event_id":"5379","provider_guid":"{54849625-5478-4994-a5ba-3e3b0328c30d}","provider_name":"Microsoft-Windows-Security-Auditing","channel":"Security","api":"wineventlog","record_id":4228,"opcode":"Info","computer_name":"DESKTOP-HLQBJKB","keywords":["Audit Success"],"event_data":{"Type":"0","ReadOperation":"%%8100","ProcessCreationTime":"2025-01-06T07:16:09.3254568Z","ClientProcessId":"6400","SubjectUserName":"nisha","SubjectLogonId":"0x52770","CountOfCredentialsReturned":"1","ReturnCode":"0","SubjectUserSid":"S-1-5-21-3099673246-488862865-489869272-1001","SubjectDomainName":"DESKTOP-HLQBJKB","TargetName":"MicrosoftAccount:user=nishanthsenthil200@gmail.com"},"activity_id":"{8093e13c-6079-0002-5be1-93807960db01}","task":"User Account Management","process":{"pid":728,"thread":{"id":8}}},"agent":{"name":"ADMINWI-4CVRMD2","type":"winlogbeat","version":"8.12.1","ephemeral_id":"55790eb9-6b77-4bbe-8dbd-6808a3347bc0","id":"cd972b96-3be8-47d8-a5c2-01b90907ebe2"},"ecs":{"version":"8.0.0"},"event":{"kind":"event","provider":"Microsoft-Windows-Security-Auditing","outcome":"success","action":"User Account Management","created":"2025-02-01T09:15:16.515Z","code":"5379"},"log":{"level":"information","file":{"path":"C:\\Users\\admin\\Downloads\\logs\\security.evtx"}},"message":"Credential Manager credentials were read.\n\nSubject:\n\tSecurity ID:\t\tS-1-5-21-3099673246-488862865-489869272-1001\n\tAccount Name:\t\tnisha\n\tAccount Domain:\t\tDESKTOP-HLQBJKB\n\tLogon ID:\t\t0x52770\n\tRead Operation:\t\tEnumerate Credentials\n\nThis event occurs when a user performs a read operation on stored credentials in Credential Manager.","host":{"name":"DESKTOP-HLQBJKB"}}
{"@timestamp":"2025-01-06T07:16:09.814Z","@metadata":{"beat":"winlogbeat","type":"_doc","version":"8.12.1"},"event":{"provider":"Microsoft-Windows-Security-Auditing","outcome":"success","action":"User Account Management","created":"2025-02-01T09:15:16.515Z","code":"5379","kind":"event"},"log":{"level":"information","file":{"path":"C:\\Users\\admin\\Downloads\\logs\\security.evtx"}},"message":"Credential Manager credentials were read.\n\nSubject:\n\tSecurity ID:\t\tS-1-5-21-3099673246-488862865-489869272-1001\n\tAccount Name:\t\tnisha\n\tAccount Domain:\t\tDESKTOP-HLQBJKB\n\tLogon ID:\t\t0x52770\n\tRead Operation:\t\tRead Credential\n\nThis event occurs when a user performs a read operation on stored credentials in Credential Manager.","host":{"name":"DESKTOP-HLQBJKB"},"ecs":{"version":"8.0.0"},"agent":{"ephemeral_id":"55790eb9-6b77-4bbe-8dbd-6808a3347bc0","id":"cd972b96-3be8-47d8-a5c2-01b90907ebe2","name":"ADMINWI-4CVRMD2","type":"winlogbeat","version":"8.12.1"},"winlog":{"event_data":{"CountOfCredentialsReturned":"1","Type":"1","ClientProcessId":"6400","SubjectUserName":"nisha","SubjectLogonId":"0x52770","ProcessCreationTime":"2025-01-06T07:16:09.3254568Z","SubjectDomainName":"DESKTOP-HLQBJKB","ReadOperation":"%%8099","ReturnCode":"0","SubjectUserSid":"S-1-5-21-3099673246-488862865-489869272-1001","TargetName":"MicrosoftAccount:user=nishanthsenthil200@gmail.com"},"keywords":["Audit Success"],"activity_id":"{8093e13c-6079-0002-5be1-93807960db01}","provider_guid":"{54849625-5478-4994-a5ba-3e3b0328c30d}","opcode":"Info","channel":"Security","event_id":"5379","provider_name":"Microsoft-Windows-Security-Auditing","record_id":4229,"computer_name":"DESKTOP-HLQBJKB","process":{"pid":728,"thread":{"id":8}},"api":"wineventlog","task":"User Account Management"}}
{"@timestamp":"2025-01-06T07:16:09.839Z","@metadata":{"beat":"winlogbeat","type":"_doc","version":"8.12.1"},"host":{"name":"DESKTOP-HLQBJKB"},"ecs":{"version":"8.0.0"},"agent":{"version":"8.12.1","ephemeral_id":"55790eb9-6b77-4bbe-8dbd-6808a3347bc0","id":"cd972b96-3be8-47d8-a5c2-01b90907ebe2","name":"ADMINWI-4CVRMD2","type":"winlogbeat"},"winlog":{"event_data":{"SubjectUserName":"nisha","ReturnCode":"0","ClientProcessId":"6400","SubjectUserSid":"S-1-5-21-3099673246-488862865-489869272-1001","SubjectDomainName":"DESKTOP-HLQBJKB","Type":"0","ProcessCreationTime":"2025-01-06T07:16:09.3254568Z","SubjectLogonId":"0x52770","TargetName":"MicrosoftAccount:user=nishanthsenthil200@gmail.com","CountOfCredentialsReturned":"1","ReadOperation":"%%8100"},"computer_name":"DESKTOP-HLQBJKB","provider_guid":"{54849625-5478-4994-a5ba-3e3b0328c30d}","task":"User Account Management","process":{"pid":728,"thread":{"id":4524}},"record_id":4230,"opcode":"Info","channel":"Security","keywords":["Audit Success"],"api":"wineventlog","event_id":"5379","provider_name":"Microsoft-Windows-Security-Auditing","activity_id":"{8093e13c-6079-0002-5be1-93807960db01}"},"event":{"action":"User Account Management","created":"2025-02-01T09:15:16.515Z","code":"5379","kind":"event","provider":"Microsoft-Windows-Security-Auditing","outcome":"success"},"log":{"level":"information","file":{"path":"C:\\Users\\admin\\Downloads\\logs\\security.evtx"}},"message":"Credential Manager credentials were read.\n\nSubject:\n\tSecurity ID:\t\tS-1-5-21-3099673246-488862865-489869272-1001\n\tAccount Name:\t\tnisha\n\tAccount Domain:\t\tDESKTOP-HLQBJKB\n\tLogon ID:\t\t0x52770\n\tRead Operation:\t\tEnumerate Credentials\n\nThis event occurs when a user performs a read operation on stored credentials in Credential Manager."}
{"@timestamp":"2025-01-06T07:16:09.840Z","@metadata":{"beat":"winlogbeat","type":"_doc","version":"8.12.1"},"winlog":{"event_id":"5379","api":"wineventlog","provider_guid":"{54849625-5478-4994-a5ba-3e3b0328c30d}","event_data":{"ReadOperation":"%%8100","SubjectLogonId":"0x52770","Type":"0","ReturnCode":"0","ClientProcessId":"6400","SubjectUserSid":"S-1-5-21-3099673246-488862865-489869272-1001","SubjectDomainName":"DESKTOP-HLQBJKB","TargetName":"MicrosoftAccount:user=nishanthsenthil200@gmail.com","ProcessCreationTime":"2025-01-06T07:16:09.3254568Z","SubjectUserName":"nisha","CountOfCredentialsReturned":"1"},"process":{"pid":728,"thread":{"id":4524}},"record_id":4231,"opcode":"Info","activity_id":"{8093e13c-6079-0002-5be1-93807960db01}","task":"User Account Management","computer_name":"DESKTOP-HLQBJKB","channel":"Security","provider_name":"Microsoft-Windows-Security-Auditing","keywords":["Audit Success"]},"event":{"action":"User Account Management","created":"2025-02-01T09:15:16.515Z","code":"5379","kind":"event","provider":"Microsoft-Windows-Security-Auditing","outcome":"success"},"log":{"level":"information","file":{"path":"C:\\Users\\admin\\Downloads\\logs\\security.evtx"}},"message":"Credential Manager credentials were read.\n\nSubject:\n\tSecurity ID:\t\tS-1-5-21-3099673246-488862865-489869272-1001\n\tAccount Name:\t\tnisha\n\tAccount Domain:\t\tDESKTOP-HLQBJKB\n\tLogon ID:\t\t0x52770\n\tRead Operation:\t\tEnumerate Credentials\n\nThis event occurs when a user performs a read operation on stored credentials in Credential Manager.","host":{"name":"DESKTOP-HLQBJKB"},"agent":{"name":"ADMINWI-4CVRMD2","type":"winlogbeat","version":"8.12.1","ephemeral_id":"55790eb9-6b77-4bbe-8dbd-6808a3347bc0","id":"cd972b96-3be8-47d8-a5c2-01b90907ebe2"},"ecs":{"version":"8.0.0"}}
{"@timestamp":"2025-01-06T07:16:09.840Z","@metadata":{"beat":"winlogbeat","type":"_doc","version":"8.12.1"},"winlog":{"api":"wineventlog","provider_guid":"{54849625-5478-4994-a5ba-3e3b0328c30d}","activity_id":"{8093e13c-6079-0002-5be1-93807960db01}","provider_name":"Microsoft-Windows-Security-Auditing","channel":"Security","process":{"pid":728,"thread":{"id":4524}},"event_data":{"ProcessCreationTime":"2025-01-06T07:16:09.3254568Z","SubjectUserName":"nisha","CountOfCredentialsReturned":"1","SubjectDomainName":"DESKTOP-HLQBJKB","SubjectLogonId":"0x52770","TargetName":"MicrosoftAccount:user=nishanthsenthil200@gmail.com","Type":"0","ClientProcessId":"6400","SubjectUserSid":"S-1-5-21-3099673246-488862865-489869272-1001","ReadOperation":"%%8100","ReturnCode":"0"},"opcode":"Info","event_id":"5379","record_id":4232,"keywords":["Audit Success"],"computer_name":"DESKTOP-HLQBJKB","task":"User Account Management"},"event":{"provider":"Microsoft-Windows-Security-Auditing","outcome":"success","action":"User Account Management","created":"2025-02-01T09:15:16.515Z","code":"5379","kind":"event"},"log":{"level":"information","file":{"path":"C:\\Users\\admin\\Downloads\\logs\\security.evtx"}},"message":"Credential Manager credentials were read.\n\nSubject:\n\tSecurity ID:\t\tS-1-5-21-3099673246-488862865-489869272-1001\n\tAccount Name:\t\tnisha\n\tAccount Domain:\t\tDESKTOP-HLQBJKB\n\tLogon ID:\t\t0x52770\n\tRead Operation:\t\tEnumerate Credentials\n\nThis event occurs when a user performs a read operation on stored credentials in Credential Manager.","ecs":{"version":"8.0.0"},"agent":{"name":"ADMINWI-4CVRMD2","type":"winlogbeat","version":"8.12.1","ephemeral_id":"55790eb9-6b77-4bbe-8dbd-6808a3347bc0","id":"cd972b96-3be8-47d8-a5c2-01b90907ebe2"},"host":{"name":"DESKTOP-HLQBJKB"}}
{"@timestamp":"2025-01-06T07:16:09.840Z","@metadata":{"beat":"winlogbeat","type":"_doc","version":"8.12.1"},"ecs":{"version":"8.0.0"},"log":{"level":"information","file":{"path":"C:\\Users\\admin\\Downloads\\logs\\security.evtx"}},"message":"Credential Manager credentials were read.\n\nSubject:\n\tSecurity ID:\t\tS-1-5-21-3099673246-488862865-489869272-1001\n\tAccount Name:\t\tnisha\n\tAccount Domain:\t\tDESKTOP-HLQBJKB\n\tLogon ID:\t\t0x52770\n\tRead Operation:\t\tEnumerate Credentials\n\nThis event occurs when a user performs a read operation on stored credentials in Credential Manager.","host":{"name":"DESKTOP-HLQBJKB"},"winlog":{"event_data":{"SubjectUserName":"nisha","SubjectDomainName":"DESKTOP-HLQBJKB","SubjectLogonId":"0x52770","TargetName":"MicrosoftAccount:user=nishanthsenthil200@gmail.com","ReadOperation":"%%8100","ProcessCreationTime":"2025-01-06T07:16:09.3254568Z","SubjectUserSid":"S-1-5-21-3099673246-488862865-489869272-1001","Type":"0","ClientProcessId":"6400","CountOfCredentialsReturned":"1","ReturnCode":"0"},"event_id":"5379","task":"User Account Management","keywords":["Audit Success"],"computer_name":"DESKTOP-HLQBJKB","opcode":"Info","process":{"pid":728,"thread":{"id":4524}},"provider_guid":"{54849625-5478-4994-a5ba-3e3b0328c30d}","activity_id":"{8093e13c-6079-0002-5be1-93807960db01}","provider_name":"Microsoft-Windows-Security-Auditing","record_id":4233,"api":"wineventlog","channel":"Security"},"event":{"action":"User Account Management","created":"2025-02-01T09:15:16.515Z","code":"5379","kind":"event","provider":"Microsoft-Windows-Security-Auditing","outcome":"success"},"agent":{"id":"cd972b96-3be8-47d8-a5c2-01b90907ebe2","name":"ADMINWI-4CVRMD2","type":"winlogbeat","version":"8.12.1","ephemeral_id":"55790eb9-6b77-4bbe-8dbd-6808a3347bc0"}}
{"@timestamp":"2025-01-06T07:16:09.841Z","@metadata":{"beat":"winlogbeat","type":"_doc","version":"8.12.1"},"agent":{"name":"ADMINWI-4CVRMD2","type":"winlogbeat","version":"8.12.1","ephemeral_id":"55790eb9-6b77-4bbe-8dbd-6808a3347bc0","id":"cd972b96-3be8-47d8-a5c2-01b90907ebe2"},"ecs":{"version":"8.0.0"},"winlog":{"opcode":"Info","event_data":{"Type":"0","SubjectLogonId":"0x52770","ProcessCreationTime":"2025-01-06T07:16:09.3254568Z","ClientProcessId":"6400","ReturnCode":"0","SubjectUserSid":"S-1-5-21-3099673246-488862865-489869272-1001","SubjectUserName":"nisha","SubjectDomainName":"DESKTOP-HLQBJKB","ReadOperation":"%%8100","TargetName":"MicrosoftAccount:user=nishanthsenthil200@gmail.com","CountOfCredentialsReturned":"1"},"computer_name":"DESKTOP-HLQBJKB","provider_guid":"{54849625-5478-4994-a5ba-3e3b0328c30d}","record_id":4234,"process":{"thread":{"id":4524},"pid":728},"channel":"Security","task":"User Account Management","activity_id":"{8093e13c-6079-0002-5be1-93807960db01}","event_id":"5379","api":"wineventlog","provider_name":"Microsoft-Windows-Security-Auditing","keywords":["Audit Success"]},"event":{"outcome":"success","action":"User Account Management","created":"2025-02-01T09:15:16.515Z","code":"5379","kind":"event","provider":"Microsoft-Windows-Security-Auditing"},"log":{"file":{"path":"C:\\Users\\admin\\Downloads\\logs\\security.evtx"},"level":"information"},"message":"Credential Manager credentials were read.\n\nSubject:\n\tSecurity ID:\t\tS-1-5-21-3099673246-488862865-489869272-1001\n\tAccount Name:\t\tnisha\n\tAccount Domain:\t\tDESKTOP-HLQBJKB\n\tLogon ID:\t\t0x52770\n\tRead Operation:\t\tEnumerate Credentials\n\nThis event occurs when a user performs a read operation on stored credentials in Credential Manager.","host":{"name":"DESKTOP-HLQBJKB"}}
{"@timestamp":"2025-01-06T07:16:09.841Z","@metadata":{"beat":"winlogbeat","type":"_doc","version":"8.12.1"},"winlog":{"record_id":4235,"provider_name":"Microsoft-Windows-Security-Auditing","opcode":"Info","keywords":["Audit Success"],"event_id":"5379","event_data":{"ReadOperation":"%%8100","ReturnCode":"0","SubjectUserName":"nisha","TargetName":"MicrosoftAccount:user=nishanthsenthil200@gmail.com","Type":"0","SubjectUserSid":"S-1-5-21-3099673246-488862865-489869272-1001","CountOfCredentialsReturned":"1","ClientProcessId":"6400","SubjectDomainName":"DESKTOP-HLQBJKB","SubjectLogonId":"0x52770","ProcessCreationTime":"2025-01-06T07:16:09.3254568Z"},"channel":"Security","activity_id":"{8093e13c-6079-0002-5be1-93807960db01}","process":{"pid":728,"thread":{"id":4524}},"task":"User Account Management","api":"wineventlog","provider_guid":"{54849625-5478-4994-a5ba-3e3b0328c30d}","computer_name":"DESKTOP-HLQBJKB"},"event":{"created":"2025-02-01T09:15:16.515Z","code":"5379","kind":"event","provider":"Microsoft-Windows-Security-Auditing","outcome":"success","action":"User Account Management"},"log":{"level":"information","file":{"path":"C:\\Users\\admin\\Downloads\\logs\\security.evtx"}},"message":"Credential Manager credentials were read.\n\nSubject:\n\tSecurity ID:\t\tS-1-5-21-3099673246-488862865-489869272-1001\n\tAccount Name:\t\tnisha\n\tAccount Domain:\t\tDESKTOP-HLQBJKB\n\tLogon ID:\t\t0x52770\n\tRead Operation:\t\tEnumerate Credentials\n\nThis event occurs when a user performs a read operation on stored credentials in Credential Manager.","host":{"name":"DESKTOP-HLQBJKB"},"ecs":{"version":"8.0.0"},"agent":{"name":"ADMINWI-4CVRMD2","type":"winlogbeat","version":"8.12.1","ephemeral_id":"55790eb9-6b77-4bbe-8dbd-6808a3347bc0","id":"cd972b96-3be8-47d8-a5c2-01b90907ebe2"}}
{"@timestamp":"2025-01-06T07:16:09.841Z","@metadata":{"beat":"winlogbeat","type":"_doc","version":"8.12.1"},"log":{"file":{"path":"C:\\Users\\admin\\Downloads\\logs\\security.evtx"},"level":"information"},"message":"Credential Manager credentials were read.\n\nSubject:\n\tSecurity ID:\t\tS-1-5-21-3099673246-488862865-489869272-1001\n\tAccount Name:\t\tnisha\n\tAccount Domain:\t\tDESKTOP-HLQBJKB\n\tLogon ID:\t\t0x52770\n\tRead Operation:\t\tEnumerate Credentials\n\nThis event occurs when a user performs a read operation on stored credentials in Credential Manager.","host":{"name":"DESKTOP-HLQBJKB"},"ecs":{"version":"8.0.0"},"agent":{"version":"8.12.1","ephemeral_id":"55790eb9-6b77-4bbe-8dbd-6808a3347bc0","id":"cd972b96-3be8-47d8-a5c2-01b90907ebe2","name":"ADMINWI-4CVRMD2","type":"winlogbeat"},"winlog":{"channel":"Security","keywords":["Audit Success"],"event_id":"5379","record_id":4236,"task":"User Account Management","event_data":{"Type":"0","CountOfCredentialsReturned":"1","SubjectDomainName":"DESKTOP-HLQBJKB","TargetName":"MicrosoftAccount:user=nishanthsenthil200@gmail.com","ClientProcessId":"6400","SubjectUserSid":"S-1-5-21-3099673246-488862865-489869272-1001","ReadOperation":"%%8100","ReturnCode":"0","SubjectLogonId":"0x52770","SubjectUserName":"nisha","ProcessCreationTime":"2025-01-06T07:16:09.3254568Z"},"activity_id":"{8093e13c-6079-0002-5be1-93807960db01}","provider_name":"Microsoft-Windows-Security-Auditing","computer_name":"DESKTOP-HLQBJKB","provider_guid":"{54849625-5478-4994-a5ba-3e3b0328c30d}","process":{"pid":728,"thread":{"id":4524}},"api":"wineventlog","opcode":"Info"},"event":{"created":"2025-02-01T09:15:16.516Z","code":"5379","kind":"event","provider":"Microsoft-Windows-Security-Auditing","outcome":"success","action":"User Account Management"}}
{"@timestamp":"2025-01-06T07:16:09.841Z","@metadata":{"beat":"winlogbeat","type":"_doc","version":"8.12.1"},"agent":{"version":"8.12.1","ephemeral_id":"55790eb9-6b77-4bbe-8dbd-6808a3347bc0","id":"cd972b96-3be8-47d8-a5c2-01b90907ebe2","name":"ADMINWI-4CVRMD2","type":"winlogbeat"},"winlog":{"event_data":{"SubjectLogonId":"0x52770","CountOfCredentialsReturned":"1","ReturnCode":"0","SubjectUserSid":"S-1-5-21-3099673246-488862865-489869272-1001","ReadOperation":"%%8100","ProcessCreationTime":"2025-01-06T07:16:09.3254568Z","ClientProcessId":"6400","TargetName":"MicrosoftAccount:user=nishanthsenthil200@gmail.com","SubjectUserName":"nisha","SubjectDomainName":"DESKTOP-HLQBJKB","Type":"0"},"api":"wineventlog","provider_name":"Microsoft-Windows-Security-Auditing","provider_guid":"{54849625-5478-4994-a5ba-3e3b0328c30d}","computer_name":"DESKTOP-HLQBJKB","process":{"pid":728,"thread":{"id":4524}},"event_id":"5379","record_id":4237,"channel":"Security","activity_id":"{8093e13c-6079-0002-5be1-93807960db01}","task":"User Account Management","keywords":["Audit Success"],"opcode":"Info"},"event":{"created":"2025-02-01T09:15:16.516Z","code":"5379","kind":"event","provider":"Microsoft-Windows-Security-Auditing","outcome":"success","action":"User Account Management"},"log":{"level":"information","file":{"path":"C:\\Users\\admin\\Downloads\\logs\\security.evtx"}},"message":"Credential Manager credentials were read.\n\nSubject:\n\tSecurity ID:\t\tS-1-5-21-3099673246-488862865-489869272-1001\n\tAccount Name:\t\tnisha\n\tAccount Domain:\t\tDESKTOP-HLQBJKB\n\tLogon ID:\t\t0x52770\n\tRead Operation:\t\tEnumerate Credentials\n\nThis event occurs when a user performs a read operation on stored credentials in Credential Manager.","host":{"name":"DESKTOP-HLQBJKB"},"ecs":{"version":"8.0.0"}}
{"@timestamp":"2025-01-06T07:16:09.842Z","@metadata":{"beat":"winlogbeat","type":"_doc","version":"8.12.1"},"agent":{"ephemeral_id":"55790eb9-6b77-4bbe-8dbd-6808a3347bc0","id":"cd972b96-3be8-47d8-a5c2-01b90907ebe2","name":"ADMINWI-4CVRMD2","type":"winlogbeat","version":"8.12.1"},"winlog":{"task":"User Account Management","event_id":"5379","provider_name":"Microsoft-Windows-Security-Auditing","record_id":4238,"channel":"Security","provider_guid":"{54849625-5478-4994-a5ba-3e3b0328c30d}","opcode":"Info","event_data":{"ClientProcessId":"6400","TargetName":"MicrosoftAccount:user=nishanthsenthil200@gmail.com","SubjectUserName":"nisha","SubjectDomainName":"DESKTOP-HLQBJKB","Type":"0","ReadOperation":"%%8100","ReturnCode":"0","CountOfCredentialsReturned":"1","ProcessCreationTime":"2025-01-06T07:16:09.3254568Z","SubjectUserSid":"S-1-5-21-3099673246-488862865-489869272-1001","SubjectLogonId":"0x52770"},"keywords":["Audit Success"],"activity_id":"{8093e13c-6079-0002-5be1-93807960db01}","process":{"pid":728,"thread":{"id":4524}},"computer_name":"DESKTOP-HLQBJKB","api":"wineventlog"},"event":{"provider":"Microsoft-Windows-Security-Auditing","outcome":"success","action":"User Account Management","created":"2025-02-01T09:15:16.516Z","code":"5379","kind":"event"},"log":{"level":"information","file":{"path":"C:\\Users\\admin\\Downloads\\logs\\security.evtx"}},"message":"Credential Manager credentials were read.\n\nSubject:\n\tSecurity ID:\t\tS-1-5-21-3099673246-488862865-489869272-1001\n\tAccount Name:\t\tnisha\n\tAccount Domain:\t\tDESKTOP-HLQBJKB\n\tLogon ID:\t\t0x52770\n\tRead Operation:\t\tEnumerate Credentials\n\nThis event occurs when a user performs a read operation on stored credentials in Credential Manager.","host":{"name":"DESKTOP-HLQBJKB"},"ecs":{"version":"8.0.0"}}
{"@timestamp":"2025-01-06T07:16:09.842Z","@metadata":{"beat":"winlogbeat","type":"_doc","version":"8.12.1"},"ecs":{"version":"8.0.0"},"agent":{"name":"ADMINWI-4CVRMD2","type":"winlogbeat","version":"8.12.1","ephemeral_id":"55790eb9-6b77-4bbe-8dbd-6808a3347bc0","id":"cd972b96-3be8-47d8-a5c2-01b90907ebe2"},"host":{"name":"DESKTOP-HLQBJKB"},"winlog":{"api":"wineventlog","process":{"thread":{"id":4524},"pid":728},"keywords":["Audit Success"],"provider_guid":"{54849625-5478-4994-a5ba-3e3b0328c30d}","activity_id":"{8093e13c-6079-0002-5be1-93807960db01}","channel":"Security","provider_name":"Microsoft-Windows-Security-Auditing","event_id":"5379","task":"User Account Management","record_id":4239,"opcode":"Info","computer_name":"DESKTOP-HLQBJKB","event_data":{"ClientProcessId":"6400","SubjectDomainName":"DESKTOP-HLQBJKB","SubjectUserName":"nisha","TargetName":"MicrosoftAccount:user=nishanthsenthil200@gmail.com","CountOfCredentialsReturned":"1","ReturnCode":"0","ProcessCreationTime":"2025-01-06T07:16:09.3254568Z","SubjectUserSid":"S-1-5-21-3099673246-488862865-489869272-1001","Type":"0","ReadOperation":"%%8100","SubjectLogonId":"0x52770"}},"event":{"outcome":"success","action":"User Account Management","created":"2025-02-01T09:15:16.516Z","code":"5379","kind":"event","provider":"Microsoft-Windows-Security-Auditing"},"log":{"file":{"path":"C:\\Users\\admin\\Downloads\\logs\\security.evtx"},"level":"information"},"message":"Credential Manager credentials were read.\n\nSubject:\n\tSecurity ID:\t\tS-1-5-21-3099673246-488862865-489869272-1001\n\tAccount Name:\t\tnisha\n\tAccount Domain:\t\tDESKTOP-HLQBJKB\n\tLogon ID:\t\t0x52770\n\tRead Operation:\t\tEnumerate Credentials\n\nThis event occurs when a user performs a read operation on stored credentials in Credential Manager."}
{"@timestamp":"2025-01-06T07:16:09.842Z","@metadata":{"beat":"winlogbeat","type":"_doc","version":"8.12.1"},"message":"Credential Manager credentials were read.\n\nSubject:\n\tSecurity ID:\t\tS-1-5-21-3099673246-488862865-489869272-1001\n\tAccount Name:\t\tnisha\n\tAccount Domain:\t\tDESKTOP-HLQBJKB\n\tLogon ID:\t\t0x52770\n\tRead Operation:\t\tEnumerate Credentials\n\nThis event occurs when a user performs a read operation on stored credentials in Credential Manager.","host":{"name":"DESKTOP-HLQBJKB"},"winlog":{"provider_name":"Microsoft-Windows-Security-Auditing","event_data":{"Type":"0","ReturnCode":"0","ReadOperation":"%%8100","ClientProcessId":"6400","SubjectUserName":"nisha","SubjectLogonId":"0x52770","TargetName":"MicrosoftAccount:user=nishanthsenthil200@gmail.com","SubjectDomainName":"DESKTOP-HLQBJKB","CountOfCredentialsReturned":"1","ProcessCreationTime":"2025-01-06T07:16:09.3254568Z","SubjectUserSid":"S-1-5-21-3099673246-488862865-489869272-1001"},"api":"wineventlog","record_id":4240,"provider_guid":"{54849625-5478-4994-a5ba-3e3b0328c30d}","task":"User Account Management","activity_id":"{8093e13c-6079-0002-5be1-93807960db01}","process":{"pid":728,"thread":{"id":4524}},"channel":"Security","keywords":["Audit Success"],"computer_name":"DESKTOP-HLQBJKB","opcode":"Info","event_id":"5379"},"event":{"code":"5379","kind":"event","provider":"Microsoft-Windows-Security-Auditing","outcome":"success","action":"User Account Management","created":"2025-02-01T09:15:16.516Z"},"log":{"file":{"path":"C:\\Users\\admin\\Downloads\\logs\\security.evtx"},"level":"information"},"ecs":{"version":"8.0.0"},"agent":{"name":"ADMINWI-4CVRMD2","type":"winlogbeat","version":"8.12.1","ephemeral_id":"55790eb9-6b77-4bbe-8dbd-6808a3347bc0","id":"cd972b96-3be8-47d8-a5c2-01b90907ebe2"}}
{"@timestamp":"2025-01-06T07:16:09.849Z","@metadata":{"beat":"winlogbeat","type":"_doc","version":"8.12.1"},"host":{"name":"DESKTOP-HLQBJKB"},"ecs":{"version":"8.0.0"},"agent":{"ephemeral_id":"55790eb9-6b77-4bbe-8dbd-6808a3347bc0","id":"cd972b96-3be8-47d8-a5c2-01b90907ebe2","name":"ADMINWI-4CVRMD2","type":"winlogbeat","version":"8.12.1"},"winlog":{"activity_id":"{8093e13c-6079-0002-5be1-93807960db01}","record_id":4241,"provider_name":"Microsoft-Windows-Security-Auditing","task":"User Account Management","opcode":"Info","keywords":["Audit Success"],"provider_guid":"{54849625-5478-4994-a5ba-3e3b0328c30d}","computer_name":"DESKTOP-HLQBJKB","api":"wineventlog","event_data":{"SubjectLogonId":"0x52770","CountOfCredentialsReturned":"1","TargetName":"MicrosoftAccount:user=nishanthsenthil200@gmail.com","Type":"0","ReadOperation":"%%8100","ReturnCode":"0","ProcessCreationTime":"2025-01-06T07:16:09.3254568Z","SubjectDomainName":"DESKTOP-HLQBJKB","ClientProcessId":"6400","SubjectUserSid":"S-1-5-21-3099673246-488862865-489869272-1001","SubjectUserName":"nisha"},"process":{"pid":728,"thread":{"id":4524}},"channel":"Security","event_id":"5379"},"event":{"provider":"Microsoft-Windows-Security-Auditing","outcome":"success","action":"User Account Management","created":"2025-02-01T09:15:16.516Z","code":"5379","kind":"event"},"log":{"level":"information","file":{"path":"C:\\Users\\admin\\Downloads\\logs\\security.evtx"}},"message":"Credential Manager credentials were read.\n\nSubject:\n\tSecurity ID:\t\tS-1-5-21-3099673246-488862865-489869272-1001\n\tAccount Name:\t\tnisha\n\tAccount Domain:\t\tDESKTOP-HLQBJKB\n\tLogon ID:\t\t0x52770\n\tRead Operation:\t\tEnumerate Credentials\n\nThis event occurs when a user performs a read operation on stored credentials in Credential Manager."}
{"@timestamp":"2025-01-06T07:16:09.849Z","@metadata":{"beat":"winlogbeat","type":"_doc","version":"8.12.1"},"message":"Credential Manager credentials were read.\n\nSubject:\n\tSecurity ID:\t\tS-1-5-21-3099673246-488862865-489869272-1001\n\tAccount Name:\t\tnisha\n\tAccount Domain:\t\tDESKTOP-HLQBJKB\n\tLogon ID:\t\t0x52770\n\tRead Operation:\t\tEnumerate Credentials\n\nThis event occurs when a user performs a read operation on stored credentials in Credential Manager.","host":{"name":"DESKTOP-HLQBJKB"},"ecs":{"version":"8.0.0"},"agent":{"id":"cd972b96-3be8-47d8-a5c2-01b90907ebe2","name":"ADMINWI-4CVRMD2","type":"winlogbeat","version":"8.12.1","ephemeral_id":"55790eb9-6b77-4bbe-8dbd-6808a3347bc0"},"winlog":{"activity_id":"{8093e13c-6079-0002-5be1-93807960db01}","record_id":4242,"keywords":["Audit Success"],"opcode":"Info","channel":"Security","task":"User Account Management","api":"wineventlog","event_data":{"SubjectDomainName":"DESKTOP-HLQBJKB","CountOfCredentialsReturned":"1","ProcessCreationTime":"2025-01-06T07:16:09.3254568Z","SubjectUserSid":"S-1-5-21-3099673246-488862865-489869272-1001","SubjectLogonId":"0x52770","TargetName":"MicrosoftAccount:user=nishanthsenthil200@gmail.com","ReturnCode":"0","SubjectUserName":"nisha","ReadOperation":"%%8100","ClientProcessId":"6400","Type":"0"},"event_id":"5379","process":{"pid":728,"thread":{"id":4524}},"provider_guid":"{54849625-5478-4994-a5ba-3e3b0328c30d}","provider_name":"Microsoft-Windows-Security-Auditing","computer_name":"DESKTOP-HLQBJKB"},"event":{"code":"5379","kind":"event","provider":"Microsoft-Windows-Security-Auditing","outcome":"success","action":"User Account Management","created":"2025-02-01T09:15:16.516Z"},"log":{"level":"information","file":{"path":"C:\\Users\\admin\\Downloads\\logs\\security.evtx"}}}
{"@timestamp":"2025-01-06T07:16:09.850Z","@metadata":{"beat":"winlogbeat","type":"_doc","version":"8.12.1"},"message":"Credential Manager credentials were read.\n\nSubject:\n\tSecurity ID:\t\tS-1-5-21-3099673246-488862865-489869272-1001\n\tAccount Name:\t\tnisha\n\tAccount Domain:\t\tDESKTOP-HLQBJKB\n\tLogon ID:\t\t0x52770\n\tRead Operation:\t\tEnumerate Credentials\n\nThis event occurs when a user performs a read operation on stored credentials in Credential Manager.","host":{"name":"DESKTOP-HLQBJKB"},"winlog":{"keywords":["Audit Success"],"activity_id":"{8093e13c-6079-0002-5be1-93807960db01}","computer_name":"DESKTOP-HLQBJKB","record_id":4243,"provider_guid":"{54849625-5478-4994-a5ba-3e3b0328c30d}","event_data":{"SubjectUserName":"nisha","CountOfCredentialsReturned":"1","SubjectUserSid":"S-1-5-21-3099673246-488862865-489869272-1001","ReadOperation":"%%8100","ClientProcessId":"6400","ReturnCode":"0","SubjectDomainName":"DESKTOP-HLQBJKB","SubjectLogonId":"0x52770","TargetName":"MicrosoftAccount:user=nishanthsenthil200@gmail.com","Type":"0","ProcessCreationTime":"2025-01-06T07:16:09.3254568Z"},"opcode":"Info","task":"User Account Management","provider_name":"Microsoft-Windows-Security-Auditing","process":{"pid":728,"thread":{"id":4524}},"event_id":"5379","channel":"Security","api":"wineventlog"},"event":{"code":"5379","kind":"event","provider":"Microsoft-Windows-Security-Auditing","outcome":"success","action":"User Account Management","created":"2025-02-01T09:15:16.516Z"},"log":{"level":"information","file":{"path":"C:\\Users\\admin\\Downloads\\logs\\security.evtx"}},"ecs":{"version":"8.0.0"},"agent":{"type":"winlogbeat","version":"8.12.1","ephemeral_id":"55790eb9-6b77-4bbe-8dbd-6808a3347bc0","id":"cd972b96-3be8-47d8-a5c2-01b90907ebe2","name":"ADMINWI-4CVRMD2"}}
{"@timestamp":"2025-01-06T07:16:09.850Z","@metadata":{"beat":"winlogbeat","type":"_doc","version":"8.12.1"},"winlog":{"record_id":4244,"task":"User Account Management","api":"wineventlog","provider_guid":"{54849625-5478-4994-a5ba-3e3b0328c30d}","process":{"pid":728,"thread":{"id":4524}},"keywords":["Audit Success"],"opcode":"Info","provider_name":"Microsoft-Windows-Security-Auditing","computer_name":"DESKTOP-HLQBJKB","activity_id":"{8093e13c-6079-0002-5be1-93807960db01}","channel":"Security","event_data":{"SubjectUserSid":"S-1-5-21-3099673246-488862865-489869272-1001","TargetName":"MicrosoftAccount:user=nishanthsenthil200@gmail.com","ClientProcessId":"6400","SubjectUserName":"nisha","SubjectDomainName":"DESKTOP-HLQBJKB","SubjectLogonId":"0x52770","ReadOperation":"%%8100","Type":"0","CountOfCredentialsReturned":"1","ReturnCode":"0","ProcessCreationTime":"2025-01-06T07:16:09.3254568Z"},"event_id":"5379"},"event":{"action":"User Account Management","created":"2025-02-01T09:15:16.516Z","code":"5379","kind":"event","provider":"Microsoft-Windows-Security-Auditing","outcome":"success"},"log":{"level":"information","file":{"path":"C:\\Users\\admin\\Downloads\\logs\\security.evtx"}},"message":"Credential Manager credentials were read.\n\nSubject:\n\tSecurity ID:\t\tS-1-5-21-3099673246-488862865-489869272-1001\n\tAccount Name:\t\tnisha\n\tAccount Domain:\t\tDESKTOP-HLQBJKB\n\tLogon ID:\t\t0x52770\n\tRead Operation:\t\tEnumerate Credentials\n\nThis event occurs when a user performs a read operation on stored credentials in Credential Manager.","host":{"name":"DESKTOP-HLQBJKB"},"ecs":{"version":"8.0.0"},"agent":{"name":"ADMINWI-4CVRMD2","type":"winlogbeat","version":"8.12.1","ephemeral_id":"55790eb9-6b77-4bbe-8dbd-6808a3347bc0","id":"cd972b96-3be8-47d8-a5c2-01b90907ebe2"}}
{"@timestamp":"2025-01-06T07:16:09.850Z","@metadata":{"beat":"winlogbeat","type":"_doc","version":"8.12.1"},"agent":{"id":"cd972b96-3be8-47d8-a5c2-01b90907ebe2","name":"ADMINWI-4CVRMD2","type":"winlogbeat","version":"8.12.1","ephemeral_id":"55790eb9-6b77-4bbe-8dbd-6808a3347bc0"},"winlog":{"event_data":{"ReadOperation":"%%8100","ClientProcessId":"6400","SubjectUserSid":"S-1-5-21-3099673246-488862865-489869272-1001","Type":"0","ProcessCreationTime":"2025-01-06T07:16:09.3254568Z","TargetName":"MicrosoftAccount:user=nishanthsenthil200@gmail.com","ReturnCode":"0","SubjectLogonId":"0x52770","CountOfCredentialsReturned":"1","SubjectUserName":"nisha","SubjectDomainName":"DESKTOP-HLQBJKB"},"api":"wineventlog","channel":"Security","record_id":4245,"keywords":["Audit Success"],"provider_guid":"{54849625-5478-4994-a5ba-3e3b0328c30d}","provider_name":"Microsoft-Windows-Security-Auditing","task":"User Account Management","event_id":"5379","activity_id":"{8093e13c-6079-0002-5be1-93807960db01}","computer_name":"DESKTOP-HLQBJKB","process":{"thread":{"id":4524},"pid":728},"opcode":"Info"},"event":{"kind":"event","provider":"Microsoft-Windows-Security-Auditing","outcome":"success","action":"User Account Management","created":"2025-02-01T09:15:16.516Z","code":"5379"},"log":{"file":{"path":"C:\\Users\\admin\\Downloads\\logs\\security.evtx"},"level":"information"},"message":"Credential Manager credentials were read.\n\nSubject:\n\tSecurity ID:\t\tS-1-5-21-3099673246-488862865-489869272-1001\n\tAccount Name:\t\tnisha\n\tAccount Domain:\t\tDESKTOP-HLQBJKB\n\tLogon ID:\t\t0x52770\n\tRead Operation:\t\tEnumerate Credentials\n\nThis event occurs when a user performs a read operation on stored credentials in Credential Manager.","host":{"name":"DESKTOP-HLQBJKB"},"ecs":{"version":"8.0.0"}}
{"@timestamp":"2025-01-06T07:16:09.851Z","@metadata":{"beat":"winlogbeat","type":"_doc","version":"8.12.1"},"winlog":{"event_id":"5379","provider_name":"Microsoft-Windows-Security-Auditing","record_id":4246,"api":"wineventlog","keywords":["Audit Success"],"provider_guid":"{54849625-5478-4994-a5ba-3e3b0328c30d}","event_data":{"SubjectUserSid":"S-1-5-21-3099673246-488862865-489869272-1001","Type":"0","ClientProcessId":"6400","ReturnCode":"0","SubjectLogonId":"0x52770","TargetName":"MicrosoftAccount:user=nishanthsenthil200@gmail.com","ProcessCreationTime":"2025-01-06T07:16:09.3254568Z","SubjectUserName":"nisha","SubjectDomainName":"DESKTOP-HLQBJKB","CountOfCredentialsReturned":"1","ReadOperation":"%%8100"},"activity_id":"{8093e13c-6079-0002-5be1-93807960db01}","opcode":"Info","process":{"pid":728,"thread":{"id":4524}},"computer_name":"DESKTOP-HLQBJKB","channel":"Security","task":"User Account Management"},"event":{"provider":"Microsoft-Windows-Security-Auditing","outcome":"success","action":"User Account Management","created":"2025-02-01T09:15:16.516Z","code":"5379","kind":"event"},"log":{"level":"information","file":{"path":"C:\\Users\\admin\\Downloads\\logs\\security.evtx"}},"message":"Credential Manager credentials were read.\n\nSubject:\n\tSecurity ID:\t\tS-1-5-21-3099673246-488862865-489869272-1001\n\tAccount Name:\t\tnisha\n\tAccount Domain:\t\tDESKTOP-HLQBJKB\n\tLogon ID:\t\t0x52770\n\tRead Operation:\t\tEnumerate Credentials\n\nThis event occurs when a user performs a read operation on stored credentials in Credential Manager.","host":{"name":"DESKTOP-HLQBJKB"},"ecs":{"version":"8.0.0"},"agent":{"name":"ADMINWI-4CVRMD2","type":"winlogbeat","version":"8.12.1","ephemeral_id":"55790eb9-6b77-4bbe-8dbd-6808a3347bc0","id":"cd972b96-3be8-47d8-a5c2-01b90907ebe2"}}
{"@timestamp":"2025-01-06T07:16:09.851Z","@metadata":{"beat":"winlogbeat","type":"_doc","version":"8.12.1"},"winlog":{"computer_name":"DESKTOP-HLQBJKB","activity_id":"{8093e13c-6079-0002-5be1-93807960db01}","record_id":4247,"event_data":{"SubjectLogonId":"0x52770","TargetName":"MicrosoftAccount:user=nishanthsenthil200@gmail.com","Type":"0","SubjectUserName":"nisha","ReturnCode":"0","CountOfCredentialsReturned":"1","ReadOperation":"%%8100","ClientProcessId":"6400","SubjectUserSid":"S-1-5-21-3099673246-488862865-489869272-1001","SubjectDomainName":"DESKTOP-HLQBJKB","ProcessCreationTime":"2025-01-06T07:16:09.3254568Z"},"event_id":"5379","api":"wineventlog","provider_guid":"{54849625-5478-4994-a5ba-3e3b0328c30d}","task":"User Account Management","keywords":["Audit Success"],"provider_name":"Microsoft-Windows-Security-Auditing","process":{"pid":728,"thread":{"id":4524}},"channel":"Security","opcode":"Info"},"event":{"kind":"event","provider":"Microsoft-Windows-Security-Auditing","outcome":"success","action":"User Account Management","created":"2025-02-01T09:15:16.516Z","code":"5379"},"log":{"file":{"path":"C:\\Users\\admin\\Downloads\\logs\\security.evtx"},"level":"information"},"message":"Credential Manager credentials were read.\n\nSubject:\n\tSecurity ID:\t\tS-1-5-21-3099673246-488862865-489869272-1001\n\tAccount Name:\t\tnisha\n\tAccount Domain:\t\tDESKTOP-HLQBJKB\n\tLogon ID:\t\t0x52770\n\tRead Operation:\t\tEnumerate Credentials\n\nThis event occurs when a user performs a read operation on stored credentials in Credential Manager.","host":{"name":"DESKTOP-HLQBJKB"},"ecs":{"version":"8.0.0"},"agent":{"ephemeral_id":"55790eb9-6b77-4bbe-8dbd-6808a3347bc0","id":"cd972b96-3be8-47d8-a5c2-01b90907ebe2","name":"ADMINWI-4CVRMD2","type":"winlogbeat","version":"8.12.1"}}
{"@timestamp":"2025-01-06T07:16:09.851Z","@metadata":{"beat":"winlogbeat","type":"_doc","version":"8.12.1"},"agent":{"id":"cd972b96-3be8-47d8-a5c2-01b90907ebe2","name":"ADMINWI-4CVRMD2","type":"winlogbeat","version":"8.12.1","ephemeral_id":"55790eb9-6b77-4bbe-8dbd-6808a3347bc0"},"ecs":{"version":"8.0.0"},"log":{"level":"information","file":{"path":"C:\\Users\\admin\\Downloads\\logs\\security.evtx"}},"message":"Credential Manager credentials were read.\n\nSubject:\n\tSecurity ID:\t\tS-1-5-21-3099673246-488862865-489869272-1001\n\tAccount Name:\t\tnisha\n\tAccount Domain:\t\tDESKTOP-HLQBJKB\n\tLogon ID:\t\t0x52770\n\tRead Operation:\t\tEnumerate Credentials\n\nThis event occurs when a user performs a read operation on stored credentials in Credential Manager.","host":{"name":"DESKTOP-HLQBJKB"},"winlog":{"channel":"Security","provider_name":"Microsoft-Windows-Security-Auditing","record_id":4248,"activity_id":"{8093e13c-6079-0002-5be1-93807960db01}","process":{"thread":{"id":4524},"pid":728},"keywords":["Audit Success"],"opcode":"Info","api":"wineventlog","provider_guid":"{54849625-5478-4994-a5ba-3e3b0328c30d}","task":"User Account Management","event_data":{"ReturnCode":"0","Type":"0","ReadOperation":"%%8100","ClientProcessId":"6400","SubjectLogonId":"0x52770","TargetName":"MicrosoftAccount:user=nishanthsenthil200@gmail.com","SubjectUserSid":"S-1-5-21-3099673246-488862865-489869272-1001","ProcessCreationTime":"2025-01-06T07:16:09.3254568Z","SubjectUserName":"nisha","SubjectDomainName":"DESKTOP-HLQBJKB","CountOfCredentialsReturned":"1"},"event_id":"5379","computer_name":"DESKTOP-HLQBJKB"},"event":{"outcome":"success","action":"User Account Management","created":"2025-02-01T09:15:16.516Z","code":"5379","kind":"event","provider":"Microsoft-Windows-Security-Auditing"}}
